<?xml version="1.0" encoding="UTF-8"?>
<testsuite name="[Riot API] 테스트" tests="3" skipped="0" failures="0" errors="0" timestamp="2024-10-08T13:30:03" hostname="louis5103.local" time="1.037">
  <properties/>
  <testcase name="puuid 검색 - 정상 유저 요청" classname="com.tools.seoultech.timoproject.service.BasicAPIServiceTest" time="0.914"/>
  <testcase name="puuid 검색 - 공백 유저 데이터 요청" classname="com.tools.seoultech.timoproject.service.BasicAPIServiceTest" time="0.016"/>
  <testcase name="puuid 검색 - 존재하지 않는 유저 데이터 요청" classname="com.tools.seoultech.timoproject.service.BasicAPIServiceTest" time="0.103"/>
  <system-out><![CDATA[2024-10-08T22:30:03.147+09:00 DEBUG 95222 --- [TimoProject] [    Test worker] .b.t.c.SpringBootTestContextBootstrapper : Neither @ContextConfiguration nor @ContextHierarchy found for test class [BasicAPIServiceTest]: using SpringBootContextLoader
2024-10-08T22:30:03.148+09:00  INFO 95222 --- [TimoProject] [    Test worker] t.c.s.AnnotationConfigContextLoaderUtils : Could not detect default configuration classes for test class [com.tools.seoultech.timoproject.service.BasicAPIServiceTest]: BasicAPIServiceTest does not declare any static, non-private, non-final, nested classes annotated with @Configuration.
2024-10-08T22:30:03.148+09:00 DEBUG 95222 --- [TimoProject] [    Test worker] .b.t.c.SpringBootTestContextBootstrapper : Using ContextCustomizerFactory implementations for test class [BasicAPIServiceTest]: [OverrideAutoConfigurationContextCustomizerFactory, ObservabilityContextCustomizerFactory, TypeExcludeFiltersContextCustomizerFactory, PropertyMappingContextCustomizerFactory, WebDriverContextCustomizerFactory, ImportsContextCustomizerFactory, ExcludeFilterContextCustomizerFactory, HttpGraphQlTesterContextCustomizerFactory, DuplicateJsonObjectContextCustomizerFactory, MockitoContextCustomizerFactory, TestRestTemplateContextCustomizerFactory, WebTestClientContextCustomizerFactory, DisableReactorResourceFactoryGlobalResourcesContextCustomizerFactory, MockServerContainerContextCustomizerFactory, DynamicPropertiesContextCustomizerFactory]
2024-10-08T22:30:03.149+09:00 DEBUG 95222 --- [TimoProject] [    Test worker] .b.t.c.SpringBootTestContextBootstrapper : Using ContextCustomizers for test class [BasicAPIServiceTest]: [DisableObservabilityContextCustomizer, PropertyMappingContextCustomizer, WebDriverContextCustomizer, ExcludeFilterContextCustomizer, DuplicateJsonObjectContextCustomizer, MockitoContextCustomizer, TestRestTemplateContextCustomizer, DisableReactorResourceFactoryGlobalResourcesContextCustomizerCustomizer]
2024-10-08T22:30:03.152+09:00  INFO 95222 --- [TimoProject] [    Test worker] .b.t.c.SpringBootTestContextBootstrapper : Found @SpringBootConfiguration com.tools.seoultech.timoproject.TimoProjectApplication for test class com.tools.seoultech.timoproject.service.BasicAPIServiceTest
2024-10-08T22:30:03.153+09:00 DEBUG 95222 --- [TimoProject] [    Test worker] .b.t.c.SpringBootTestContextBootstrapper : Using TestExecutionListeners for test class [BasicAPIServiceTest]: [ServletTestExecutionListener, DirtiesContextBeforeModesTestExecutionListener, ApplicationEventsTestExecutionListener, MockitoTestExecutionListener, DependencyInjectionTestExecutionListener, DirtiesContextTestExecutionListener, TransactionalTestExecutionListener, SqlScriptsTestExecutionListener, EventPublishingTestExecutionListener, RestDocsTestExecutionListener, MockRestServiceServerResetTestExecutionListener, MockMvcPrintOnlyOnFailureTestExecutionListener, WebDriverTestExecutionListener, MockWebServiceServerTestExecutionListener, ResetMocksTestExecutionListener]
2024-10-08T22:30:04.190+09:00  INFO 95222 --- [TimoProject] [    Test worker] c.t.s.t.service.BasicAPIService          : riot API 예외 처리 - 사용자를 찾을 수 없습니다.
]]></system-out>
  <system-err><![CDATA[]]></system-err>
</testsuite>
