<?xml version="1.0" encoding="UTF-8"?>
<testsuite name="com.tools.seoultech.timoproject.repository.PostRepositoryTest" tests="1" skipped="0" failures="0" errors="0" timestamp="2024-11-10T13:54:13" hostname="louis5103.local" time="1.683">
  <properties/>
  <testcase name="insertDummies()" classname="com.tools.seoultech.timoproject.repository.PostRepositoryTest" time="1.683"/>
  <system-out><![CDATA[22:54:10.587 [Test worker] INFO org.springframework.test.context.support.AnnotationConfigContextLoaderUtils -- Could not detect default configuration classes for test class [com.tools.seoultech.timoproject.repository.PostRepositoryTest]: PostRepositoryTest does not declare any static, non-private, non-final, nested classes annotated with @Configuration.
22:54:10.668 [Test worker] INFO org.springframework.boot.test.context.SpringBootTestContextBootstrapper -- Found @SpringBootConfiguration com.tools.seoultech.timoproject.TimoProjectApplication for test class com.tools.seoultech.timoproject.repository.PostRepositoryTest

  .   ____          _            __ _ _
 /\\ / ___'_ __ _ _(_)_ __  __ _ \ \ \ \
( ( )\___ | '_ | '_| | '_ \/ _` | \ \ \ \
 \\/  ___)| |_)| | | | | || (_| |  ) ) ) )
  '  |____| .__|_| |_|_| |_\__, | / / / /
 =========|_|==============|___/=/_/_/_/

 :: Spring Boot ::                (v3.3.5)

2024-11-10T22:54:10.904+09:00  INFO 4081 --- [TimoProject] [    Test worker] c.t.s.t.repository.PostRepositoryTest    : Starting PostRepositoryTest using Java 23 with PID 4081 (started by imsang-u in /Users/imsang-u/Desktop/Timo.GG/TimoProject)
2024-11-10T22:54:10.905+09:00  INFO 4081 --- [TimoProject] [    Test worker] c.t.s.t.repository.PostRepositoryTest    : No active profile set, falling back to 1 default profile: "default"
2024-11-10T22:54:10.905+09:00 DEBUG 4081 --- [TimoProject] [    Test worker] o.s.boot.SpringApplication               : Loading source class com.tools.seoultech.timoproject.TimoProjectApplication
2024-11-10T22:54:10.924+09:00 DEBUG 4081 --- [TimoProject] [    Test worker] o.s.w.c.s.GenericWebApplicationContext   : Refreshing org.springframework.web.context.support.GenericWebApplicationContext@4443ef6f
2024-11-10T22:54:11.447+09:00  INFO 4081 --- [TimoProject] [    Test worker] .s.d.r.c.RepositoryConfigurationDelegate : Bootstrapping Spring Data JPA repositories in DEFAULT mode.
2024-11-10T22:54:11.462+09:00 DEBUG 4081 --- [TimoProject] [    Test worker] o.s.b.a.AutoConfigurationPackages        : @EnableAutoConfiguration was declared on a class in the package 'com.tools.seoultech.timoproject'. Automatic @Repository and @Entity scanning is enabled.
2024-11-10T22:54:11.553+09:00  INFO 4081 --- [TimoProject] [    Test worker] .s.d.r.c.RepositoryConfigurationDelegate : Finished Spring Data repository scanning in 100 ms. Found 1 JPA repository interface.
2024-11-10T22:54:11.970+09:00  INFO 4081 --- [TimoProject] [    Test worker] o.hibernate.jpa.internal.util.LogHelper  : HHH000204: Processing PersistenceUnitInfo [name: default]
2024-11-10T22:54:12.007+09:00  INFO 4081 --- [TimoProject] [    Test worker] org.hibernate.Version                    : HHH000412: Hibernate ORM core version 6.5.3.Final
2024-11-10T22:54:12.027+09:00  INFO 4081 --- [TimoProject] [    Test worker] o.h.c.internal.RegionFactoryInitiator    : HHH000026: Second-level cache disabled
2024-11-10T22:54:12.215+09:00  INFO 4081 --- [TimoProject] [    Test worker] o.s.o.j.p.SpringPersistenceUnitInfo      : No LoadTimeWeaver setup: ignoring JPA class transformer
2024-11-10T22:54:12.234+09:00  INFO 4081 --- [TimoProject] [    Test worker] com.zaxxer.hikari.HikariDataSource       : HikariPool-1 - Starting...
2024-11-10T22:54:12.294+09:00  INFO 4081 --- [TimoProject] [    Test worker] com.zaxxer.hikari.pool.HikariPool        : HikariPool-1 - Added connection org.mariadb.jdbc.Connection@77e6761f
2024-11-10T22:54:12.296+09:00  INFO 4081 --- [TimoProject] [    Test worker] com.zaxxer.hikari.HikariDataSource       : HikariPool-1 - Start completed.
2024-11-10T22:54:12.865+09:00  INFO 4081 --- [TimoProject] [    Test worker] o.h.e.t.j.p.i.JtaPlatformInitiator       : HHH000489: No JTA platform available (set 'hibernate.transaction.jta.platform' to enable JTA platform integration)
2024-11-10T22:54:12.891+09:00 DEBUG 4081 --- [TimoProject] [    Test worker] org.hibernate.SQL                        : 
    create table post (
        id bigint not null auto_increment,
        moddate datetime(6),
        regdate datetime(6),
        content varchar(1500) not null,
        title varchar(100) not null,
        writer varchar(50) not null,
        primary key (id)
    ) engine=InnoDB
Hibernate: 
    create table post (
        id bigint not null auto_increment,
        moddate datetime(6),
        regdate datetime(6),
        content varchar(1500) not null,
        title varchar(100) not null,
        writer varchar(50) not null,
        primary key (id)
    ) engine=InnoDB
2024-11-10T22:54:12.921+09:00  INFO 4081 --- [TimoProject] [    Test worker] j.LocalContainerEntityManagerFactoryBean : Initialized JPA EntityManagerFactory for persistence unit 'default'
2024-11-10T22:54:13.064+09:00 DEBUG 4081 --- [TimoProject] [    Test worker] ySourcesPropertyResolver$DefaultResolver : Found key 'api_key' in PropertySource 'Config resource 'class path resource [application.properties]' via location 'optional:classpath:/'' with value of type String
2024-11-10T22:54:13.369+09:00  WARN 4081 --- [TimoProject] [    Test worker] JpaBaseConfiguration$JpaWebConfiguration : spring.jpa.open-in-view is enabled by default. Therefore, database queries may be performed during view rendering. Explicitly configure spring.jpa.open-in-view to disable this warning
2024-11-10T22:54:13.572+09:00  INFO 4081 --- [TimoProject] [    Test worker] o.s.b.a.w.s.WelcomePageHandlerMapping    : Adding welcome page template: index
2024-11-10T22:54:13.610+09:00 DEBUG 4081 --- [TimoProject] [    Test worker] s.w.s.m.m.a.RequestMappingHandlerMapping : 8 mappings in 'requestMappingHandlerMapping'
2024-11-10T22:54:13.688+09:00 DEBUG 4081 --- [TimoProject] [    Test worker] o.s.w.s.handler.SimpleUrlHandlerMapping  : Patterns [/webjars/**, /**] in 'resourceHandlerMapping'
2024-11-10T22:54:13.720+09:00 DEBUG 4081 --- [TimoProject] [    Test worker] s.w.s.m.m.a.RequestMappingHandlerAdapter : ControllerAdvice beans: 0 @ModelAttribute, 0 @InitBinder, 1 RequestBodyAdvice, 1 ResponseBodyAdvice
2024-11-10T22:54:13.741+09:00 DEBUG 4081 --- [TimoProject] [    Test worker] .m.m.a.ExceptionHandlerExceptionResolver : ControllerAdvice beans: 3 @ExceptionHandler, 1 ResponseBodyAdvice
2024-11-10T22:54:13.762+09:00 DEBUG 4081 --- [TimoProject] [    Test worker] .m.m.a.ExceptionHandlerExceptionResolver : ControllerAdvice beans: 3 @ExceptionHandler, 0 ResponseBodyAdvice
2024-11-10T22:54:13.935+09:00 DEBUG 4081 --- [TimoProject] [    Test worker] .s.b.a.l.ConditionEvaluationReportLogger : 


============================
CONDITIONS EVALUATION REPORT
============================


Positive matches:
-----------------

   AopAutoConfiguration matched:
      - @ConditionalOnProperty (spring.aop.auto=true) matched (OnPropertyCondition)

   AopAutoConfiguration.AspectJAutoProxyingConfiguration matched:
      - @ConditionalOnClass found required class 'org.aspectj.weaver.Advice' (OnClassCondition)

   AopAutoConfiguration.AspectJAutoProxyingConfiguration.CglibAutoProxyConfiguration matched:
      - @ConditionalOnProperty (spring.aop.proxy-target-class=true) matched (OnPropertyCondition)

   ApplicationAvailabilityAutoConfiguration#applicationAvailability matched:
      - @ConditionalOnMissingBean (types: org.springframework.boot.availability.ApplicationAvailability; SearchStrategy: all) did not find any beans (OnBeanCondition)

   DataSourceAutoConfiguration matched:
      - @ConditionalOnClass found required classes 'javax.sql.DataSource', 'org.springframework.jdbc.datasource.embedded.EmbeddedDatabaseType' (OnClassCondition)
      - @ConditionalOnMissingBean (types: io.r2dbc.spi.ConnectionFactory; SearchStrategy: all) did not find any beans (OnBeanCondition)

   DataSourceAutoConfiguration.PooledDataSourceConfiguration matched:
      - AnyNestedCondition 1 matched 1 did not; NestedCondition on DataSourceAutoConfiguration.PooledDataSourceCondition.PooledDataSourceAvailable PooledDataSource found supported DataSource; NestedCondition on DataSourceAutoConfiguration.PooledDataSourceCondition.ExplicitType @ConditionalOnProperty (spring.datasource.type) did not find property 'type' (DataSourceAutoConfiguration.PooledDataSourceCondition)
      - @ConditionalOnMissingBean (types: javax.sql.DataSource,javax.sql.XADataSource; SearchStrategy: all) did not find any beans (OnBeanCondition)

   DataSourceAutoConfiguration.PooledDataSourceConfiguration#jdbcConnectionDetails matched:
      - @ConditionalOnMissingBean (types: org.springframework.boot.autoconfigure.jdbc.JdbcConnectionDetails; SearchStrategy: all) did not find any beans (OnBeanCondition)

   DataSourceConfiguration.Hikari matched:
      - @ConditionalOnClass found required class 'com.zaxxer.hikari.HikariDataSource' (OnClassCondition)
      - @ConditionalOnProperty (spring.datasource.type=com.zaxxer.hikari.HikariDataSource) matched (OnPropertyCondition)
      - @ConditionalOnMissingBean (types: javax.sql.DataSource; SearchStrategy: all) did not find any beans (OnBeanCondition)

   DataSourceInitializationConfiguration matched:
      - @ConditionalOnClass found required class 'org.springframework.jdbc.datasource.init.DatabasePopulator' (OnClassCondition)
      - @ConditionalOnSingleCandidate (types: javax.sql.DataSource; SearchStrategy: all) found a single bean 'dataSource'; @ConditionalOnMissingBean (types: org.springframework.boot.autoconfigure.sql.init.SqlDataSourceScriptDatabaseInitializer,org.springframework.boot.autoconfigure.sql.init.SqlR2dbcScriptDatabaseInitializer; SearchStrategy: all) did not find any beans (OnBeanCondition)

   DataSourcePoolMetadataProvidersConfiguration.HikariPoolDataSourceMetadataProviderConfiguration matched:
      - @ConditionalOnClass found required class 'com.zaxxer.hikari.HikariDataSource' (OnClassCondition)

   DataSourceTransactionManagerAutoConfiguration matched:
      - @ConditionalOnClass found required classes 'javax.sql.DataSource', 'org.springframework.jdbc.core.JdbcTemplate', 'org.springframework.transaction.TransactionManager' (OnClassCondition)

   DataSourceTransactionManagerAutoConfiguration.JdbcTransactionManagerConfiguration matched:
      - @ConditionalOnSingleCandidate (types: javax.sql.DataSource; SearchStrategy: all) found a single bean 'dataSource' (OnBeanCondition)

   DispatcherServletAutoConfiguration matched:
      - @ConditionalOnClass found required class 'org.springframework.web.servlet.DispatcherServlet' (OnClassCondition)
      - found 'session' scope (OnWebApplicationCondition)

   DispatcherServletAutoConfiguration.DispatcherServletConfiguration matched:
      - @ConditionalOnClass found required class 'jakarta.servlet.ServletRegistration' (OnClassCondition)
      - Default DispatcherServlet did not find dispatcher servlet beans (DispatcherServletAutoConfiguration.DefaultDispatcherServletCondition)

   DispatcherServletAutoConfiguration.DispatcherServletRegistrationConfiguration matched:
      - @ConditionalOnClass found required class 'jakarta.servlet.ServletRegistration' (OnClassCondition)
      - DispatcherServlet Registration did not find servlet registration bean (DispatcherServletAutoConfiguration.DispatcherServletRegistrationCondition)

   DispatcherServletAutoConfiguration.DispatcherServletRegistrationConfiguration#dispatcherServletRegistration matched:
      - @ConditionalOnBean (names: dispatcherServlet types: org.springframework.web.servlet.DispatcherServlet; SearchStrategy: all) found bean 'dispatcherServlet' (OnBeanCondition)

   ErrorMvcAutoConfiguration matched:
      - @ConditionalOnClass found required classes 'jakarta.servlet.Servlet', 'org.springframework.web.servlet.DispatcherServlet' (OnClassCondition)
      - found 'session' scope (OnWebApplicationCondition)

   ErrorMvcAutoConfiguration#errorAttributes matched:
      - @ConditionalOnMissingBean (types: org.springframework.boot.web.servlet.error.ErrorAttributes; SearchStrategy: current) did not find any beans (OnBeanCondition)

   ErrorMvcAutoConfiguration.DefaultErrorViewResolverConfiguration#conventionErrorViewResolver matched:
      - @ConditionalOnBean (types: org.springframework.web.servlet.DispatcherServlet; SearchStrategy: all) found bean 'dispatcherServlet'; @ConditionalOnMissingBean (types: org.springframework.boot.autoconfigure.web.servlet.error.ErrorViewResolver; SearchStrategy: all) did not find any beans (OnBeanCondition)

   GenericCacheConfiguration matched:
      - Cache org.springframework.boot.autoconfigure.cache.GenericCacheConfiguration automatic cache type (CacheCondition)

   HibernateJpaAutoConfiguration matched:
      - @ConditionalOnClass found required classes 'org.springframework.orm.jpa.LocalContainerEntityManagerFactoryBean', 'jakarta.persistence.EntityManager', 'org.hibernate.engine.spi.SessionImplementor' (OnClassCondition)

   HibernateJpaConfiguration matched:
      - @ConditionalOnSingleCandidate (types: javax.sql.DataSource; SearchStrategy: all) found a single bean 'dataSource' (OnBeanCondition)

   HttpEncodingAutoConfiguration matched:
      - @ConditionalOnClass found required class 'org.springframework.web.filter.CharacterEncodingFilter' (OnClassCondition)
      - found 'session' scope (OnWebApplicationCondition)
      - @ConditionalOnProperty (server.servlet.encoding.enabled) matched (OnPropertyCondition)

   HttpEncodingAutoConfiguration#characterEncodingFilter matched:
      - @ConditionalOnMissingBean (types: org.springframework.web.filter.CharacterEncodingFilter; SearchStrategy: all) did not find any beans (OnBeanCondition)

   HttpMessageConvertersAutoConfiguration matched:
      - @ConditionalOnClass found required class 'org.springframework.http.converter.HttpMessageConverter' (OnClassCondition)
      - NoneNestedConditions 0 matched 1 did not; NestedCondition on HttpMessageConvertersAutoConfiguration.NotReactiveWebApplicationCondition.ReactiveWebApplication did not find reactive web application classes (HttpMessageConvertersAutoConfiguration.NotReactiveWebApplicationCondition)

   HttpMessageConvertersAutoConfiguration#messageConverters matched:
      - @ConditionalOnMissingBean (types: org.springframework.boot.autoconfigure.http.HttpMessageConverters; SearchStrategy: all) did not find any beans (OnBeanCondition)

   HttpMessageConvertersAutoConfiguration.StringHttpMessageConverterConfiguration matched:
      - @ConditionalOnClass found required class 'org.springframework.http.converter.StringHttpMessageConverter' (OnClassCondition)

   HttpMessageConvertersAutoConfiguration.StringHttpMessageConverterConfiguration#stringHttpMessageConverter matched:
      - @ConditionalOnMissingBean (types: org.springframework.http.converter.StringHttpMessageConverter; SearchStrategy: all) did not find any beans (OnBeanCondition)

   HypermediaAutoConfiguration matched:
      - @ConditionalOnClass found required classes 'org.springframework.hateoas.EntityModel', 'org.springframework.web.bind.annotation.RequestMapping', 'org.springframework.web.servlet.mvc.method.annotation.RequestMappingHandlerAdapter', 'org.springframework.plugin.core.Plugin' (OnClassCondition)
      - @ConditionalOnWebApplication (required) found 'session' scope (OnWebApplicationCondition)

   HypermediaAutoConfiguration#applicationJsonHalConfiguration matched:
      - @ConditionalOnClass found required class 'com.fasterxml.jackson.databind.ObjectMapper' (OnClassCondition)
      - @ConditionalOnProperty (spring.hateoas.use-hal-as-default-json-media-type) matched (OnPropertyCondition)
      - @ConditionalOnMissingBean (types: org.springframework.hateoas.mediatype.hal.HalConfiguration; SearchStrategy: all) did not find any beans (OnBeanCondition)

   JacksonAutoConfiguration matched:
      - @ConditionalOnClass found required class 'com.fasterxml.jackson.databind.ObjectMapper' (OnClassCondition)

   JacksonAutoConfiguration.Jackson2ObjectMapperBuilderCustomizerConfiguration matched:
      - @ConditionalOnClass found required class 'org.springframework.http.converter.json.Jackson2ObjectMapperBuilder' (OnClassCondition)

   JacksonAutoConfiguration.JacksonObjectMapperBuilderConfiguration matched:
      - @ConditionalOnClass found required class 'org.springframework.http.converter.json.Jackson2ObjectMapperBuilder' (OnClassCondition)

   JacksonAutoConfiguration.JacksonObjectMapperBuilderConfiguration#jacksonObjectMapperBuilder matched:
      - @ConditionalOnMissingBean (types: org.springframework.http.converter.json.Jackson2ObjectMapperBuilder; SearchStrategy: all) did not find any beans (OnBeanCondition)

   JacksonAutoConfiguration.JacksonObjectMapperConfiguration matched:
      - @ConditionalOnClass found required class 'org.springframework.http.converter.json.Jackson2ObjectMapperBuilder' (OnClassCondition)

   JacksonAutoConfiguration.JacksonObjectMapperConfiguration#jacksonObjectMapper matched:
      - @ConditionalOnMissingBean (types: com.fasterxml.jackson.databind.ObjectMapper; SearchStrategy: all) did not find any beans (OnBeanCondition)

   JacksonAutoConfiguration.ParameterNamesModuleConfiguration matched:
      - @ConditionalOnClass found required class 'com.fasterxml.jackson.module.paramnames.ParameterNamesModule' (OnClassCondition)

   JacksonAutoConfiguration.ParameterNamesModuleConfiguration#parameterNamesModule matched:
      - @ConditionalOnMissingBean (types: com.fasterxml.jackson.module.paramnames.ParameterNamesModule; SearchStrategy: all) did not find any beans (OnBeanCondition)

   JacksonHttpMessageConvertersConfiguration.MappingJackson2HttpMessageConverterConfiguration matched:
      - @ConditionalOnClass found required class 'com.fasterxml.jackson.databind.ObjectMapper' (OnClassCondition)
      - @ConditionalOnProperty (spring.mvc.converters.preferred-json-mapper=jackson) matched (OnPropertyCondition)
      - @ConditionalOnBean (types: com.fasterxml.jackson.databind.ObjectMapper; SearchStrategy: all) found bean 'jacksonObjectMapper' (OnBeanCondition)

   JacksonHttpMessageConvertersConfiguration.MappingJackson2HttpMessageConverterConfiguration#mappingJackson2HttpMessageConverter matched:
      - @ConditionalOnMissingBean (types: org.springframework.http.converter.json.MappingJackson2HttpMessageConverter ignored: org.springframework.hateoas.server.mvc.TypeConstrainedMappingJackson2HttpMessageConverter,org.springframework.data.rest.webmvc.alps.AlpsJsonHttpMessageConverter; SearchStrategy: all) did not find any beans (OnBeanCondition)

   JdbcClientAutoConfiguration matched:
      - @ConditionalOnSingleCandidate (types: org.springframework.jdbc.core.namedparam.NamedParameterJdbcTemplate; SearchStrategy: all) found a single bean 'namedParameterJdbcTemplate'; @ConditionalOnMissingBean (types: org.springframework.jdbc.core.simple.JdbcClient; SearchStrategy: all) did not find any beans (OnBeanCondition)

   JdbcTemplateAutoConfiguration matched:
      - @ConditionalOnClass found required classes 'javax.sql.DataSource', 'org.springframework.jdbc.core.JdbcTemplate' (OnClassCondition)
      - @ConditionalOnSingleCandidate (types: javax.sql.DataSource; SearchStrategy: all) found a single bean 'dataSource' (OnBeanCondition)

   JdbcTemplateConfiguration matched:
      - @ConditionalOnMissingBean (types: org.springframework.jdbc.core.JdbcOperations; SearchStrategy: all) did not find any beans (OnBeanCondition)

   JpaBaseConfiguration#entityManagerFactory matched:
      - @ConditionalOnMissingBean (types: org.springframework.orm.jpa.LocalContainerEntityManagerFactoryBean,jakarta.persistence.EntityManagerFactory; SearchStrategy: all) did not find any beans (OnBeanCondition)

   JpaBaseConfiguration#entityManagerFactoryBuilder matched:
      - @ConditionalOnMissingBean (types: org.springframework.boot.orm.jpa.EntityManagerFactoryBuilder; SearchStrategy: all) did not find any beans (OnBeanCondition)

   JpaBaseConfiguration#jpaVendorAdapter matched:
      - @ConditionalOnMissingBean (types: org.springframework.orm.jpa.JpaVendorAdapter; SearchStrategy: all) did not find any beans (OnBeanCondition)

   JpaBaseConfiguration#transactionManager matched:
      - @ConditionalOnMissingBean (types: org.springframework.transaction.TransactionManager; SearchStrategy: all) did not find any beans (OnBeanCondition)

   JpaBaseConfiguration.JpaWebConfiguration matched:
      - @ConditionalOnClass found required class 'org.springframework.web.servlet.config.annotation.WebMvcConfigurer' (OnClassCondition)
      - found 'session' scope (OnWebApplicationCondition)
      - @ConditionalOnProperty (spring.jpa.open-in-view=true) matched (OnPropertyCondition)
      - @ConditionalOnMissingBean (types: org.springframework.orm.jpa.support.OpenEntityManagerInViewInterceptor,org.springframework.orm.jpa.support.OpenEntityManagerInViewFilter; SearchStrategy: all) did not find any beans (OnBeanCondition)

   JpaBaseConfiguration.PersistenceManagedTypesConfiguration matched:
      - @ConditionalOnMissingBean (types: org.springframework.orm.jpa.LocalContainerEntityManagerFactoryBean,jakarta.persistence.EntityManagerFactory; SearchStrategy: all) did not find any beans (OnBeanCondition)

   JpaBaseConfiguration.PersistenceManagedTypesConfiguration#persistenceManagedTypes matched:
      - @ConditionalOnMissingBean (types: org.springframework.orm.jpa.persistenceunit.PersistenceManagedTypes; SearchStrategy: all) did not find any beans (OnBeanCondition)

   JpaRepositoriesAutoConfiguration matched:
      - @ConditionalOnClass found required class 'org.springframework.data.jpa.repository.JpaRepository' (OnClassCondition)
      - @ConditionalOnProperty (spring.data.jpa.repositories.enabled=true) matched (OnPropertyCondition)
      - @ConditionalOnBean (types: javax.sql.DataSource; SearchStrategy: all) found bean 'dataSource'; @ConditionalOnMissingBean (types: org.springframework.data.jpa.repository.support.JpaRepositoryFactoryBean,org.springframework.data.jpa.repository.config.JpaRepositoryConfigExtension; SearchStrategy: all) did not find any beans (OnBeanCondition)

   JtaAutoConfiguration matched:
      - @ConditionalOnClass found required class 'jakarta.transaction.Transaction' (OnClassCondition)
      - @ConditionalOnProperty (spring.jta.enabled) matched (OnPropertyCondition)

   LifecycleAutoConfiguration#defaultLifecycleProcessor matched:
      - @ConditionalOnMissingBean (names: lifecycleProcessor; SearchStrategy: current) did not find any beans (OnBeanCondition)

   MultipartAutoConfiguration matched:
      - @ConditionalOnClass found required classes 'jakarta.servlet.Servlet', 'org.springframework.web.multipart.support.StandardServletMultipartResolver', 'jakarta.servlet.MultipartConfigElement' (OnClassCondition)
      - found 'session' scope (OnWebApplicationCondition)
      - @ConditionalOnProperty (spring.servlet.multipart.enabled) matched (OnPropertyCondition)

   MultipartAutoConfiguration#multipartConfigElement matched:
      - @ConditionalOnMissingBean (types: jakarta.servlet.MultipartConfigElement; SearchStrategy: all) did not find any beans (OnBeanCondition)

   MultipartAutoConfiguration#multipartResolver matched:
      - @ConditionalOnMissingBean (types: org.springframework.web.multipart.MultipartResolver; SearchStrategy: all) did not find any beans (OnBeanCondition)

   NamedParameterJdbcTemplateConfiguration matched:
      - @ConditionalOnSingleCandidate (types: org.springframework.jdbc.core.JdbcTemplate; SearchStrategy: all) found a single bean 'jdbcTemplate'; @ConditionalOnMissingBean (types: org.springframework.jdbc.core.namedparam.NamedParameterJdbcOperations; SearchStrategy: all) did not find any beans (OnBeanCondition)

   NoOpCacheConfiguration matched:
      - Cache org.springframework.boot.autoconfigure.cache.NoOpCacheConfiguration automatic cache type (CacheCondition)

   PersistenceExceptionTranslationAutoConfiguration matched:
      - @ConditionalOnClass found required class 'org.springframework.dao.annotation.PersistenceExceptionTranslationPostProcessor' (OnClassCondition)

   PersistenceExceptionTranslationAutoConfiguration#persistenceExceptionTranslationPostProcessor matched:
      - @ConditionalOnProperty (spring.dao.exceptiontranslation.enabled) matched (OnPropertyCondition)
      - @ConditionalOnMissingBean (types: org.springframework.dao.annotation.PersistenceExceptionTranslationPostProcessor; SearchStrategy: all) did not find any beans (OnBeanCondition)

   PropertyPlaceholderAutoConfiguration#propertySourcesPlaceholderConfigurer matched:
      - @ConditionalOnMissingBean (types: org.springframework.context.support.PropertySourcesPlaceholderConfigurer; SearchStrategy: current) did not find any beans (OnBeanCondition)

   RepositoryRestMvcAutoConfiguration matched:
      - @ConditionalOnClass found required class 'org.springframework.data.rest.webmvc.config.RepositoryRestMvcConfiguration' (OnClassCondition)
      - found 'session' scope (OnWebApplicationCondition)
      - @ConditionalOnMissingBean (types: org.springframework.data.rest.webmvc.config.RepositoryRestMvcConfiguration; SearchStrategy: all) did not find any beans (OnBeanCondition)

   RestClientAutoConfiguration matched:
      - @ConditionalOnClass found required class 'org.springframework.web.client.RestClient' (OnClassCondition)
      - NoneNestedConditions 0 matched 1 did not; NestedCondition on NotReactiveWebApplicationCondition.ReactiveWebApplication did not find reactive web application classes (NotReactiveWebApplicationCondition)

   RestClientAutoConfiguration#httpMessageConvertersRestClientCustomizer matched:
      - @ConditionalOnMissingBean (types: org.springframework.boot.autoconfigure.web.client.HttpMessageConvertersRestClientCustomizer; SearchStrategy: all) did not find any beans (OnBeanCondition)

   RestClientAutoConfiguration#restClientBuilder matched:
      - @ConditionalOnMissingBean (types: org.springframework.web.client.RestClient$Builder; SearchStrategy: all) did not find any beans (OnBeanCondition)

   RestClientAutoConfiguration#restClientBuilderConfigurer matched:
      - @ConditionalOnMissingBean (types: org.springframework.boot.autoconfigure.web.client.RestClientBuilderConfigurer; SearchStrategy: all) did not find any beans (OnBeanCondition)

   RestClientAutoConfiguration#restClientSsl matched:
      - @ConditionalOnBean (types: org.springframework.boot.ssl.SslBundles; SearchStrategy: all) found bean 'sslBundleRegistry'; @ConditionalOnMissingBean (types: org.springframework.boot.autoconfigure.web.client.RestClientSsl; SearchStrategy: all) did not find any beans (OnBeanCondition)

   RestTemplateAutoConfiguration matched:
      - @ConditionalOnClass found required class 'org.springframework.web.client.RestTemplate' (OnClassCondition)
      - NoneNestedConditions 0 matched 1 did not; NestedCondition on NotReactiveWebApplicationCondition.ReactiveWebApplication did not find reactive web application classes (NotReactiveWebApplicationCondition)

   RestTemplateAutoConfiguration#restTemplateBuilder matched:
      - @ConditionalOnMissingBean (types: org.springframework.boot.web.client.RestTemplateBuilder; SearchStrategy: all) did not find any beans (OnBeanCondition)

   ServletWebServerFactoryAutoConfiguration matched:
      - @ConditionalOnClass found required class 'jakarta.servlet.ServletRequest' (OnClassCondition)
      - found 'session' scope (OnWebApplicationCondition)

   ServletWebServerFactoryAutoConfiguration#tomcatServletWebServerFactoryCustomizer matched:
      - @ConditionalOnClass found required class 'org.apache.catalina.startup.Tomcat' (OnClassCondition)

   ServletWebServerFactoryConfiguration.EmbeddedTomcat matched:
      - @ConditionalOnClass found required classes 'jakarta.servlet.Servlet', 'org.apache.catalina.startup.Tomcat', 'org.apache.coyote.UpgradeProtocol' (OnClassCondition)
      - @ConditionalOnMissingBean (types: org.springframework.boot.web.servlet.server.ServletWebServerFactory; SearchStrategy: current) did not find any beans (OnBeanCondition)

   SimpleCacheConfiguration matched:
      - Cache org.springframework.boot.autoconfigure.cache.SimpleCacheConfiguration automatic cache type (CacheCondition)

   SqlInitializationAutoConfiguration matched:
      - @ConditionalOnProperty (spring.sql.init.enabled) matched (OnPropertyCondition)
      - NoneNestedConditions 0 matched 1 did not; NestedCondition on SqlInitializationAutoConfiguration.SqlInitializationModeCondition.ModeIsNever @ConditionalOnProperty (spring.sql.init.mode=never) did not find property 'mode' (SqlInitializationAutoConfiguration.SqlInitializationModeCondition)

   SslAutoConfiguration#sslBundleRegistry matched:
      - @ConditionalOnMissingBean (types: org.springframework.boot.ssl.SslBundleRegistry,org.springframework.boot.ssl.SslBundles; SearchStrategy: all) did not find any beans (OnBeanCondition)

   TaskExecutionAutoConfiguration matched:
      - @ConditionalOnClass found required class 'org.springframework.scheduling.concurrent.ThreadPoolTaskExecutor' (OnClassCondition)

   TaskExecutorConfigurations.SimpleAsyncTaskExecutorBuilderConfiguration#simpleAsyncTaskExecutorBuilder matched:
      - @ConditionalOnMissingBean (types: org.springframework.boot.task.SimpleAsyncTaskExecutorBuilder; SearchStrategy: all) did not find any beans (OnBeanCondition)
      - @ConditionalOnThreading found PLATFORM (OnThreadingCondition)

   TaskExecutorConfigurations.TaskExecutorBuilderConfiguration#taskExecutorBuilder matched:
      - @ConditionalOnMissingBean (types: org.springframework.boot.task.TaskExecutorBuilder; SearchStrategy: all) did not find any beans (OnBeanCondition)

   TaskExecutorConfigurations.TaskExecutorConfiguration matched:
      - @ConditionalOnMissingBean (types: java.util.concurrent.Executor; SearchStrategy: all) did not find any beans (OnBeanCondition)

   TaskExecutorConfigurations.TaskExecutorConfiguration#applicationTaskExecutor matched:
      - @ConditionalOnThreading found PLATFORM (OnThreadingCondition)

   TaskExecutorConfigurations.ThreadPoolTaskExecutorBuilderConfiguration#threadPoolTaskExecutorBuilder matched:
      - @ConditionalOnMissingBean (types: org.springframework.boot.task.TaskExecutorBuilder,org.springframework.boot.task.ThreadPoolTaskExecutorBuilder; SearchStrategy: all) did not find any beans (OnBeanCondition)

   TaskSchedulingAutoConfiguration matched:
      - @ConditionalOnClass found required class 'org.springframework.scheduling.concurrent.ThreadPoolTaskScheduler' (OnClassCondition)

   TaskSchedulingConfigurations.SimpleAsyncTaskSchedulerBuilderConfiguration#simpleAsyncTaskSchedulerBuilder matched:
      - @ConditionalOnMissingBean (types: org.springframework.boot.task.SimpleAsyncTaskSchedulerBuilder; SearchStrategy: all) did not find any beans (OnBeanCondition)
      - @ConditionalOnThreading found PLATFORM (OnThreadingCondition)

   TaskSchedulingConfigurations.TaskSchedulerBuilderConfiguration#taskSchedulerBuilder matched:
      - @ConditionalOnMissingBean (types: org.springframework.boot.task.TaskSchedulerBuilder; SearchStrategy: all) did not find any beans (OnBeanCondition)

   TaskSchedulingConfigurations.ThreadPoolTaskSchedulerBuilderConfiguration#threadPoolTaskSchedulerBuilder matched:
      - @ConditionalOnMissingBean (types: org.springframework.boot.task.TaskSchedulerBuilder,org.springframework.boot.task.ThreadPoolTaskSchedulerBuilder; SearchStrategy: all) did not find any beans (OnBeanCondition)

   TemplateEngineConfigurations.DefaultTemplateEngineConfiguration#templateEngine matched:
      - @ConditionalOnMissingBean (types: org.thymeleaf.spring6.ISpringTemplateEngine; SearchStrategy: all) did not find any beans (OnBeanCondition)

   ThymeleafAutoConfiguration matched:
      - @ConditionalOnClass found required classes 'org.thymeleaf.templatemode.TemplateMode', 'org.thymeleaf.spring6.SpringTemplateEngine' (OnClassCondition)

   ThymeleafAutoConfiguration.DefaultTemplateResolverConfiguration matched:
      - @ConditionalOnMissingBean (names: defaultTemplateResolver; SearchStrategy: all) did not find any beans (OnBeanCondition)

   ThymeleafAutoConfiguration.ThymeleafWebMvcConfiguration matched:
      - found 'session' scope (OnWebApplicationCondition)
      - @ConditionalOnProperty (spring.thymeleaf.enabled) matched (OnPropertyCondition)

   ThymeleafAutoConfiguration.ThymeleafWebMvcConfiguration.ThymeleafViewResolverConfiguration#thymeleafViewResolver matched:
      - @ConditionalOnMissingBean (names: thymeleafViewResolver; SearchStrategy: all) did not find any beans (OnBeanCondition)

   TransactionAutoConfiguration matched:
      - @ConditionalOnClass found required class 'org.springframework.transaction.PlatformTransactionManager' (OnClassCondition)

   TransactionAutoConfiguration.EnableTransactionManagementConfiguration matched:
      - @ConditionalOnBean (types: org.springframework.transaction.TransactionManager; SearchStrategy: all) found bean 'transactionManager'; @ConditionalOnMissingBean (types: org.springframework.transaction.annotation.AbstractTransactionManagementConfiguration; SearchStrategy: all) did not find any beans (OnBeanCondition)

   TransactionAutoConfiguration.EnableTransactionManagementConfiguration.CglibAutoProxyConfiguration matched:
      - @ConditionalOnProperty (spring.aop.proxy-target-class=true) matched (OnPropertyCondition)

   TransactionAutoConfiguration.TransactionTemplateConfiguration matched:
      - @ConditionalOnSingleCandidate (types: org.springframework.transaction.PlatformTransactionManager; SearchStrategy: all) found a single bean 'transactionManager' (OnBeanCondition)

   TransactionAutoConfiguration.TransactionTemplateConfiguration#transactionTemplate matched:
      - @ConditionalOnMissingBean (types: org.springframework.transaction.support.TransactionOperations; SearchStrategy: all) did not find any beans (OnBeanCondition)

   TransactionManagerCustomizationAutoConfiguration matched:
      - @ConditionalOnClass found required class 'org.springframework.transaction.PlatformTransactionManager' (OnClassCondition)

   TransactionManagerCustomizationAutoConfiguration#platformTransactionManagerCustomizers matched:
      - @ConditionalOnMissingBean (types: org.springframework.boot.autoconfigure.transaction.TransactionManagerCustomizers; SearchStrategy: all) did not find any beans (OnBeanCondition)

   ValidationAutoConfiguration matched:
      - @ConditionalOnClass found required class 'jakarta.validation.executable.ExecutableValidator' (OnClassCondition)
      - @ConditionalOnResource found location classpath:META-INF/services/jakarta.validation.spi.ValidationProvider (OnResourceCondition)

   ValidationAutoConfiguration#defaultValidator matched:
      - @ConditionalOnMissingBean (types: jakarta.validation.Validator; SearchStrategy: all) did not find any beans (OnBeanCondition)

   ValidationAutoConfiguration#methodValidationPostProcessor matched:
      - @ConditionalOnMissingBean (types: org.springframework.validation.beanvalidation.MethodValidationPostProcessor; SearchStrategy: current) did not find any beans (OnBeanCondition)

   WebMvcAutoConfiguration matched:
      - @ConditionalOnClass found required classes 'jakarta.servlet.Servlet', 'org.springframework.web.servlet.DispatcherServlet', 'org.springframework.web.servlet.config.annotation.WebMvcConfigurer' (OnClassCondition)
      - found 'session' scope (OnWebApplicationCondition)
      - @ConditionalOnMissingBean (types: org.springframework.web.servlet.config.annotation.WebMvcConfigurationSupport; SearchStrategy: all) did not find any beans (OnBeanCondition)

   WebMvcAutoConfiguration#formContentFilter matched:
      - @ConditionalOnProperty (spring.mvc.formcontent.filter.enabled) matched (OnPropertyCondition)
      - @ConditionalOnMissingBean (types: org.springframework.web.filter.FormContentFilter; SearchStrategy: all) did not find any beans (OnBeanCondition)

   WebMvcAutoConfiguration.EnableWebMvcConfiguration#flashMapManager matched:
      - @ConditionalOnMissingBean (names: flashMapManager; SearchStrategy: all) did not find any beans (OnBeanCondition)

   WebMvcAutoConfiguration.EnableWebMvcConfiguration#localeResolver matched:
      - @ConditionalOnMissingBean (names: localeResolver; SearchStrategy: all) did not find any beans (OnBeanCondition)

   WebMvcAutoConfiguration.EnableWebMvcConfiguration#themeResolver matched:
      - @ConditionalOnMissingBean (names: themeResolver; SearchStrategy: all) did not find any beans (OnBeanCondition)

   WebMvcAutoConfiguration.WebMvcAutoConfigurationAdapter#defaultViewResolver matched:
      - @ConditionalOnMissingBean (types: org.springframework.web.servlet.view.InternalResourceViewResolver; SearchStrategy: all) did not find any beans (OnBeanCondition)

   WebMvcAutoConfiguration.WebMvcAutoConfigurationAdapter#requestContextFilter matched:
      - @ConditionalOnMissingBean (types: org.springframework.web.context.request.RequestContextListener,org.springframework.web.filter.RequestContextFilter; SearchStrategy: all) did not find any beans (OnBeanCondition)

   WebMvcAutoConfiguration.WebMvcAutoConfigurationAdapter#viewResolver matched:
      - @ConditionalOnBean (types: org.springframework.web.servlet.ViewResolver; SearchStrategy: all) found beans 'defaultViewResolver', 'mvcViewResolver'; @ConditionalOnMissingBean (names: viewResolver types: org.springframework.web.servlet.view.ContentNegotiatingViewResolver; SearchStrategy: all) did not find any beans (OnBeanCondition)

   WebSocketServletAutoConfiguration matched:
      - @ConditionalOnClass found required classes 'jakarta.servlet.Servlet', 'jakarta.websocket.server.ServerContainer' (OnClassCondition)
      - found 'session' scope (OnWebApplicationCondition)

   WebSocketServletAutoConfiguration.TomcatWebSocketConfiguration matched:
      - @ConditionalOnClass found required classes 'org.apache.catalina.startup.Tomcat', 'org.apache.tomcat.websocket.server.WsSci' (OnClassCondition)

   WebSocketServletAutoConfiguration.TomcatWebSocketConfiguration#websocketServletWebServerCustomizer matched:
      - @ConditionalOnMissingBean (names: websocketServletWebServerCustomizer; SearchStrategy: all) did not find any beans (OnBeanCondition)


Negative matches:
-----------------

   ActiveMQAutoConfiguration:
      Did not match:
         - @ConditionalOnClass did not find required class 'jakarta.jms.ConnectionFactory' (OnClassCondition)

   AopAutoConfiguration.AspectJAutoProxyingConfiguration.JdkDynamicAutoProxyConfiguration:
      Did not match:
         - @ConditionalOnProperty (spring.aop.proxy-target-class=false) did not find property 'proxy-target-class' (OnPropertyCondition)

   AopAutoConfiguration.ClassProxyingConfiguration:
      Did not match:
         - @ConditionalOnMissingClass found unwanted class 'org.aspectj.weaver.Advice' (OnClassCondition)

   ArtemisAutoConfiguration:
      Did not match:
         - @ConditionalOnClass did not find required class 'jakarta.jms.ConnectionFactory' (OnClassCondition)

   BatchAutoConfiguration:
      Did not match:
         - @ConditionalOnClass did not find required class 'org.springframework.batch.core.launch.JobLauncher' (OnClassCondition)

   Cache2kCacheConfiguration:
      Did not match:
         - @ConditionalOnClass did not find required class 'org.cache2k.Cache2kBuilder' (OnClassCondition)

   CacheAutoConfiguration:
      Did not match:
         - @ConditionalOnBean (types: org.springframework.cache.interceptor.CacheAspectSupport; SearchStrategy: all) did not find any beans of type org.springframework.cache.interceptor.CacheAspectSupport (OnBeanCondition)
      Matched:
         - @ConditionalOnClass found required class 'org.springframework.cache.CacheManager' (OnClassCondition)

   CacheAutoConfiguration.CacheManagerEntityManagerFactoryDependsOnPostProcessor:
      Did not match:
         - Ancestor org.springframework.boot.autoconfigure.cache.CacheAutoConfiguration did not match (ConditionEvaluationReport.AncestorsMatchedCondition)
      Matched:
         - @ConditionalOnClass found required class 'org.springframework.orm.jpa.LocalContainerEntityManagerFactoryBean' (OnClassCondition)

   CaffeineCacheConfiguration:
      Did not match:
         - @ConditionalOnClass did not find required class 'org.springframework.cache.caffeine.CaffeineCacheManager' (OnClassCondition)

   CassandraAutoConfiguration:
      Did not match:
         - @ConditionalOnClass did not find required class 'com.datastax.oss.driver.api.core.CqlSession' (OnClassCondition)

   CassandraDataAutoConfiguration:
      Did not match:
         - @ConditionalOnClass did not find required class 'com.datastax.oss.driver.api.core.CqlSession' (OnClassCondition)

   CassandraReactiveDataAutoConfiguration:
      Did not match:
         - @ConditionalOnClass did not find required class 'com.datastax.oss.driver.api.core.CqlSession' (OnClassCondition)

   CassandraReactiveRepositoriesAutoConfiguration:
      Did not match:
         - @ConditionalOnClass did not find required class 'org.springframework.data.cassandra.ReactiveSession' (OnClassCondition)

   CassandraRepositoriesAutoConfiguration:
      Did not match:
         - @ConditionalOnClass did not find required class 'com.datastax.oss.driver.api.core.CqlSession' (OnClassCondition)

   ClientHttpConnectorAutoConfiguration:
      Did not match:
         - @ConditionalOnClass did not find required class 'org.springframework.web.reactive.function.client.WebClient' (OnClassCondition)

   CodecsAutoConfiguration:
      Did not match:
         - @ConditionalOnClass did not find required class 'org.springframework.web.reactive.function.client.WebClient' (OnClassCondition)

   CouchbaseAutoConfiguration:
      Did not match:
         - @ConditionalOnClass did not find required class 'com.couchbase.client.java.Cluster' (OnClassCondition)

   CouchbaseCacheConfiguration:
      Did not match:
         - @ConditionalOnClass did not find required class 'com.couchbase.client.java.Cluster' (OnClassCondition)

   CouchbaseDataAutoConfiguration:
      Did not match:
         - @ConditionalOnClass did not find required class 'com.couchbase.client.java.Bucket' (OnClassCondition)

   CouchbaseReactiveDataAutoConfiguration:
      Did not match:
         - @ConditionalOnClass did not find required class 'com.couchbase.client.java.Cluster' (OnClassCondition)

   CouchbaseReactiveRepositoriesAutoConfiguration:
      Did not match:
         - @ConditionalOnClass did not find required class 'com.couchbase.client.java.Cluster' (OnClassCondition)

   CouchbaseRepositoriesAutoConfiguration:
      Did not match:
         - @ConditionalOnClass did not find required class 'com.couchbase.client.java.Bucket' (OnClassCondition)

   DataSourceAutoConfiguration.EmbeddedDatabaseConfiguration:
      Did not match:
         - EmbeddedDataSource spring.datasource.url is set (DataSourceAutoConfiguration.EmbeddedDatabaseCondition)

   DataSourceCheckpointRestoreConfiguration:
      Did not match:
         - @ConditionalOnClass did not find required class 'org.crac.Resource' (OnClassCondition)

   DataSourceConfiguration.Dbcp2:
      Did not match:
         - @ConditionalOnClass did not find required class 'org.apache.commons.dbcp2.BasicDataSource' (OnClassCondition)

   DataSourceConfiguration.Generic:
      Did not match:
         - @ConditionalOnProperty (spring.datasource.type) did not find property 'spring.datasource.type' (OnPropertyCondition)

   DataSourceConfiguration.OracleUcp:
      Did not match:
         - @ConditionalOnClass did not find required classes 'oracle.ucp.jdbc.PoolDataSourceImpl', 'oracle.jdbc.OracleConnection' (OnClassCondition)

   DataSourceConfiguration.Tomcat:
      Did not match:
         - @ConditionalOnClass did not find required class 'org.apache.tomcat.jdbc.pool.DataSource' (OnClassCondition)

   DataSourceJmxConfiguration:
      Did not match:
         - @ConditionalOnProperty (spring.jmx.enabled=true) found different value in property 'enabled' (OnPropertyCondition)

   DataSourcePoolMetadataProvidersConfiguration.CommonsDbcp2PoolDataSourceMetadataProviderConfiguration:
      Did not match:
         - @ConditionalOnClass did not find required class 'org.apache.commons.dbcp2.BasicDataSource' (OnClassCondition)

   DataSourcePoolMetadataProvidersConfiguration.OracleUcpPoolDataSourceMetadataProviderConfiguration:
      Did not match:
         - @ConditionalOnClass did not find required classes 'oracle.ucp.jdbc.PoolDataSource', 'oracle.jdbc.OracleConnection' (OnClassCondition)

   DataSourcePoolMetadataProvidersConfiguration.TomcatDataSourcePoolMetadataProviderConfiguration:
      Did not match:
         - @ConditionalOnClass did not find required class 'org.apache.tomcat.jdbc.pool.DataSource' (OnClassCondition)

   DataSourceTransactionManagerAutoConfiguration.JdbcTransactionManagerConfiguration#transactionManager:
      Did not match:
         - @ConditionalOnMissingBean (types: org.springframework.transaction.TransactionManager; SearchStrategy: all) found beans of type 'org.springframework.transaction.TransactionManager' transactionManager (OnBeanCondition)

   DispatcherServletAutoConfiguration.DispatcherServletConfiguration#multipartResolver:
      Did not match:
         - @ConditionalOnBean (types: org.springframework.web.multipart.MultipartResolver; SearchStrategy: all) did not find any beans of type org.springframework.web.multipart.MultipartResolver (OnBeanCondition)

   ElasticsearchClientAutoConfiguration:
      Did not match:
         - @ConditionalOnClass did not find required class 'co.elastic.clients.elasticsearch.ElasticsearchClient' (OnClassCondition)

   ElasticsearchDataAutoConfiguration:
      Did not match:
         - @ConditionalOnClass did not find required class 'org.springframework.data.elasticsearch.client.elc.ElasticsearchTemplate' (OnClassCondition)

   ElasticsearchRepositoriesAutoConfiguration:
      Did not match:
         - @ConditionalOnClass did not find required class 'org.springframework.data.elasticsearch.repository.ElasticsearchRepository' (OnClassCondition)

   ElasticsearchRestClientAutoConfiguration:
      Did not match:
         - @ConditionalOnClass did not find required class 'org.elasticsearch.client.RestClientBuilder' (OnClassCondition)

   EmbeddedLdapAutoConfiguration:
      Did not match:
         - @ConditionalOnClass did not find required class 'com.unboundid.ldap.listener.InMemoryDirectoryServer' (OnClassCondition)

   EmbeddedWebServerFactoryCustomizerAutoConfiguration:
      Did not match:
         - Application is deployed as a WAR file. (OnWarDeploymentCondition)
      Matched:
         - @ConditionalOnWebApplication (required) found 'session' scope (OnWebApplicationCondition)

   ErrorMvcAutoConfiguration#basicErrorController:
      Did not match:
         - @ConditionalOnMissingBean (types: org.springframework.boot.web.servlet.error.ErrorController; SearchStrategy: current) found beans of type 'org.springframework.boot.web.servlet.error.ErrorController' basicErrorController (OnBeanCondition)

   ErrorMvcAutoConfiguration.WhitelabelErrorViewConfiguration:
      Did not match:
         - ErrorTemplate Missing found template from org.springframework.boot.autoconfigure.thymeleaf.ThymeleafTemplateAvailabilityProvider@74294c1a (ErrorMvcAutoConfiguration.ErrorTemplateMissingCondition)
      Matched:
         - @ConditionalOnProperty (server.error.whitelabel.enabled) matched (OnPropertyCondition)

   ErrorWebFluxAutoConfiguration:
      Did not match:
         - @ConditionalOnClass did not find required class 'org.springframework.web.reactive.config.WebFluxConfigurer' (OnClassCondition)

   FlywayAutoConfiguration:
      Did not match:
         - @ConditionalOnClass did not find required class 'org.flywaydb.core.Flyway' (OnClassCondition)

   FreeMarkerAutoConfiguration:
      Did not match:
         - @ConditionalOnClass did not find required class 'freemarker.template.Configuration' (OnClassCondition)

   GraphQlAutoConfiguration:
      Did not match:
         - @ConditionalOnClass did not find required class 'graphql.GraphQL' (OnClassCondition)

   GraphQlQueryByExampleAutoConfiguration:
      Did not match:
         - @ConditionalOnClass did not find required class 'graphql.GraphQL' (OnClassCondition)

   GraphQlQuerydslAutoConfiguration:
      Did not match:
         - @ConditionalOnClass did not find required class 'graphql.GraphQL' (OnClassCondition)

   GraphQlRSocketAutoConfiguration:
      Did not match:
         - @ConditionalOnClass did not find required class 'graphql.GraphQL' (OnClassCondition)

   GraphQlReactiveQueryByExampleAutoConfiguration:
      Did not match:
         - @ConditionalOnClass did not find required class 'graphql.GraphQL' (OnClassCondition)

   GraphQlReactiveQuerydslAutoConfiguration:
      Did not match:
         - @ConditionalOnClass did not find required class 'graphql.GraphQL' (OnClassCondition)

   GraphQlWebFluxAutoConfiguration:
      Did not match:
         - @ConditionalOnClass did not find required class 'graphql.GraphQL' (OnClassCondition)

   GraphQlWebFluxSecurityAutoConfiguration:
      Did not match:
         - @ConditionalOnClass did not find required class 'graphql.GraphQL' (OnClassCondition)

   GraphQlWebMvcAutoConfiguration:
      Did not match:
         - @ConditionalOnClass did not find required class 'graphql.GraphQL' (OnClassCondition)

   GraphQlWebMvcSecurityAutoConfiguration:
      Did not match:
         - @ConditionalOnClass did not find required class 'graphql.GraphQL' (OnClassCondition)

   GroovyTemplateAutoConfiguration:
      Did not match:
         - @ConditionalOnClass did not find required class 'groovy.text.markup.MarkupTemplateEngine' (OnClassCondition)

   GsonAutoConfiguration:
      Did not match:
         - @ConditionalOnClass did not find required class 'com.google.gson.Gson' (OnClassCondition)

   GsonHttpMessageConvertersConfiguration:
      Did not match:
         - @ConditionalOnClass did not find required class 'com.google.gson.Gson' (OnClassCondition)

   H2ConsoleAutoConfiguration:
      Did not match:
         - @ConditionalOnClass did not find required class 'org.h2.server.web.JakartaWebServlet' (OnClassCondition)

   HazelcastAutoConfiguration:
      Did not match:
         - @ConditionalOnClass did not find required class 'com.hazelcast.core.HazelcastInstance' (OnClassCondition)

   HazelcastCacheConfiguration:
      Did not match:
         - @ConditionalOnClass did not find required class 'com.hazelcast.core.HazelcastInstance' (OnClassCondition)

   HazelcastJpaDependencyAutoConfiguration:
      Did not match:
         - @ConditionalOnClass did not find required class 'com.hazelcast.core.HazelcastInstance' (OnClassCondition)

   HttpHandlerAutoConfiguration:
      Did not match:
         - @ConditionalOnClass did not find required class 'org.springframework.web.reactive.DispatcherHandler' (OnClassCondition)

   HypermediaAutoConfiguration.HypermediaConfiguration:
      Did not match:
         - @ConditionalOnMissingBean (types: org.springframework.hateoas.client.LinkDiscoverers; SearchStrategy: all) found beans of type 'org.springframework.hateoas.client.LinkDiscoverers' linkDiscoverers (OnBeanCondition)
      Matched:
         - @ConditionalOnClass found required class 'com.fasterxml.jackson.databind.ObjectMapper' (OnClassCondition)

   InfinispanCacheConfiguration:
      Did not match:
         - @ConditionalOnClass did not find required class 'org.infinispan.spring.embedded.provider.SpringEmbeddedCacheManager' (OnClassCondition)

   InfluxDbAutoConfiguration:
      Did not match:
         - @ConditionalOnClass did not find required class 'org.influxdb.InfluxDB' (OnClassCondition)

   IntegrationAutoConfiguration:
      Did not match:
         - @ConditionalOnClass did not find required class 'org.springframework.integration.config.EnableIntegration' (OnClassCondition)

   JCacheCacheConfiguration:
      Did not match:
         - @ConditionalOnClass did not find required class 'javax.cache.Caching' (OnClassCondition)

   JacksonHttpMessageConvertersConfiguration.MappingJackson2XmlHttpMessageConverterConfiguration:
      Did not match:
         - @ConditionalOnClass did not find required class 'com.fasterxml.jackson.dataformat.xml.XmlMapper' (OnClassCondition)

   JdbcRepositoriesAutoConfiguration:
      Did not match:
         - @ConditionalOnClass did not find required class 'org.springframework.data.jdbc.repository.config.AbstractJdbcConfiguration' (OnClassCondition)

   JerseyAutoConfiguration:
      Did not match:
         - @ConditionalOnClass did not find required class 'org.glassfish.jersey.server.spring.SpringComponentProvider' (OnClassCondition)

   JmsAutoConfiguration:
      Did not match:
         - @ConditionalOnClass did not find required class 'jakarta.jms.Message' (OnClassCondition)

   JmxAutoConfiguration:
      Did not match:
         - @ConditionalOnProperty (spring.jmx.enabled=true) found different value in property 'enabled' (OnPropertyCondition)
      Matched:
         - @ConditionalOnClass found required class 'org.springframework.jmx.export.MBeanExporter' (OnClassCondition)

   JndiConnectionFactoryAutoConfiguration:
      Did not match:
         - @ConditionalOnClass did not find required class 'org.springframework.jms.core.JmsTemplate' (OnClassCondition)

   JndiDataSourceAutoConfiguration:
      Did not match:
         - @ConditionalOnProperty (spring.datasource.jndi-name) did not find property 'jndi-name' (OnPropertyCondition)
      Matched:
         - @ConditionalOnClass found required classes 'javax.sql.DataSource', 'org.springframework.jdbc.datasource.embedded.EmbeddedDatabaseType' (OnClassCondition)

   JndiJtaConfiguration:
      Did not match:
         - @ConditionalOnJndi JNDI environment is not available (OnJndiCondition)
      Matched:
         - @ConditionalOnClass found required class 'org.springframework.transaction.jta.JtaTransactionManager' (OnClassCondition)

   JooqAutoConfiguration:
      Did not match:
         - @ConditionalOnClass did not find required class 'org.jooq.DSLContext' (OnClassCondition)

   JpaRepositoriesAutoConfiguration#entityManagerFactoryBootstrapExecutorCustomizer:
      Did not match:
         - AnyNestedCondition 0 matched 2 did not; NestedCondition on JpaRepositoriesAutoConfiguration.BootstrapExecutorCondition.LazyBootstrapMode @ConditionalOnProperty (spring.data.jpa.repositories.bootstrap-mode=lazy) did not find property 'bootstrap-mode'; NestedCondition on JpaRepositoriesAutoConfiguration.BootstrapExecutorCondition.DeferredBootstrapMode @ConditionalOnProperty (spring.data.jpa.repositories.bootstrap-mode=deferred) did not find property 'bootstrap-mode' (JpaRepositoriesAutoConfiguration.BootstrapExecutorCondition)

   JsonbAutoConfiguration:
      Did not match:
         - @ConditionalOnClass did not find required class 'jakarta.json.bind.Jsonb' (OnClassCondition)

   JsonbHttpMessageConvertersConfiguration:
      Did not match:
         - @ConditionalOnClass did not find required class 'jakarta.json.bind.Jsonb' (OnClassCondition)

   KafkaAutoConfiguration:
      Did not match:
         - @ConditionalOnClass did not find required class 'org.springframework.kafka.core.KafkaTemplate' (OnClassCondition)

   LdapAutoConfiguration:
      Did not match:
         - @ConditionalOnClass did not find required class 'org.springframework.ldap.core.ContextSource' (OnClassCondition)

   LdapRepositoriesAutoConfiguration:
      Did not match:
         - @ConditionalOnClass did not find required class 'org.springframework.data.ldap.repository.LdapRepository' (OnClassCondition)

   LiquibaseAutoConfiguration:
      Did not match:
         - @ConditionalOnClass did not find required class 'liquibase.change.DatabaseChange' (OnClassCondition)

   MailSenderAutoConfiguration:
      Did not match:
         - @ConditionalOnClass did not find required class 'jakarta.mail.internet.MimeMessage' (OnClassCondition)

   MailSenderValidatorAutoConfiguration:
      Did not match:
         - @ConditionalOnSingleCandidate did not find required type 'org.springframework.mail.javamail.JavaMailSenderImpl' (OnBeanCondition)

   MessageSourceAutoConfiguration:
      Did not match:
         - ResourceBundle did not find bundle with basename messages (MessageSourceAutoConfiguration.ResourceBundleCondition)

   MongoAutoConfiguration:
      Did not match:
         - @ConditionalOnClass did not find required class 'com.mongodb.client.MongoClient' (OnClassCondition)

   MongoDataAutoConfiguration:
      Did not match:
         - @ConditionalOnClass did not find required class 'com.mongodb.client.MongoClient' (OnClassCondition)

   MongoReactiveAutoConfiguration:
      Did not match:
         - @ConditionalOnClass did not find required class 'com.mongodb.reactivestreams.client.MongoClient' (OnClassCondition)

   MongoReactiveDataAutoConfiguration:
      Did not match:
         - @ConditionalOnClass did not find required class 'com.mongodb.reactivestreams.client.MongoClient' (OnClassCondition)

   MongoReactiveRepositoriesAutoConfiguration:
      Did not match:
         - @ConditionalOnClass did not find required class 'com.mongodb.reactivestreams.client.MongoClient' (OnClassCondition)

   MongoRepositoriesAutoConfiguration:
      Did not match:
         - @ConditionalOnClass did not find required class 'com.mongodb.client.MongoClient' (OnClassCondition)

   MustacheAutoConfiguration:
      Did not match:
         - @ConditionalOnClass did not find required class 'com.samskivert.mustache.Mustache' (OnClassCondition)

   Neo4jAutoConfiguration:
      Did not match:
         - @ConditionalOnClass did not find required class 'org.neo4j.driver.Driver' (OnClassCondition)

   Neo4jDataAutoConfiguration:
      Did not match:
         - @ConditionalOnClass did not find required class 'org.neo4j.driver.Driver' (OnClassCondition)

   Neo4jReactiveDataAutoConfiguration:
      Did not match:
         - @ConditionalOnClass did not find required class 'org.neo4j.driver.Driver' (OnClassCondition)

   Neo4jReactiveRepositoriesAutoConfiguration:
      Did not match:
         - @ConditionalOnClass did not find required class 'org.neo4j.driver.Driver' (OnClassCondition)

   Neo4jRepositoriesAutoConfiguration:
      Did not match:
         - @ConditionalOnClass did not find required class 'org.neo4j.driver.Driver' (OnClassCondition)

   NettyAutoConfiguration:
      Did not match:
         - @ConditionalOnClass did not find required class 'io.netty.util.NettyRuntime' (OnClassCondition)

   OAuth2AuthorizationServerAutoConfiguration:
      Did not match:
         - @ConditionalOnClass did not find required class 'org.springframework.security.oauth2.server.authorization.OAuth2Authorization' (OnClassCondition)

   OAuth2AuthorizationServerJwtAutoConfiguration:
      Did not match:
         - @ConditionalOnClass did not find required class 'org.springframework.security.oauth2.server.authorization.OAuth2Authorization' (OnClassCondition)

   OAuth2ClientAutoConfiguration:
      Did not match:
         - @ConditionalOnClass did not find required class 'org.springframework.security.config.annotation.web.configuration.EnableWebSecurity' (OnClassCondition)

   OAuth2ResourceServerAutoConfiguration:
      Did not match:
         - @ConditionalOnClass did not find required class 'org.springframework.security.oauth2.server.resource.authentication.BearerTokenAuthenticationToken' (OnClassCondition)

   ProjectInfoAutoConfiguration#buildProperties:
      Did not match:
         - @ConditionalOnResource did not find resource '${spring.info.build.location:classpath:META-INF/build-info.properties}' (OnResourceCondition)

   ProjectInfoAutoConfiguration#gitProperties:
      Did not match:
         - GitResource did not find git info at classpath:git.properties (ProjectInfoAutoConfiguration.GitResourceAvailableCondition)

   PulsarAutoConfiguration:
      Did not match:
         - @ConditionalOnClass did not find required class 'org.apache.pulsar.client.api.PulsarClient' (OnClassCondition)

   PulsarReactiveAutoConfiguration:
      Did not match:
         - @ConditionalOnClass did not find required class 'org.apache.pulsar.client.api.PulsarClient' (OnClassCondition)

   QuartzAutoConfiguration:
      Did not match:
         - @ConditionalOnClass did not find required class 'org.quartz.Scheduler' (OnClassCondition)

   R2dbcAutoConfiguration:
      Did not match:
         - @ConditionalOnClass did not find required class 'io.r2dbc.spi.ConnectionFactory' (OnClassCondition)

   R2dbcDataAutoConfiguration:
      Did not match:
         - @ConditionalOnClass did not find required class 'org.springframework.data.r2dbc.core.R2dbcEntityTemplate' (OnClassCondition)

   R2dbcInitializationConfiguration:
      Did not match:
         - @ConditionalOnClass did not find required classes 'io.r2dbc.spi.ConnectionFactory', 'org.springframework.r2dbc.connection.init.DatabasePopulator' (OnClassCondition)

   R2dbcRepositoriesAutoConfiguration:
      Did not match:
         - @ConditionalOnClass did not find required class 'io.r2dbc.spi.ConnectionFactory' (OnClassCondition)

   R2dbcTransactionManagerAutoConfiguration:
      Did not match:
         - @ConditionalOnClass did not find required class 'org.springframework.r2dbc.connection.R2dbcTransactionManager' (OnClassCondition)

   RSocketGraphQlClientAutoConfiguration:
      Did not match:
         - @ConditionalOnClass did not find required class 'graphql.GraphQL' (OnClassCondition)

   RSocketMessagingAutoConfiguration:
      Did not match:
         - @ConditionalOnClass did not find required class 'io.rsocket.RSocket' (OnClassCondition)

   RSocketRequesterAutoConfiguration:
      Did not match:
         - @ConditionalOnClass did not find required class 'io.rsocket.RSocket' (OnClassCondition)

   RSocketSecurityAutoConfiguration:
      Did not match:
         - @ConditionalOnClass did not find required class 'org.springframework.security.rsocket.core.SecuritySocketAcceptorInterceptor' (OnClassCondition)

   RSocketServerAutoConfiguration:
      Did not match:
         - @ConditionalOnClass did not find required class 'io.rsocket.core.RSocketServer' (OnClassCondition)

   RSocketStrategiesAutoConfiguration:
      Did not match:
         - @ConditionalOnClass did not find required class 'io.netty.buffer.PooledByteBufAllocator' (OnClassCondition)

   RabbitAutoConfiguration:
      Did not match:
         - @ConditionalOnClass did not find required class 'com.rabbitmq.client.Channel' (OnClassCondition)

   ReactiveElasticsearchClientAutoConfiguration:
      Did not match:
         - @ConditionalOnClass did not find required class 'co.elastic.clients.transport.ElasticsearchTransport' (OnClassCondition)

   ReactiveElasticsearchRepositoriesAutoConfiguration:
      Did not match:
         - @ConditionalOnClass did not find required class 'reactor.core.publisher.Mono' (OnClassCondition)

   ReactiveMultipartAutoConfiguration:
      Did not match:
         - @ConditionalOnClass did not find required class 'org.springframework.web.reactive.config.WebFluxConfigurer' (OnClassCondition)

   ReactiveOAuth2ClientAutoConfiguration:
      Did not match:
         - @ConditionalOnClass did not find required class 'reactor.core.publisher.Flux' (OnClassCondition)

   ReactiveOAuth2ResourceServerAutoConfiguration:
      Did not match:
         - @ConditionalOnClass did not find required class 'org.springframework.security.config.annotation.web.reactive.EnableWebFluxSecurity' (OnClassCondition)

   ReactiveSecurityAutoConfiguration:
      Did not match:
         - @ConditionalOnClass did not find required class 'reactor.core.publisher.Flux' (OnClassCondition)

   ReactiveUserDetailsServiceAutoConfiguration:
      Did not match:
         - @ConditionalOnClass did not find required class 'org.springframework.security.authentication.ReactiveAuthenticationManager' (OnClassCondition)

   ReactiveWebServerFactoryAutoConfiguration:
      Did not match:
         - @ConditionalOnWebApplication did not find reactive web application classes (OnWebApplicationCondition)

   ReactorAutoConfiguration:
      Did not match:
         - @ConditionalOnClass did not find required class 'reactor.core.publisher.Hooks' (OnClassCondition)

   RedisAutoConfiguration:
      Did not match:
         - @ConditionalOnClass did not find required class 'org.springframework.data.redis.core.RedisOperations' (OnClassCondition)

   RedisCacheConfiguration:
      Did not match:
         - @ConditionalOnClass did not find required class 'org.springframework.data.redis.connection.RedisConnectionFactory' (OnClassCondition)

   RedisReactiveAutoConfiguration:
      Did not match:
         - @ConditionalOnClass did not find required class 'reactor.core.publisher.Flux' (OnClassCondition)

   RedisRepositoriesAutoConfiguration:
      Did not match:
         - @ConditionalOnClass did not find required class 'org.springframework.data.redis.repository.configuration.EnableRedisRepositories' (OnClassCondition)

   Saml2RelyingPartyAutoConfiguration:
      Did not match:
         - @ConditionalOnClass did not find required class 'org.springframework.security.saml2.provider.service.registration.RelyingPartyRegistrationRepository' (OnClassCondition)

   SecurityAutoConfiguration:
      Did not match:
         - @ConditionalOnClass did not find required class 'org.springframework.security.authentication.DefaultAuthenticationEventPublisher' (OnClassCondition)

   SecurityFilterAutoConfiguration:
      Did not match:
         - @ConditionalOnClass did not find required class 'org.springframework.security.config.http.SessionCreationPolicy' (OnClassCondition)

   SendGridAutoConfiguration:
      Did not match:
         - @ConditionalOnClass did not find required class 'com.sendgrid.SendGrid' (OnClassCondition)

   ServletWebServerFactoryAutoConfiguration.ForwardedHeaderFilterConfiguration:
      Did not match:
         - @ConditionalOnProperty (server.forward-headers-strategy=framework) did not find property 'server.forward-headers-strategy' (OnPropertyCondition)

   ServletWebServerFactoryConfiguration.EmbeddedJetty:
      Did not match:
         - @ConditionalOnClass did not find required classes 'org.eclipse.jetty.server.Server', 'org.eclipse.jetty.util.Loader', 'org.eclipse.jetty.ee10.webapp.WebAppContext' (OnClassCondition)

   ServletWebServerFactoryConfiguration.EmbeddedUndertow:
      Did not match:
         - @ConditionalOnClass did not find required classes 'io.undertow.Undertow', 'org.xnio.SslClientAuthMode' (OnClassCondition)

   SessionAutoConfiguration:
      Did not match:
         - @ConditionalOnClass did not find required class 'org.springframework.session.Session' (OnClassCondition)

   SpringApplicationAdminJmxAutoConfiguration:
      Did not match:
         - @ConditionalOnProperty (spring.application.admin.enabled=true) did not find property 'enabled' (OnPropertyCondition)

   SpringDataWebAutoConfiguration:
      Did not match:
         - @ConditionalOnMissingBean (types: org.springframework.data.web.PageableHandlerMethodArgumentResolver; SearchStrategy: all) found beans of type 'org.springframework.data.web.PageableHandlerMethodArgumentResolver' pageableResolver (OnBeanCondition)
      Matched:
         - @ConditionalOnClass found required classes 'org.springframework.data.web.PageableHandlerMethodArgumentResolver', 'org.springframework.web.servlet.config.annotation.WebMvcConfigurer' (OnClassCondition)
         - found 'session' scope (OnWebApplicationCondition)

   TaskExecutorConfigurations.SimpleAsyncTaskExecutorBuilderConfiguration#simpleAsyncTaskExecutorBuilderVirtualThreads:
      Did not match:
         - @ConditionalOnMissingBean (types: org.springframework.boot.task.SimpleAsyncTaskExecutorBuilder; SearchStrategy: all) found beans of type 'org.springframework.boot.task.SimpleAsyncTaskExecutorBuilder' simpleAsyncTaskExecutorBuilder (OnBeanCondition)

   TaskExecutorConfigurations.TaskExecutorConfiguration#applicationTaskExecutorVirtualThreads:
      Did not match:
         - @ConditionalOnThreading did not find VIRTUAL (OnThreadingCondition)

   TaskSchedulingAutoConfiguration#scheduledBeanLazyInitializationExcludeFilter:
      Did not match:
         - @ConditionalOnBean (names: org.springframework.context.annotation.internalScheduledAnnotationProcessor; SearchStrategy: all) did not find any beans named org.springframework.context.annotation.internalScheduledAnnotationProcessor (OnBeanCondition)

   TaskSchedulingConfigurations.SimpleAsyncTaskSchedulerBuilderConfiguration#simpleAsyncTaskSchedulerBuilderVirtualThreads:
      Did not match:
         - @ConditionalOnMissingBean (types: org.springframework.boot.task.SimpleAsyncTaskSchedulerBuilder; SearchStrategy: all) found beans of type 'org.springframework.boot.task.SimpleAsyncTaskSchedulerBuilder' simpleAsyncTaskSchedulerBuilder (OnBeanCondition)

   TaskSchedulingConfigurations.TaskSchedulerConfiguration:
      Did not match:
         - @ConditionalOnBean (names: org.springframework.context.annotation.internalScheduledAnnotationProcessor; SearchStrategy: all) did not find any beans named org.springframework.context.annotation.internalScheduledAnnotationProcessor (OnBeanCondition)

   TemplateEngineConfigurations.ReactiveTemplateEngineConfiguration:
      Did not match:
         - did not find reactive web application classes (OnWebApplicationCondition)

   ThymeleafAutoConfiguration.DataAttributeDialectConfiguration:
      Did not match:
         - @ConditionalOnClass did not find required class 'com.github.mxab.thymeleaf.extras.dataattribute.dialect.DataAttributeDialect' (OnClassCondition)

   ThymeleafAutoConfiguration.ThymeleafSecurityDialectConfiguration:
      Did not match:
         - @ConditionalOnClass did not find required classes 'org.thymeleaf.extras.springsecurity6.dialect.SpringSecurityDialect', 'org.springframework.security.web.server.csrf.CsrfToken' (OnClassCondition)

   ThymeleafAutoConfiguration.ThymeleafWebFluxConfiguration:
      Did not match:
         - did not find reactive web application classes (OnWebApplicationCondition)

   ThymeleafAutoConfiguration.ThymeleafWebLayoutConfiguration:
      Did not match:
         - @ConditionalOnClass did not find required class 'nz.net.ultraq.thymeleaf.layoutdialect.LayoutDialect' (OnClassCondition)

   ThymeleafAutoConfiguration.ThymeleafWebMvcConfiguration#resourceUrlEncodingFilter:
      Did not match:
         - @ConditionalOnEnabledResourceChain did not find class org.webjars.WebJarAssetLocator (OnEnabledResourceChainCondition)

   TransactionAutoConfiguration#transactionalOperator:
      Did not match:
         - @ConditionalOnSingleCandidate (types: org.springframework.transaction.ReactiveTransactionManager; SearchStrategy: all) did not find any beans (OnBeanCondition)

   TransactionAutoConfiguration.AspectJTransactionManagementConfiguration:
      Did not match:
         - @ConditionalOnBean (types: org.springframework.transaction.aspectj.AbstractTransactionAspect; SearchStrategy: all) did not find any beans of type org.springframework.transaction.aspectj.AbstractTransactionAspect (OnBeanCondition)

   TransactionAutoConfiguration.EnableTransactionManagementConfiguration.JdkDynamicAutoProxyConfiguration:
      Did not match:
         - @ConditionalOnProperty (spring.aop.proxy-target-class=false) did not find property 'proxy-target-class' (OnPropertyCondition)

   UserDetailsServiceAutoConfiguration:
      Did not match:
         - @ConditionalOnClass did not find required class 'org.springframework.security.authentication.AuthenticationManager' (OnClassCondition)

   WebClientAutoConfiguration:
      Did not match:
         - @ConditionalOnClass did not find required class 'org.springframework.web.reactive.function.client.WebClient' (OnClassCondition)

   WebFluxAutoConfiguration:
      Did not match:
         - @ConditionalOnClass did not find required class 'org.springframework.web.reactive.config.WebFluxConfigurer' (OnClassCondition)

   WebMvcAutoConfiguration#hiddenHttpMethodFilter:
      Did not match:
         - @ConditionalOnProperty (spring.mvc.hiddenmethod.filter.enabled) did not find property 'enabled' (OnPropertyCondition)

   WebMvcAutoConfiguration.ProblemDetailsErrorHandlingConfiguration:
      Did not match:
         - @ConditionalOnProperty (spring.mvc.problemdetails.enabled=true) did not find property 'enabled' (OnPropertyCondition)

   WebMvcAutoConfiguration.ResourceChainCustomizerConfiguration:
      Did not match:
         - @ConditionalOnEnabledResourceChain did not find class org.webjars.WebJarAssetLocator (OnEnabledResourceChainCondition)

   WebMvcAutoConfiguration.WebMvcAutoConfigurationAdapter#beanNameViewResolver:
      Did not match:
         - @ConditionalOnBean (types: org.springframework.web.servlet.View; SearchStrategy: all) did not find any beans of type org.springframework.web.servlet.View (OnBeanCondition)

   WebServiceTemplateAutoConfiguration:
      Did not match:
         - @ConditionalOnClass did not find required class 'org.springframework.oxm.Marshaller' (OnClassCondition)

   WebServicesAutoConfiguration:
      Did not match:
         - @ConditionalOnClass did not find required class 'org.springframework.ws.transport.http.MessageDispatcherServlet' (OnClassCondition)

   WebSessionIdResolverAutoConfiguration:
      Did not match:
         - @ConditionalOnClass did not find required class 'reactor.core.publisher.Mono' (OnClassCondition)

   WebSocketMessagingAutoConfiguration:
      Did not match:
         - @ConditionalOnClass did not find required class 'org.springframework.web.socket.config.annotation.WebSocketMessageBrokerConfigurer' (OnClassCondition)

   WebSocketReactiveAutoConfiguration:
      Did not match:
         - @ConditionalOnWebApplication did not find reactive web application classes (OnWebApplicationCondition)

   WebSocketServletAutoConfiguration.JettyWebSocketConfiguration:
      Did not match:
         - @ConditionalOnClass did not find required class 'org.eclipse.jetty.ee10.websocket.jakarta.server.config.JakartaWebSocketServletContainerInitializer' (OnClassCondition)

   WebSocketServletAutoConfiguration.UndertowWebSocketConfiguration:
      Did not match:
         - @ConditionalOnClass did not find required class 'io.undertow.websockets.jsr.Bootstrap' (OnClassCondition)

   XADataSourceAutoConfiguration:
      Did not match:
         - @ConditionalOnBean (types: org.springframework.boot.jdbc.XADataSourceWrapper; SearchStrategy: all) did not find any beans of type org.springframework.boot.jdbc.XADataSourceWrapper (OnBeanCondition)
      Matched:
         - @ConditionalOnClass found required classes 'javax.sql.DataSource', 'jakarta.transaction.TransactionManager', 'org.springframework.jdbc.datasource.embedded.EmbeddedDatabaseType' (OnClassCondition)


Exclusions:
-----------

    None


Unconditional classes:
----------------------

    org.springframework.boot.autoconfigure.context.ConfigurationPropertiesAutoConfiguration

    org.springframework.boot.autoconfigure.ssl.SslAutoConfiguration

    org.springframework.boot.autoconfigure.context.LifecycleAutoConfiguration

    org.springframework.boot.autoconfigure.context.PropertyPlaceholderAutoConfiguration

    org.springframework.boot.autoconfigure.availability.ApplicationAvailabilityAutoConfiguration

    org.springframework.boot.autoconfigure.info.ProjectInfoAutoConfiguration



2024-11-10T22:54:13.967+09:00  INFO 4081 --- [TimoProject] [    Test worker] c.t.s.t.repository.PostRepositoryTest    : Started PostRepositoryTest in 3.204 seconds (process running for 4.0)
2024-11-10T22:54:13.969+09:00 DEBUG 4081 --- [TimoProject] [    Test worker] o.s.b.a.ApplicationAvailabilityBean      : Application availability state LivenessState changed to CORRECT
2024-11-10T22:54:13.971+09:00 DEBUG 4081 --- [TimoProject] [    Test worker] o.s.b.a.ApplicationAvailabilityBean      : Application availability state ReadinessState changed to ACCEPTING_TRAFFIC
2024-11-10T22:54:14.553+09:00 DEBUG 4081 --- [TimoProject] [    Test worker] org.hibernate.SQL                        : 
    insert 
    into
        post
        (content, moddate, regdate, title, writer) 
    values
        (?, ?, ?, ?, ?) 
    returning id
Hibernate: 
    insert 
    into
        post
        (content, moddate, regdate, title, writer) 
    values
        (?, ?, ?, ?, ?) 
    returning id
Post(id=1, title=Title...1, content=Content...1, writer=user1)
2024-11-10T22:54:14.581+09:00 DEBUG 4081 --- [TimoProject] [    Test worker] org.hibernate.SQL                        : 
    insert 
    into
        post
        (content, moddate, regdate, title, writer) 
    values
        (?, ?, ?, ?, ?) 
    returning id
Hibernate: 
    insert 
    into
        post
        (content, moddate, regdate, title, writer) 
    values
        (?, ?, ?, ?, ?) 
    returning id
Post(id=2, title=Title...2, content=Content...2, writer=user2)
2024-11-10T22:54:14.584+09:00 DEBUG 4081 --- [TimoProject] [    Test worker] org.hibernate.SQL                        : 
    insert 
    into
        post
        (content, moddate, regdate, title, writer) 
    values
        (?, ?, ?, ?, ?) 
    returning id
Hibernate: 
    insert 
    into
        post
        (content, moddate, regdate, title, writer) 
    values
        (?, ?, ?, ?, ?) 
    returning id
Post(id=3, title=Title...3, content=Content...3, writer=user3)
2024-11-10T22:54:14.588+09:00 DEBUG 4081 --- [TimoProject] [    Test worker] org.hibernate.SQL                        : 
    insert 
    into
        post
        (content, moddate, regdate, title, writer) 
    values
        (?, ?, ?, ?, ?) 
    returning id
Hibernate: 
    insert 
    into
        post
        (content, moddate, regdate, title, writer) 
    values
        (?, ?, ?, ?, ?) 
    returning id
Post(id=4, title=Title...4, content=Content...4, writer=user4)
2024-11-10T22:54:14.591+09:00 DEBUG 4081 --- [TimoProject] [    Test worker] org.hibernate.SQL                        : 
    insert 
    into
        post
        (content, moddate, regdate, title, writer) 
    values
        (?, ?, ?, ?, ?) 
    returning id
Hibernate: 
    insert 
    into
        post
        (content, moddate, regdate, title, writer) 
    values
        (?, ?, ?, ?, ?) 
    returning id
Post(id=5, title=Title...5, content=Content...5, writer=user5)
2024-11-10T22:54:14.595+09:00 DEBUG 4081 --- [TimoProject] [    Test worker] org.hibernate.SQL                        : 
    insert 
    into
        post
        (content, moddate, regdate, title, writer) 
    values
        (?, ?, ?, ?, ?) 
    returning id
Hibernate: 
    insert 
    into
        post
        (content, moddate, regdate, title, writer) 
    values
        (?, ?, ?, ?, ?) 
    returning id
Post(id=6, title=Title...6, content=Content...6, writer=user6)
2024-11-10T22:54:14.598+09:00 DEBUG 4081 --- [TimoProject] [    Test worker] org.hibernate.SQL                        : 
    insert 
    into
        post
        (content, moddate, regdate, title, writer) 
    values
        (?, ?, ?, ?, ?) 
    returning id
Hibernate: 
    insert 
    into
        post
        (content, moddate, regdate, title, writer) 
    values
        (?, ?, ?, ?, ?) 
    returning id
Post(id=7, title=Title...7, content=Content...7, writer=user7)
2024-11-10T22:54:14.601+09:00 DEBUG 4081 --- [TimoProject] [    Test worker] org.hibernate.SQL                        : 
    insert 
    into
        post
        (content, moddate, regdate, title, writer) 
    values
        (?, ?, ?, ?, ?) 
    returning id
Hibernate: 
    insert 
    into
        post
        (content, moddate, regdate, title, writer) 
    values
        (?, ?, ?, ?, ?) 
    returning id
Post(id=8, title=Title...8, content=Content...8, writer=user8)
2024-11-10T22:54:14.604+09:00 DEBUG 4081 --- [TimoProject] [    Test worker] org.hibernate.SQL                        : 
    insert 
    into
        post
        (content, moddate, regdate, title, writer) 
    values
        (?, ?, ?, ?, ?) 
    returning id
Hibernate: 
    insert 
    into
        post
        (content, moddate, regdate, title, writer) 
    values
        (?, ?, ?, ?, ?) 
    returning id
Post(id=9, title=Title...9, content=Content...9, writer=user9)
2024-11-10T22:54:14.607+09:00 DEBUG 4081 --- [TimoProject] [    Test worker] org.hibernate.SQL                        : 
    insert 
    into
        post
        (content, moddate, regdate, title, writer) 
    values
        (?, ?, ?, ?, ?) 
    returning id
Hibernate: 
    insert 
    into
        post
        (content, moddate, regdate, title, writer) 
    values
        (?, ?, ?, ?, ?) 
    returning id
Post(id=10, title=Title...10, content=Content...10, writer=user0)
2024-11-10T22:54:14.609+09:00 DEBUG 4081 --- [TimoProject] [    Test worker] org.hibernate.SQL                        : 
    insert 
    into
        post
        (content, moddate, regdate, title, writer) 
    values
        (?, ?, ?, ?, ?) 
    returning id
Hibernate: 
    insert 
    into
        post
        (content, moddate, regdate, title, writer) 
    values
        (?, ?, ?, ?, ?) 
    returning id
Post(id=11, title=Title...11, content=Content...11, writer=user1)
2024-11-10T22:54:14.612+09:00 DEBUG 4081 --- [TimoProject] [    Test worker] org.hibernate.SQL                        : 
    insert 
    into
        post
        (content, moddate, regdate, title, writer) 
    values
        (?, ?, ?, ?, ?) 
    returning id
Hibernate: 
    insert 
    into
        post
        (content, moddate, regdate, title, writer) 
    values
        (?, ?, ?, ?, ?) 
    returning id
Post(id=12, title=Title...12, content=Content...12, writer=user2)
2024-11-10T22:54:14.615+09:00 DEBUG 4081 --- [TimoProject] [    Test worker] org.hibernate.SQL                        : 
    insert 
    into
        post
        (content, moddate, regdate, title, writer) 
    values
        (?, ?, ?, ?, ?) 
    returning id
Hibernate: 
    insert 
    into
        post
        (content, moddate, regdate, title, writer) 
    values
        (?, ?, ?, ?, ?) 
    returning id
Post(id=13, title=Title...13, content=Content...13, writer=user3)
2024-11-10T22:54:14.618+09:00 DEBUG 4081 --- [TimoProject] [    Test worker] org.hibernate.SQL                        : 
    insert 
    into
        post
        (content, moddate, regdate, title, writer) 
    values
        (?, ?, ?, ?, ?) 
    returning id
Hibernate: 
    insert 
    into
        post
        (content, moddate, regdate, title, writer) 
    values
        (?, ?, ?, ?, ?) 
    returning id
Post(id=14, title=Title...14, content=Content...14, writer=user4)
2024-11-10T22:54:14.622+09:00 DEBUG 4081 --- [TimoProject] [    Test worker] org.hibernate.SQL                        : 
    insert 
    into
        post
        (content, moddate, regdate, title, writer) 
    values
        (?, ?, ?, ?, ?) 
    returning id
Hibernate: 
    insert 
    into
        post
        (content, moddate, regdate, title, writer) 
    values
        (?, ?, ?, ?, ?) 
    returning id
Post(id=15, title=Title...15, content=Content...15, writer=user5)
2024-11-10T22:54:14.625+09:00 DEBUG 4081 --- [TimoProject] [    Test worker] org.hibernate.SQL                        : 
    insert 
    into
        post
        (content, moddate, regdate, title, writer) 
    values
        (?, ?, ?, ?, ?) 
    returning id
Hibernate: 
    insert 
    into
        post
        (content, moddate, regdate, title, writer) 
    values
        (?, ?, ?, ?, ?) 
    returning id
Post(id=16, title=Title...16, content=Content...16, writer=user6)
2024-11-10T22:54:14.628+09:00 DEBUG 4081 --- [TimoProject] [    Test worker] org.hibernate.SQL                        : 
    insert 
    into
        post
        (content, moddate, regdate, title, writer) 
    values
        (?, ?, ?, ?, ?) 
    returning id
Hibernate: 
    insert 
    into
        post
        (content, moddate, regdate, title, writer) 
    values
        (?, ?, ?, ?, ?) 
    returning id
Post(id=17, title=Title...17, content=Content...17, writer=user7)
2024-11-10T22:54:14.631+09:00 DEBUG 4081 --- [TimoProject] [    Test worker] org.hibernate.SQL                        : 
    insert 
    into
        post
        (content, moddate, regdate, title, writer) 
    values
        (?, ?, ?, ?, ?) 
    returning id
Hibernate: 
    insert 
    into
        post
        (content, moddate, regdate, title, writer) 
    values
        (?, ?, ?, ?, ?) 
    returning id
Post(id=18, title=Title...18, content=Content...18, writer=user8)
2024-11-10T22:54:14.635+09:00 DEBUG 4081 --- [TimoProject] [    Test worker] org.hibernate.SQL                        : 
    insert 
    into
        post
        (content, moddate, regdate, title, writer) 
    values
        (?, ?, ?, ?, ?) 
    returning id
Hibernate: 
    insert 
    into
        post
        (content, moddate, regdate, title, writer) 
    values
        (?, ?, ?, ?, ?) 
    returning id
Post(id=19, title=Title...19, content=Content...19, writer=user9)
2024-11-10T22:54:14.637+09:00 DEBUG 4081 --- [TimoProject] [    Test worker] org.hibernate.SQL                        : 
    insert 
    into
        post
        (content, moddate, regdate, title, writer) 
    values
        (?, ?, ?, ?, ?) 
    returning id
Hibernate: 
    insert 
    into
        post
        (content, moddate, regdate, title, writer) 
    values
        (?, ?, ?, ?, ?) 
    returning id
Post(id=20, title=Title...20, content=Content...20, writer=user0)
2024-11-10T22:54:14.640+09:00 DEBUG 4081 --- [TimoProject] [    Test worker] org.hibernate.SQL                        : 
    insert 
    into
        post
        (content, moddate, regdate, title, writer) 
    values
        (?, ?, ?, ?, ?) 
    returning id
Hibernate: 
    insert 
    into
        post
        (content, moddate, regdate, title, writer) 
    values
        (?, ?, ?, ?, ?) 
    returning id
Post(id=21, title=Title...21, content=Content...21, writer=user1)
2024-11-10T22:54:14.643+09:00 DEBUG 4081 --- [TimoProject] [    Test worker] org.hibernate.SQL                        : 
    insert 
    into
        post
        (content, moddate, regdate, title, writer) 
    values
        (?, ?, ?, ?, ?) 
    returning id
Hibernate: 
    insert 
    into
        post
        (content, moddate, regdate, title, writer) 
    values
        (?, ?, ?, ?, ?) 
    returning id
Post(id=22, title=Title...22, content=Content...22, writer=user2)
2024-11-10T22:54:14.646+09:00 DEBUG 4081 --- [TimoProject] [    Test worker] org.hibernate.SQL                        : 
    insert 
    into
        post
        (content, moddate, regdate, title, writer) 
    values
        (?, ?, ?, ?, ?) 
    returning id
Hibernate: 
    insert 
    into
        post
        (content, moddate, regdate, title, writer) 
    values
        (?, ?, ?, ?, ?) 
    returning id
Post(id=23, title=Title...23, content=Content...23, writer=user3)
2024-11-10T22:54:14.649+09:00 DEBUG 4081 --- [TimoProject] [    Test worker] org.hibernate.SQL                        : 
    insert 
    into
        post
        (content, moddate, regdate, title, writer) 
    values
        (?, ?, ?, ?, ?) 
    returning id
Hibernate: 
    insert 
    into
        post
        (content, moddate, regdate, title, writer) 
    values
        (?, ?, ?, ?, ?) 
    returning id
Post(id=24, title=Title...24, content=Content...24, writer=user4)
2024-11-10T22:54:14.652+09:00 DEBUG 4081 --- [TimoProject] [    Test worker] org.hibernate.SQL                        : 
    insert 
    into
        post
        (content, moddate, regdate, title, writer) 
    values
        (?, ?, ?, ?, ?) 
    returning id
Hibernate: 
    insert 
    into
        post
        (content, moddate, regdate, title, writer) 
    values
        (?, ?, ?, ?, ?) 
    returning id
Post(id=25, title=Title...25, content=Content...25, writer=user5)
2024-11-10T22:54:14.655+09:00 DEBUG 4081 --- [TimoProject] [    Test worker] org.hibernate.SQL                        : 
    insert 
    into
        post
        (content, moddate, regdate, title, writer) 
    values
        (?, ?, ?, ?, ?) 
    returning id
Hibernate: 
    insert 
    into
        post
        (content, moddate, regdate, title, writer) 
    values
        (?, ?, ?, ?, ?) 
    returning id
Post(id=26, title=Title...26, content=Content...26, writer=user6)
2024-11-10T22:54:14.658+09:00 DEBUG 4081 --- [TimoProject] [    Test worker] org.hibernate.SQL                        : 
    insert 
    into
        post
        (content, moddate, regdate, title, writer) 
    values
        (?, ?, ?, ?, ?) 
    returning id
Hibernate: 
    insert 
    into
        post
        (content, moddate, regdate, title, writer) 
    values
        (?, ?, ?, ?, ?) 
    returning id
Post(id=27, title=Title...27, content=Content...27, writer=user7)
2024-11-10T22:54:14.660+09:00 DEBUG 4081 --- [TimoProject] [    Test worker] org.hibernate.SQL                        : 
    insert 
    into
        post
        (content, moddate, regdate, title, writer) 
    values
        (?, ?, ?, ?, ?) 
    returning id
Hibernate: 
    insert 
    into
        post
        (content, moddate, regdate, title, writer) 
    values
        (?, ?, ?, ?, ?) 
    returning id
Post(id=28, title=Title...28, content=Content...28, writer=user8)
2024-11-10T22:54:14.663+09:00 DEBUG 4081 --- [TimoProject] [    Test worker] org.hibernate.SQL                        : 
    insert 
    into
        post
        (content, moddate, regdate, title, writer) 
    values
        (?, ?, ?, ?, ?) 
    returning id
Hibernate: 
    insert 
    into
        post
        (content, moddate, regdate, title, writer) 
    values
        (?, ?, ?, ?, ?) 
    returning id
Post(id=29, title=Title...29, content=Content...29, writer=user9)
2024-11-10T22:54:14.665+09:00 DEBUG 4081 --- [TimoProject] [    Test worker] org.hibernate.SQL                        : 
    insert 
    into
        post
        (content, moddate, regdate, title, writer) 
    values
        (?, ?, ?, ?, ?) 
    returning id
Hibernate: 
    insert 
    into
        post
        (content, moddate, regdate, title, writer) 
    values
        (?, ?, ?, ?, ?) 
    returning id
Post(id=30, title=Title...30, content=Content...30, writer=user0)
2024-11-10T22:54:14.669+09:00 DEBUG 4081 --- [TimoProject] [    Test worker] org.hibernate.SQL                        : 
    insert 
    into
        post
        (content, moddate, regdate, title, writer) 
    values
        (?, ?, ?, ?, ?) 
    returning id
Hibernate: 
    insert 
    into
        post
        (content, moddate, regdate, title, writer) 
    values
        (?, ?, ?, ?, ?) 
    returning id
Post(id=31, title=Title...31, content=Content...31, writer=user1)
2024-11-10T22:54:14.673+09:00 DEBUG 4081 --- [TimoProject] [    Test worker] org.hibernate.SQL                        : 
    insert 
    into
        post
        (content, moddate, regdate, title, writer) 
    values
        (?, ?, ?, ?, ?) 
    returning id
Hibernate: 
    insert 
    into
        post
        (content, moddate, regdate, title, writer) 
    values
        (?, ?, ?, ?, ?) 
    returning id
Post(id=32, title=Title...32, content=Content...32, writer=user2)
2024-11-10T22:54:14.677+09:00 DEBUG 4081 --- [TimoProject] [    Test worker] org.hibernate.SQL                        : 
    insert 
    into
        post
        (content, moddate, regdate, title, writer) 
    values
        (?, ?, ?, ?, ?) 
    returning id
Hibernate: 
    insert 
    into
        post
        (content, moddate, regdate, title, writer) 
    values
        (?, ?, ?, ?, ?) 
    returning id
Post(id=33, title=Title...33, content=Content...33, writer=user3)
2024-11-10T22:54:14.680+09:00 DEBUG 4081 --- [TimoProject] [    Test worker] org.hibernate.SQL                        : 
    insert 
    into
        post
        (content, moddate, regdate, title, writer) 
    values
        (?, ?, ?, ?, ?) 
    returning id
Hibernate: 
    insert 
    into
        post
        (content, moddate, regdate, title, writer) 
    values
        (?, ?, ?, ?, ?) 
    returning id
Post(id=34, title=Title...34, content=Content...34, writer=user4)
2024-11-10T22:54:14.684+09:00 DEBUG 4081 --- [TimoProject] [    Test worker] org.hibernate.SQL                        : 
    insert 
    into
        post
        (content, moddate, regdate, title, writer) 
    values
        (?, ?, ?, ?, ?) 
    returning id
Hibernate: 
    insert 
    into
        post
        (content, moddate, regdate, title, writer) 
    values
        (?, ?, ?, ?, ?) 
    returning id
Post(id=35, title=Title...35, content=Content...35, writer=user5)
2024-11-10T22:54:14.688+09:00 DEBUG 4081 --- [TimoProject] [    Test worker] org.hibernate.SQL                        : 
    insert 
    into
        post
        (content, moddate, regdate, title, writer) 
    values
        (?, ?, ?, ?, ?) 
    returning id
Hibernate: 
    insert 
    into
        post
        (content, moddate, regdate, title, writer) 
    values
        (?, ?, ?, ?, ?) 
    returning id
Post(id=36, title=Title...36, content=Content...36, writer=user6)
2024-11-10T22:54:14.692+09:00 DEBUG 4081 --- [TimoProject] [    Test worker] org.hibernate.SQL                        : 
    insert 
    into
        post
        (content, moddate, regdate, title, writer) 
    values
        (?, ?, ?, ?, ?) 
    returning id
Hibernate: 
    insert 
    into
        post
        (content, moddate, regdate, title, writer) 
    values
        (?, ?, ?, ?, ?) 
    returning id
Post(id=37, title=Title...37, content=Content...37, writer=user7)
2024-11-10T22:54:14.695+09:00 DEBUG 4081 --- [TimoProject] [    Test worker] org.hibernate.SQL                        : 
    insert 
    into
        post
        (content, moddate, regdate, title, writer) 
    values
        (?, ?, ?, ?, ?) 
    returning id
Hibernate: 
    insert 
    into
        post
        (content, moddate, regdate, title, writer) 
    values
        (?, ?, ?, ?, ?) 
    returning id
Post(id=38, title=Title...38, content=Content...38, writer=user8)
2024-11-10T22:54:14.699+09:00 DEBUG 4081 --- [TimoProject] [    Test worker] org.hibernate.SQL                        : 
    insert 
    into
        post
        (content, moddate, regdate, title, writer) 
    values
        (?, ?, ?, ?, ?) 
    returning id
Hibernate: 
    insert 
    into
        post
        (content, moddate, regdate, title, writer) 
    values
        (?, ?, ?, ?, ?) 
    returning id
Post(id=39, title=Title...39, content=Content...39, writer=user9)
2024-11-10T22:54:14.702+09:00 DEBUG 4081 --- [TimoProject] [    Test worker] org.hibernate.SQL                        : 
    insert 
    into
        post
        (content, moddate, regdate, title, writer) 
    values
        (?, ?, ?, ?, ?) 
    returning id
Hibernate: 
    insert 
    into
        post
        (content, moddate, regdate, title, writer) 
    values
        (?, ?, ?, ?, ?) 
    returning id
Post(id=40, title=Title...40, content=Content...40, writer=user0)
2024-11-10T22:54:14.704+09:00 DEBUG 4081 --- [TimoProject] [    Test worker] org.hibernate.SQL                        : 
    insert 
    into
        post
        (content, moddate, regdate, title, writer) 
    values
        (?, ?, ?, ?, ?) 
    returning id
Hibernate: 
    insert 
    into
        post
        (content, moddate, regdate, title, writer) 
    values
        (?, ?, ?, ?, ?) 
    returning id
Post(id=41, title=Title...41, content=Content...41, writer=user1)
2024-11-10T22:54:14.707+09:00 DEBUG 4081 --- [TimoProject] [    Test worker] org.hibernate.SQL                        : 
    insert 
    into
        post
        (content, moddate, regdate, title, writer) 
    values
        (?, ?, ?, ?, ?) 
    returning id
Hibernate: 
    insert 
    into
        post
        (content, moddate, regdate, title, writer) 
    values
        (?, ?, ?, ?, ?) 
    returning id
Post(id=42, title=Title...42, content=Content...42, writer=user2)
2024-11-10T22:54:14.711+09:00 DEBUG 4081 --- [TimoProject] [    Test worker] org.hibernate.SQL                        : 
    insert 
    into
        post
        (content, moddate, regdate, title, writer) 
    values
        (?, ?, ?, ?, ?) 
    returning id
Hibernate: 
    insert 
    into
        post
        (content, moddate, regdate, title, writer) 
    values
        (?, ?, ?, ?, ?) 
    returning id
Post(id=43, title=Title...43, content=Content...43, writer=user3)
2024-11-10T22:54:14.714+09:00 DEBUG 4081 --- [TimoProject] [    Test worker] org.hibernate.SQL                        : 
    insert 
    into
        post
        (content, moddate, regdate, title, writer) 
    values
        (?, ?, ?, ?, ?) 
    returning id
Hibernate: 
    insert 
    into
        post
        (content, moddate, regdate, title, writer) 
    values
        (?, ?, ?, ?, ?) 
    returning id
Post(id=44, title=Title...44, content=Content...44, writer=user4)
2024-11-10T22:54:14.717+09:00 DEBUG 4081 --- [TimoProject] [    Test worker] org.hibernate.SQL                        : 
    insert 
    into
        post
        (content, moddate, regdate, title, writer) 
    values
        (?, ?, ?, ?, ?) 
    returning id
Hibernate: 
    insert 
    into
        post
        (content, moddate, regdate, title, writer) 
    values
        (?, ?, ?, ?, ?) 
    returning id
Post(id=45, title=Title...45, content=Content...45, writer=user5)
2024-11-10T22:54:14.720+09:00 DEBUG 4081 --- [TimoProject] [    Test worker] org.hibernate.SQL                        : 
    insert 
    into
        post
        (content, moddate, regdate, title, writer) 
    values
        (?, ?, ?, ?, ?) 
    returning id
Hibernate: 
    insert 
    into
        post
        (content, moddate, regdate, title, writer) 
    values
        (?, ?, ?, ?, ?) 
    returning id
Post(id=46, title=Title...46, content=Content...46, writer=user6)
2024-11-10T22:54:14.723+09:00 DEBUG 4081 --- [TimoProject] [    Test worker] org.hibernate.SQL                        : 
    insert 
    into
        post
        (content, moddate, regdate, title, writer) 
    values
        (?, ?, ?, ?, ?) 
    returning id
Hibernate: 
    insert 
    into
        post
        (content, moddate, regdate, title, writer) 
    values
        (?, ?, ?, ?, ?) 
    returning id
Post(id=47, title=Title...47, content=Content...47, writer=user7)
2024-11-10T22:54:14.727+09:00 DEBUG 4081 --- [TimoProject] [    Test worker] org.hibernate.SQL                        : 
    insert 
    into
        post
        (content, moddate, regdate, title, writer) 
    values
        (?, ?, ?, ?, ?) 
    returning id
Hibernate: 
    insert 
    into
        post
        (content, moddate, regdate, title, writer) 
    values
        (?, ?, ?, ?, ?) 
    returning id
Post(id=48, title=Title...48, content=Content...48, writer=user8)
2024-11-10T22:54:14.730+09:00 DEBUG 4081 --- [TimoProject] [    Test worker] org.hibernate.SQL                        : 
    insert 
    into
        post
        (content, moddate, regdate, title, writer) 
    values
        (?, ?, ?, ?, ?) 
    returning id
Hibernate: 
    insert 
    into
        post
        (content, moddate, regdate, title, writer) 
    values
        (?, ?, ?, ?, ?) 
    returning id
Post(id=49, title=Title...49, content=Content...49, writer=user9)
2024-11-10T22:54:14.733+09:00 DEBUG 4081 --- [TimoProject] [    Test worker] org.hibernate.SQL                        : 
    insert 
    into
        post
        (content, moddate, regdate, title, writer) 
    values
        (?, ?, ?, ?, ?) 
    returning id
Hibernate: 
    insert 
    into
        post
        (content, moddate, regdate, title, writer) 
    values
        (?, ?, ?, ?, ?) 
    returning id
Post(id=50, title=Title...50, content=Content...50, writer=user0)
2024-11-10T22:54:14.736+09:00 DEBUG 4081 --- [TimoProject] [    Test worker] org.hibernate.SQL                        : 
    insert 
    into
        post
        (content, moddate, regdate, title, writer) 
    values
        (?, ?, ?, ?, ?) 
    returning id
Hibernate: 
    insert 
    into
        post
        (content, moddate, regdate, title, writer) 
    values
        (?, ?, ?, ?, ?) 
    returning id
Post(id=51, title=Title...51, content=Content...51, writer=user1)
2024-11-10T22:54:14.739+09:00 DEBUG 4081 --- [TimoProject] [    Test worker] org.hibernate.SQL                        : 
    insert 
    into
        post
        (content, moddate, regdate, title, writer) 
    values
        (?, ?, ?, ?, ?) 
    returning id
Hibernate: 
    insert 
    into
        post
        (content, moddate, regdate, title, writer) 
    values
        (?, ?, ?, ?, ?) 
    returning id
Post(id=52, title=Title...52, content=Content...52, writer=user2)
2024-11-10T22:54:14.743+09:00 DEBUG 4081 --- [TimoProject] [    Test worker] org.hibernate.SQL                        : 
    insert 
    into
        post
        (content, moddate, regdate, title, writer) 
    values
        (?, ?, ?, ?, ?) 
    returning id
Hibernate: 
    insert 
    into
        post
        (content, moddate, regdate, title, writer) 
    values
        (?, ?, ?, ?, ?) 
    returning id
Post(id=53, title=Title...53, content=Content...53, writer=user3)
2024-11-10T22:54:14.747+09:00 DEBUG 4081 --- [TimoProject] [    Test worker] org.hibernate.SQL                        : 
    insert 
    into
        post
        (content, moddate, regdate, title, writer) 
    values
        (?, ?, ?, ?, ?) 
    returning id
Hibernate: 
    insert 
    into
        post
        (content, moddate, regdate, title, writer) 
    values
        (?, ?, ?, ?, ?) 
    returning id
Post(id=54, title=Title...54, content=Content...54, writer=user4)
2024-11-10T22:54:14.750+09:00 DEBUG 4081 --- [TimoProject] [    Test worker] org.hibernate.SQL                        : 
    insert 
    into
        post
        (content, moddate, regdate, title, writer) 
    values
        (?, ?, ?, ?, ?) 
    returning id
Hibernate: 
    insert 
    into
        post
        (content, moddate, regdate, title, writer) 
    values
        (?, ?, ?, ?, ?) 
    returning id
Post(id=55, title=Title...55, content=Content...55, writer=user5)
2024-11-10T22:54:14.754+09:00 DEBUG 4081 --- [TimoProject] [    Test worker] org.hibernate.SQL                        : 
    insert 
    into
        post
        (content, moddate, regdate, title, writer) 
    values
        (?, ?, ?, ?, ?) 
    returning id
Hibernate: 
    insert 
    into
        post
        (content, moddate, regdate, title, writer) 
    values
        (?, ?, ?, ?, ?) 
    returning id
Post(id=56, title=Title...56, content=Content...56, writer=user6)
2024-11-10T22:54:14.757+09:00 DEBUG 4081 --- [TimoProject] [    Test worker] org.hibernate.SQL                        : 
    insert 
    into
        post
        (content, moddate, regdate, title, writer) 
    values
        (?, ?, ?, ?, ?) 
    returning id
Hibernate: 
    insert 
    into
        post
        (content, moddate, regdate, title, writer) 
    values
        (?, ?, ?, ?, ?) 
    returning id
Post(id=57, title=Title...57, content=Content...57, writer=user7)
2024-11-10T22:54:14.761+09:00 DEBUG 4081 --- [TimoProject] [    Test worker] org.hibernate.SQL                        : 
    insert 
    into
        post
        (content, moddate, regdate, title, writer) 
    values
        (?, ?, ?, ?, ?) 
    returning id
Hibernate: 
    insert 
    into
        post
        (content, moddate, regdate, title, writer) 
    values
        (?, ?, ?, ?, ?) 
    returning id
Post(id=58, title=Title...58, content=Content...58, writer=user8)
2024-11-10T22:54:14.764+09:00 DEBUG 4081 --- [TimoProject] [    Test worker] org.hibernate.SQL                        : 
    insert 
    into
        post
        (content, moddate, regdate, title, writer) 
    values
        (?, ?, ?, ?, ?) 
    returning id
Hibernate: 
    insert 
    into
        post
        (content, moddate, regdate, title, writer) 
    values
        (?, ?, ?, ?, ?) 
    returning id
Post(id=59, title=Title...59, content=Content...59, writer=user9)
2024-11-10T22:54:14.767+09:00 DEBUG 4081 --- [TimoProject] [    Test worker] org.hibernate.SQL                        : 
    insert 
    into
        post
        (content, moddate, regdate, title, writer) 
    values
        (?, ?, ?, ?, ?) 
    returning id
Hibernate: 
    insert 
    into
        post
        (content, moddate, regdate, title, writer) 
    values
        (?, ?, ?, ?, ?) 
    returning id
Post(id=60, title=Title...60, content=Content...60, writer=user0)
2024-11-10T22:54:14.772+09:00 DEBUG 4081 --- [TimoProject] [    Test worker] org.hibernate.SQL                        : 
    insert 
    into
        post
        (content, moddate, regdate, title, writer) 
    values
        (?, ?, ?, ?, ?) 
    returning id
Hibernate: 
    insert 
    into
        post
        (content, moddate, regdate, title, writer) 
    values
        (?, ?, ?, ?, ?) 
    returning id
Post(id=61, title=Title...61, content=Content...61, writer=user1)
2024-11-10T22:54:14.776+09:00 DEBUG 4081 --- [TimoProject] [    Test worker] org.hibernate.SQL                        : 
    insert 
    into
        post
        (content, moddate, regdate, title, writer) 
    values
        (?, ?, ?, ?, ?) 
    returning id
Hibernate: 
    insert 
    into
        post
        (content, moddate, regdate, title, writer) 
    values
        (?, ?, ?, ?, ?) 
    returning id
Post(id=62, title=Title...62, content=Content...62, writer=user2)
2024-11-10T22:54:14.780+09:00 DEBUG 4081 --- [TimoProject] [    Test worker] org.hibernate.SQL                        : 
    insert 
    into
        post
        (content, moddate, regdate, title, writer) 
    values
        (?, ?, ?, ?, ?) 
    returning id
Hibernate: 
    insert 
    into
        post
        (content, moddate, regdate, title, writer) 
    values
        (?, ?, ?, ?, ?) 
    returning id
Post(id=63, title=Title...63, content=Content...63, writer=user3)
2024-11-10T22:54:14.785+09:00 DEBUG 4081 --- [TimoProject] [    Test worker] org.hibernate.SQL                        : 
    insert 
    into
        post
        (content, moddate, regdate, title, writer) 
    values
        (?, ?, ?, ?, ?) 
    returning id
Hibernate: 
    insert 
    into
        post
        (content, moddate, regdate, title, writer) 
    values
        (?, ?, ?, ?, ?) 
    returning id
Post(id=64, title=Title...64, content=Content...64, writer=user4)
2024-11-10T22:54:14.793+09:00 DEBUG 4081 --- [TimoProject] [    Test worker] org.hibernate.SQL                        : 
    insert 
    into
        post
        (content, moddate, regdate, title, writer) 
    values
        (?, ?, ?, ?, ?) 
    returning id
Hibernate: 
    insert 
    into
        post
        (content, moddate, regdate, title, writer) 
    values
        (?, ?, ?, ?, ?) 
    returning id
Post(id=65, title=Title...65, content=Content...65, writer=user5)
2024-11-10T22:54:14.796+09:00 DEBUG 4081 --- [TimoProject] [    Test worker] org.hibernate.SQL                        : 
    insert 
    into
        post
        (content, moddate, regdate, title, writer) 
    values
        (?, ?, ?, ?, ?) 
    returning id
Hibernate: 
    insert 
    into
        post
        (content, moddate, regdate, title, writer) 
    values
        (?, ?, ?, ?, ?) 
    returning id
Post(id=66, title=Title...66, content=Content...66, writer=user6)
2024-11-10T22:54:14.800+09:00 DEBUG 4081 --- [TimoProject] [    Test worker] org.hibernate.SQL                        : 
    insert 
    into
        post
        (content, moddate, regdate, title, writer) 
    values
        (?, ?, ?, ?, ?) 
    returning id
Hibernate: 
    insert 
    into
        post
        (content, moddate, regdate, title, writer) 
    values
        (?, ?, ?, ?, ?) 
    returning id
Post(id=67, title=Title...67, content=Content...67, writer=user7)
2024-11-10T22:54:14.804+09:00 DEBUG 4081 --- [TimoProject] [    Test worker] org.hibernate.SQL                        : 
    insert 
    into
        post
        (content, moddate, regdate, title, writer) 
    values
        (?, ?, ?, ?, ?) 
    returning id
Hibernate: 
    insert 
    into
        post
        (content, moddate, regdate, title, writer) 
    values
        (?, ?, ?, ?, ?) 
    returning id
Post(id=68, title=Title...68, content=Content...68, writer=user8)
2024-11-10T22:54:14.808+09:00 DEBUG 4081 --- [TimoProject] [    Test worker] org.hibernate.SQL                        : 
    insert 
    into
        post
        (content, moddate, regdate, title, writer) 
    values
        (?, ?, ?, ?, ?) 
    returning id
Hibernate: 
    insert 
    into
        post
        (content, moddate, regdate, title, writer) 
    values
        (?, ?, ?, ?, ?) 
    returning id
Post(id=69, title=Title...69, content=Content...69, writer=user9)
2024-11-10T22:54:14.812+09:00 DEBUG 4081 --- [TimoProject] [    Test worker] org.hibernate.SQL                        : 
    insert 
    into
        post
        (content, moddate, regdate, title, writer) 
    values
        (?, ?, ?, ?, ?) 
    returning id
Hibernate: 
    insert 
    into
        post
        (content, moddate, regdate, title, writer) 
    values
        (?, ?, ?, ?, ?) 
    returning id
Post(id=70, title=Title...70, content=Content...70, writer=user0)
2024-11-10T22:54:14.816+09:00 DEBUG 4081 --- [TimoProject] [    Test worker] org.hibernate.SQL                        : 
    insert 
    into
        post
        (content, moddate, regdate, title, writer) 
    values
        (?, ?, ?, ?, ?) 
    returning id
Hibernate: 
    insert 
    into
        post
        (content, moddate, regdate, title, writer) 
    values
        (?, ?, ?, ?, ?) 
    returning id
Post(id=71, title=Title...71, content=Content...71, writer=user1)
2024-11-10T22:54:14.820+09:00 DEBUG 4081 --- [TimoProject] [    Test worker] org.hibernate.SQL                        : 
    insert 
    into
        post
        (content, moddate, regdate, title, writer) 
    values
        (?, ?, ?, ?, ?) 
    returning id
Hibernate: 
    insert 
    into
        post
        (content, moddate, regdate, title, writer) 
    values
        (?, ?, ?, ?, ?) 
    returning id
Post(id=72, title=Title...72, content=Content...72, writer=user2)
2024-11-10T22:54:14.825+09:00 DEBUG 4081 --- [TimoProject] [    Test worker] org.hibernate.SQL                        : 
    insert 
    into
        post
        (content, moddate, regdate, title, writer) 
    values
        (?, ?, ?, ?, ?) 
    returning id
Hibernate: 
    insert 
    into
        post
        (content, moddate, regdate, title, writer) 
    values
        (?, ?, ?, ?, ?) 
    returning id
Post(id=73, title=Title...73, content=Content...73, writer=user3)
2024-11-10T22:54:14.830+09:00 DEBUG 4081 --- [TimoProject] [    Test worker] org.hibernate.SQL                        : 
    insert 
    into
        post
        (content, moddate, regdate, title, writer) 
    values
        (?, ?, ?, ?, ?) 
    returning id
Hibernate: 
    insert 
    into
        post
        (content, moddate, regdate, title, writer) 
    values
        (?, ?, ?, ?, ?) 
    returning id
Post(id=74, title=Title...74, content=Content...74, writer=user4)
2024-11-10T22:54:14.835+09:00 DEBUG 4081 --- [TimoProject] [    Test worker] org.hibernate.SQL                        : 
    insert 
    into
        post
        (content, moddate, regdate, title, writer) 
    values
        (?, ?, ?, ?, ?) 
    returning id
Hibernate: 
    insert 
    into
        post
        (content, moddate, regdate, title, writer) 
    values
        (?, ?, ?, ?, ?) 
    returning id
Post(id=75, title=Title...75, content=Content...75, writer=user5)
2024-11-10T22:54:14.839+09:00 DEBUG 4081 --- [TimoProject] [    Test worker] org.hibernate.SQL                        : 
    insert 
    into
        post
        (content, moddate, regdate, title, writer) 
    values
        (?, ?, ?, ?, ?) 
    returning id
Hibernate: 
    insert 
    into
        post
        (content, moddate, regdate, title, writer) 
    values
        (?, ?, ?, ?, ?) 
    returning id
Post(id=76, title=Title...76, content=Content...76, writer=user6)
2024-11-10T22:54:14.843+09:00 DEBUG 4081 --- [TimoProject] [    Test worker] org.hibernate.SQL                        : 
    insert 
    into
        post
        (content, moddate, regdate, title, writer) 
    values
        (?, ?, ?, ?, ?) 
    returning id
Hibernate: 
    insert 
    into
        post
        (content, moddate, regdate, title, writer) 
    values
        (?, ?, ?, ?, ?) 
    returning id
Post(id=77, title=Title...77, content=Content...77, writer=user7)
2024-11-10T22:54:14.847+09:00 DEBUG 4081 --- [TimoProject] [    Test worker] org.hibernate.SQL                        : 
    insert 
    into
        post
        (content, moddate, regdate, title, writer) 
    values
        (?, ?, ?, ?, ?) 
    returning id
Hibernate: 
    insert 
    into
        post
        (content, moddate, regdate, title, writer) 
    values
        (?, ?, ?, ?, ?) 
    returning id
Post(id=78, title=Title...78, content=Content...78, writer=user8)
2024-11-10T22:54:14.851+09:00 DEBUG 4081 --- [TimoProject] [    Test worker] org.hibernate.SQL                        : 
    insert 
    into
        post
        (content, moddate, regdate, title, writer) 
    values
        (?, ?, ?, ?, ?) 
    returning id
Hibernate: 
    insert 
    into
        post
        (content, moddate, regdate, title, writer) 
    values
        (?, ?, ?, ?, ?) 
    returning id
Post(id=79, title=Title...79, content=Content...79, writer=user9)
2024-11-10T22:54:14.873+09:00 DEBUG 4081 --- [TimoProject] [    Test worker] org.hibernate.SQL                        : 
    insert 
    into
        post
        (content, moddate, regdate, title, writer) 
    values
        (?, ?, ?, ?, ?) 
    returning id
Hibernate: 
    insert 
    into
        post
        (content, moddate, regdate, title, writer) 
    values
        (?, ?, ?, ?, ?) 
    returning id
Post(id=80, title=Title...80, content=Content...80, writer=user0)
2024-11-10T22:54:14.879+09:00 DEBUG 4081 --- [TimoProject] [    Test worker] org.hibernate.SQL                        : 
    insert 
    into
        post
        (content, moddate, regdate, title, writer) 
    values
        (?, ?, ?, ?, ?) 
    returning id
Hibernate: 
    insert 
    into
        post
        (content, moddate, regdate, title, writer) 
    values
        (?, ?, ?, ?, ?) 
    returning id
Post(id=81, title=Title...81, content=Content...81, writer=user1)
2024-11-10T22:54:14.883+09:00 DEBUG 4081 --- [TimoProject] [    Test worker] org.hibernate.SQL                        : 
    insert 
    into
        post
        (content, moddate, regdate, title, writer) 
    values
        (?, ?, ?, ?, ?) 
    returning id
Hibernate: 
    insert 
    into
        post
        (content, moddate, regdate, title, writer) 
    values
        (?, ?, ?, ?, ?) 
    returning id
Post(id=82, title=Title...82, content=Content...82, writer=user2)
2024-11-10T22:54:14.887+09:00 DEBUG 4081 --- [TimoProject] [    Test worker] org.hibernate.SQL                        : 
    insert 
    into
        post
        (content, moddate, regdate, title, writer) 
    values
        (?, ?, ?, ?, ?) 
    returning id
Hibernate: 
    insert 
    into
        post
        (content, moddate, regdate, title, writer) 
    values
        (?, ?, ?, ?, ?) 
    returning id
Post(id=83, title=Title...83, content=Content...83, writer=user3)
2024-11-10T22:54:14.891+09:00 DEBUG 4081 --- [TimoProject] [    Test worker] org.hibernate.SQL                        : 
    insert 
    into
        post
        (content, moddate, regdate, title, writer) 
    values
        (?, ?, ?, ?, ?) 
    returning id
Hibernate: 
    insert 
    into
        post
        (content, moddate, regdate, title, writer) 
    values
        (?, ?, ?, ?, ?) 
    returning id
Post(id=84, title=Title...84, content=Content...84, writer=user4)
2024-11-10T22:54:14.894+09:00 DEBUG 4081 --- [TimoProject] [    Test worker] org.hibernate.SQL                        : 
    insert 
    into
        post
        (content, moddate, regdate, title, writer) 
    values
        (?, ?, ?, ?, ?) 
    returning id
Hibernate: 
    insert 
    into
        post
        (content, moddate, regdate, title, writer) 
    values
        (?, ?, ?, ?, ?) 
    returning id
Post(id=85, title=Title...85, content=Content...85, writer=user5)
2024-11-10T22:54:14.897+09:00 DEBUG 4081 --- [TimoProject] [    Test worker] org.hibernate.SQL                        : 
    insert 
    into
        post
        (content, moddate, regdate, title, writer) 
    values
        (?, ?, ?, ?, ?) 
    returning id
Hibernate: 
    insert 
    into
        post
        (content, moddate, regdate, title, writer) 
    values
        (?, ?, ?, ?, ?) 
    returning id
Post(id=86, title=Title...86, content=Content...86, writer=user6)
2024-11-10T22:54:14.901+09:00 DEBUG 4081 --- [TimoProject] [    Test worker] org.hibernate.SQL                        : 
    insert 
    into
        post
        (content, moddate, regdate, title, writer) 
    values
        (?, ?, ?, ?, ?) 
    returning id
Hibernate: 
    insert 
    into
        post
        (content, moddate, regdate, title, writer) 
    values
        (?, ?, ?, ?, ?) 
    returning id
Post(id=87, title=Title...87, content=Content...87, writer=user7)
2024-11-10T22:54:14.903+09:00 DEBUG 4081 --- [TimoProject] [    Test worker] org.hibernate.SQL                        : 
    insert 
    into
        post
        (content, moddate, regdate, title, writer) 
    values
        (?, ?, ?, ?, ?) 
    returning id
Hibernate: 
    insert 
    into
        post
        (content, moddate, regdate, title, writer) 
    values
        (?, ?, ?, ?, ?) 
    returning id
Post(id=88, title=Title...88, content=Content...88, writer=user8)
2024-11-10T22:54:14.907+09:00 DEBUG 4081 --- [TimoProject] [    Test worker] org.hibernate.SQL                        : 
    insert 
    into
        post
        (content, moddate, regdate, title, writer) 
    values
        (?, ?, ?, ?, ?) 
    returning id
Hibernate: 
    insert 
    into
        post
        (content, moddate, regdate, title, writer) 
    values
        (?, ?, ?, ?, ?) 
    returning id
Post(id=89, title=Title...89, content=Content...89, writer=user9)
2024-11-10T22:54:14.911+09:00 DEBUG 4081 --- [TimoProject] [    Test worker] org.hibernate.SQL                        : 
    insert 
    into
        post
        (content, moddate, regdate, title, writer) 
    values
        (?, ?, ?, ?, ?) 
    returning id
Hibernate: 
    insert 
    into
        post
        (content, moddate, regdate, title, writer) 
    values
        (?, ?, ?, ?, ?) 
    returning id
Post(id=90, title=Title...90, content=Content...90, writer=user0)
2024-11-10T22:54:14.914+09:00 DEBUG 4081 --- [TimoProject] [    Test worker] org.hibernate.SQL                        : 
    insert 
    into
        post
        (content, moddate, regdate, title, writer) 
    values
        (?, ?, ?, ?, ?) 
    returning id
Hibernate: 
    insert 
    into
        post
        (content, moddate, regdate, title, writer) 
    values
        (?, ?, ?, ?, ?) 
    returning id
Post(id=91, title=Title...91, content=Content...91, writer=user1)
2024-11-10T22:54:14.917+09:00 DEBUG 4081 --- [TimoProject] [    Test worker] org.hibernate.SQL                        : 
    insert 
    into
        post
        (content, moddate, regdate, title, writer) 
    values
        (?, ?, ?, ?, ?) 
    returning id
Hibernate: 
    insert 
    into
        post
        (content, moddate, regdate, title, writer) 
    values
        (?, ?, ?, ?, ?) 
    returning id
Post(id=92, title=Title...92, content=Content...92, writer=user2)
2024-11-10T22:54:14.921+09:00 DEBUG 4081 --- [TimoProject] [    Test worker] org.hibernate.SQL                        : 
    insert 
    into
        post
        (content, moddate, regdate, title, writer) 
    values
        (?, ?, ?, ?, ?) 
    returning id
Hibernate: 
    insert 
    into
        post
        (content, moddate, regdate, title, writer) 
    values
        (?, ?, ?, ?, ?) 
    returning id
Post(id=93, title=Title...93, content=Content...93, writer=user3)
2024-11-10T22:54:14.925+09:00 DEBUG 4081 --- [TimoProject] [    Test worker] org.hibernate.SQL                        : 
    insert 
    into
        post
        (content, moddate, regdate, title, writer) 
    values
        (?, ?, ?, ?, ?) 
    returning id
Hibernate: 
    insert 
    into
        post
        (content, moddate, regdate, title, writer) 
    values
        (?, ?, ?, ?, ?) 
    returning id
Post(id=94, title=Title...94, content=Content...94, writer=user4)
2024-11-10T22:54:14.928+09:00 DEBUG 4081 --- [TimoProject] [    Test worker] org.hibernate.SQL                        : 
    insert 
    into
        post
        (content, moddate, regdate, title, writer) 
    values
        (?, ?, ?, ?, ?) 
    returning id
Hibernate: 
    insert 
    into
        post
        (content, moddate, regdate, title, writer) 
    values
        (?, ?, ?, ?, ?) 
    returning id
Post(id=95, title=Title...95, content=Content...95, writer=user5)
2024-11-10T22:54:14.931+09:00 DEBUG 4081 --- [TimoProject] [    Test worker] org.hibernate.SQL                        : 
    insert 
    into
        post
        (content, moddate, regdate, title, writer) 
    values
        (?, ?, ?, ?, ?) 
    returning id
Hibernate: 
    insert 
    into
        post
        (content, moddate, regdate, title, writer) 
    values
        (?, ?, ?, ?, ?) 
    returning id
Post(id=96, title=Title...96, content=Content...96, writer=user6)
2024-11-10T22:54:14.934+09:00 DEBUG 4081 --- [TimoProject] [    Test worker] org.hibernate.SQL                        : 
    insert 
    into
        post
        (content, moddate, regdate, title, writer) 
    values
        (?, ?, ?, ?, ?) 
    returning id
Hibernate: 
    insert 
    into
        post
        (content, moddate, regdate, title, writer) 
    values
        (?, ?, ?, ?, ?) 
    returning id
Post(id=97, title=Title...97, content=Content...97, writer=user7)
2024-11-10T22:54:14.937+09:00 DEBUG 4081 --- [TimoProject] [    Test worker] org.hibernate.SQL                        : 
    insert 
    into
        post
        (content, moddate, regdate, title, writer) 
    values
        (?, ?, ?, ?, ?) 
    returning id
Hibernate: 
    insert 
    into
        post
        (content, moddate, regdate, title, writer) 
    values
        (?, ?, ?, ?, ?) 
    returning id
Post(id=98, title=Title...98, content=Content...98, writer=user8)
2024-11-10T22:54:14.940+09:00 DEBUG 4081 --- [TimoProject] [    Test worker] org.hibernate.SQL                        : 
    insert 
    into
        post
        (content, moddate, regdate, title, writer) 
    values
        (?, ?, ?, ?, ?) 
    returning id
Hibernate: 
    insert 
    into
        post
        (content, moddate, regdate, title, writer) 
    values
        (?, ?, ?, ?, ?) 
    returning id
Post(id=99, title=Title...99, content=Content...99, writer=user9)
2024-11-10T22:54:14.943+09:00 DEBUG 4081 --- [TimoProject] [    Test worker] org.hibernate.SQL                        : 
    insert 
    into
        post
        (content, moddate, regdate, title, writer) 
    values
        (?, ?, ?, ?, ?) 
    returning id
Hibernate: 
    insert 
    into
        post
        (content, moddate, regdate, title, writer) 
    values
        (?, ?, ?, ?, ?) 
    returning id
Post(id=100, title=Title...100, content=Content...100, writer=user0)
2024-11-10T22:54:14.945+09:00 DEBUG 4081 --- [TimoProject] [    Test worker] org.hibernate.SQL                        : 
    insert 
    into
        post
        (content, moddate, regdate, title, writer) 
    values
        (?, ?, ?, ?, ?) 
    returning id
Hibernate: 
    insert 
    into
        post
        (content, moddate, regdate, title, writer) 
    values
        (?, ?, ?, ?, ?) 
    returning id
Post(id=101, title=Title...101, content=Content...101, writer=user1)
2024-11-10T22:54:14.948+09:00 DEBUG 4081 --- [TimoProject] [    Test worker] org.hibernate.SQL                        : 
    insert 
    into
        post
        (content, moddate, regdate, title, writer) 
    values
        (?, ?, ?, ?, ?) 
    returning id
Hibernate: 
    insert 
    into
        post
        (content, moddate, regdate, title, writer) 
    values
        (?, ?, ?, ?, ?) 
    returning id
Post(id=102, title=Title...102, content=Content...102, writer=user2)
2024-11-10T22:54:14.951+09:00 DEBUG 4081 --- [TimoProject] [    Test worker] org.hibernate.SQL                        : 
    insert 
    into
        post
        (content, moddate, regdate, title, writer) 
    values
        (?, ?, ?, ?, ?) 
    returning id
Hibernate: 
    insert 
    into
        post
        (content, moddate, regdate, title, writer) 
    values
        (?, ?, ?, ?, ?) 
    returning id
Post(id=103, title=Title...103, content=Content...103, writer=user3)
2024-11-10T22:54:14.953+09:00 DEBUG 4081 --- [TimoProject] [    Test worker] org.hibernate.SQL                        : 
    insert 
    into
        post
        (content, moddate, regdate, title, writer) 
    values
        (?, ?, ?, ?, ?) 
    returning id
Hibernate: 
    insert 
    into
        post
        (content, moddate, regdate, title, writer) 
    values
        (?, ?, ?, ?, ?) 
    returning id
Post(id=104, title=Title...104, content=Content...104, writer=user4)
2024-11-10T22:54:14.956+09:00 DEBUG 4081 --- [TimoProject] [    Test worker] org.hibernate.SQL                        : 
    insert 
    into
        post
        (content, moddate, regdate, title, writer) 
    values
        (?, ?, ?, ?, ?) 
    returning id
Hibernate: 
    insert 
    into
        post
        (content, moddate, regdate, title, writer) 
    values
        (?, ?, ?, ?, ?) 
    returning id
Post(id=105, title=Title...105, content=Content...105, writer=user5)
2024-11-10T22:54:14.959+09:00 DEBUG 4081 --- [TimoProject] [    Test worker] org.hibernate.SQL                        : 
    insert 
    into
        post
        (content, moddate, regdate, title, writer) 
    values
        (?, ?, ?, ?, ?) 
    returning id
Hibernate: 
    insert 
    into
        post
        (content, moddate, regdate, title, writer) 
    values
        (?, ?, ?, ?, ?) 
    returning id
Post(id=106, title=Title...106, content=Content...106, writer=user6)
2024-11-10T22:54:14.962+09:00 DEBUG 4081 --- [TimoProject] [    Test worker] org.hibernate.SQL                        : 
    insert 
    into
        post
        (content, moddate, regdate, title, writer) 
    values
        (?, ?, ?, ?, ?) 
    returning id
Hibernate: 
    insert 
    into
        post
        (content, moddate, regdate, title, writer) 
    values
        (?, ?, ?, ?, ?) 
    returning id
Post(id=107, title=Title...107, content=Content...107, writer=user7)
2024-11-10T22:54:14.964+09:00 DEBUG 4081 --- [TimoProject] [    Test worker] org.hibernate.SQL                        : 
    insert 
    into
        post
        (content, moddate, regdate, title, writer) 
    values
        (?, ?, ?, ?, ?) 
    returning id
Hibernate: 
    insert 
    into
        post
        (content, moddate, regdate, title, writer) 
    values
        (?, ?, ?, ?, ?) 
    returning id
Post(id=108, title=Title...108, content=Content...108, writer=user8)
2024-11-10T22:54:14.966+09:00 DEBUG 4081 --- [TimoProject] [    Test worker] org.hibernate.SQL                        : 
    insert 
    into
        post
        (content, moddate, regdate, title, writer) 
    values
        (?, ?, ?, ?, ?) 
    returning id
Hibernate: 
    insert 
    into
        post
        (content, moddate, regdate, title, writer) 
    values
        (?, ?, ?, ?, ?) 
    returning id
Post(id=109, title=Title...109, content=Content...109, writer=user9)
2024-11-10T22:54:14.969+09:00 DEBUG 4081 --- [TimoProject] [    Test worker] org.hibernate.SQL                        : 
    insert 
    into
        post
        (content, moddate, regdate, title, writer) 
    values
        (?, ?, ?, ?, ?) 
    returning id
Hibernate: 
    insert 
    into
        post
        (content, moddate, regdate, title, writer) 
    values
        (?, ?, ?, ?, ?) 
    returning id
Post(id=110, title=Title...110, content=Content...110, writer=user0)
2024-11-10T22:54:14.973+09:00 DEBUG 4081 --- [TimoProject] [    Test worker] org.hibernate.SQL                        : 
    insert 
    into
        post
        (content, moddate, regdate, title, writer) 
    values
        (?, ?, ?, ?, ?) 
    returning id
Hibernate: 
    insert 
    into
        post
        (content, moddate, regdate, title, writer) 
    values
        (?, ?, ?, ?, ?) 
    returning id
Post(id=111, title=Title...111, content=Content...111, writer=user1)
2024-11-10T22:54:14.977+09:00 DEBUG 4081 --- [TimoProject] [    Test worker] org.hibernate.SQL                        : 
    insert 
    into
        post
        (content, moddate, regdate, title, writer) 
    values
        (?, ?, ?, ?, ?) 
    returning id
Hibernate: 
    insert 
    into
        post
        (content, moddate, regdate, title, writer) 
    values
        (?, ?, ?, ?, ?) 
    returning id
Post(id=112, title=Title...112, content=Content...112, writer=user2)
2024-11-10T22:54:14.981+09:00 DEBUG 4081 --- [TimoProject] [    Test worker] org.hibernate.SQL                        : 
    insert 
    into
        post
        (content, moddate, regdate, title, writer) 
    values
        (?, ?, ?, ?, ?) 
    returning id
Hibernate: 
    insert 
    into
        post
        (content, moddate, regdate, title, writer) 
    values
        (?, ?, ?, ?, ?) 
    returning id
Post(id=113, title=Title...113, content=Content...113, writer=user3)
2024-11-10T22:54:14.985+09:00 DEBUG 4081 --- [TimoProject] [    Test worker] org.hibernate.SQL                        : 
    insert 
    into
        post
        (content, moddate, regdate, title, writer) 
    values
        (?, ?, ?, ?, ?) 
    returning id
Hibernate: 
    insert 
    into
        post
        (content, moddate, regdate, title, writer) 
    values
        (?, ?, ?, ?, ?) 
    returning id
Post(id=114, title=Title...114, content=Content...114, writer=user4)
2024-11-10T22:54:14.990+09:00 DEBUG 4081 --- [TimoProject] [    Test worker] org.hibernate.SQL                        : 
    insert 
    into
        post
        (content, moddate, regdate, title, writer) 
    values
        (?, ?, ?, ?, ?) 
    returning id
Hibernate: 
    insert 
    into
        post
        (content, moddate, regdate, title, writer) 
    values
        (?, ?, ?, ?, ?) 
    returning id
Post(id=115, title=Title...115, content=Content...115, writer=user5)
2024-11-10T22:54:14.994+09:00 DEBUG 4081 --- [TimoProject] [    Test worker] org.hibernate.SQL                        : 
    insert 
    into
        post
        (content, moddate, regdate, title, writer) 
    values
        (?, ?, ?, ?, ?) 
    returning id
Hibernate: 
    insert 
    into
        post
        (content, moddate, regdate, title, writer) 
    values
        (?, ?, ?, ?, ?) 
    returning id
Post(id=116, title=Title...116, content=Content...116, writer=user6)
2024-11-10T22:54:14.998+09:00 DEBUG 4081 --- [TimoProject] [    Test worker] org.hibernate.SQL                        : 
    insert 
    into
        post
        (content, moddate, regdate, title, writer) 
    values
        (?, ?, ?, ?, ?) 
    returning id
Hibernate: 
    insert 
    into
        post
        (content, moddate, regdate, title, writer) 
    values
        (?, ?, ?, ?, ?) 
    returning id
Post(id=117, title=Title...117, content=Content...117, writer=user7)
2024-11-10T22:54:15.002+09:00 DEBUG 4081 --- [TimoProject] [    Test worker] org.hibernate.SQL                        : 
    insert 
    into
        post
        (content, moddate, regdate, title, writer) 
    values
        (?, ?, ?, ?, ?) 
    returning id
Hibernate: 
    insert 
    into
        post
        (content, moddate, regdate, title, writer) 
    values
        (?, ?, ?, ?, ?) 
    returning id
Post(id=118, title=Title...118, content=Content...118, writer=user8)
2024-11-10T22:54:15.007+09:00 DEBUG 4081 --- [TimoProject] [    Test worker] org.hibernate.SQL                        : 
    insert 
    into
        post
        (content, moddate, regdate, title, writer) 
    values
        (?, ?, ?, ?, ?) 
    returning id
Hibernate: 
    insert 
    into
        post
        (content, moddate, regdate, title, writer) 
    values
        (?, ?, ?, ?, ?) 
    returning id
Post(id=119, title=Title...119, content=Content...119, writer=user9)
2024-11-10T22:54:15.011+09:00 DEBUG 4081 --- [TimoProject] [    Test worker] org.hibernate.SQL                        : 
    insert 
    into
        post
        (content, moddate, regdate, title, writer) 
    values
        (?, ?, ?, ?, ?) 
    returning id
Hibernate: 
    insert 
    into
        post
        (content, moddate, regdate, title, writer) 
    values
        (?, ?, ?, ?, ?) 
    returning id
Post(id=120, title=Title...120, content=Content...120, writer=user0)
2024-11-10T22:54:15.015+09:00 DEBUG 4081 --- [TimoProject] [    Test worker] org.hibernate.SQL                        : 
    insert 
    into
        post
        (content, moddate, regdate, title, writer) 
    values
        (?, ?, ?, ?, ?) 
    returning id
Hibernate: 
    insert 
    into
        post
        (content, moddate, regdate, title, writer) 
    values
        (?, ?, ?, ?, ?) 
    returning id
Post(id=121, title=Title...121, content=Content...121, writer=user1)
2024-11-10T22:54:15.019+09:00 DEBUG 4081 --- [TimoProject] [    Test worker] org.hibernate.SQL                        : 
    insert 
    into
        post
        (content, moddate, regdate, title, writer) 
    values
        (?, ?, ?, ?, ?) 
    returning id
Hibernate: 
    insert 
    into
        post
        (content, moddate, regdate, title, writer) 
    values
        (?, ?, ?, ?, ?) 
    returning id
Post(id=122, title=Title...122, content=Content...122, writer=user2)
2024-11-10T22:54:15.023+09:00 DEBUG 4081 --- [TimoProject] [    Test worker] org.hibernate.SQL                        : 
    insert 
    into
        post
        (content, moddate, regdate, title, writer) 
    values
        (?, ?, ?, ?, ?) 
    returning id
Hibernate: 
    insert 
    into
        post
        (content, moddate, regdate, title, writer) 
    values
        (?, ?, ?, ?, ?) 
    returning id
Post(id=123, title=Title...123, content=Content...123, writer=user3)
2024-11-10T22:54:15.027+09:00 DEBUG 4081 --- [TimoProject] [    Test worker] org.hibernate.SQL                        : 
    insert 
    into
        post
        (content, moddate, regdate, title, writer) 
    values
        (?, ?, ?, ?, ?) 
    returning id
Hibernate: 
    insert 
    into
        post
        (content, moddate, regdate, title, writer) 
    values
        (?, ?, ?, ?, ?) 
    returning id
Post(id=124, title=Title...124, content=Content...124, writer=user4)
2024-11-10T22:54:15.030+09:00 DEBUG 4081 --- [TimoProject] [    Test worker] org.hibernate.SQL                        : 
    insert 
    into
        post
        (content, moddate, regdate, title, writer) 
    values
        (?, ?, ?, ?, ?) 
    returning id
Hibernate: 
    insert 
    into
        post
        (content, moddate, regdate, title, writer) 
    values
        (?, ?, ?, ?, ?) 
    returning id
Post(id=125, title=Title...125, content=Content...125, writer=user5)
2024-11-10T22:54:15.035+09:00 DEBUG 4081 --- [TimoProject] [    Test worker] org.hibernate.SQL                        : 
    insert 
    into
        post
        (content, moddate, regdate, title, writer) 
    values
        (?, ?, ?, ?, ?) 
    returning id
Hibernate: 
    insert 
    into
        post
        (content, moddate, regdate, title, writer) 
    values
        (?, ?, ?, ?, ?) 
    returning id
Post(id=126, title=Title...126, content=Content...126, writer=user6)
2024-11-10T22:54:15.041+09:00 DEBUG 4081 --- [TimoProject] [    Test worker] org.hibernate.SQL                        : 
    insert 
    into
        post
        (content, moddate, regdate, title, writer) 
    values
        (?, ?, ?, ?, ?) 
    returning id
Hibernate: 
    insert 
    into
        post
        (content, moddate, regdate, title, writer) 
    values
        (?, ?, ?, ?, ?) 
    returning id
Post(id=127, title=Title...127, content=Content...127, writer=user7)
2024-11-10T22:54:15.046+09:00 DEBUG 4081 --- [TimoProject] [    Test worker] org.hibernate.SQL                        : 
    insert 
    into
        post
        (content, moddate, regdate, title, writer) 
    values
        (?, ?, ?, ?, ?) 
    returning id
Hibernate: 
    insert 
    into
        post
        (content, moddate, regdate, title, writer) 
    values
        (?, ?, ?, ?, ?) 
    returning id
Post(id=128, title=Title...128, content=Content...128, writer=user8)
2024-11-10T22:54:15.052+09:00 DEBUG 4081 --- [TimoProject] [    Test worker] org.hibernate.SQL                        : 
    insert 
    into
        post
        (content, moddate, regdate, title, writer) 
    values
        (?, ?, ?, ?, ?) 
    returning id
Hibernate: 
    insert 
    into
        post
        (content, moddate, regdate, title, writer) 
    values
        (?, ?, ?, ?, ?) 
    returning id
Post(id=129, title=Title...129, content=Content...129, writer=user9)
2024-11-10T22:54:15.056+09:00 DEBUG 4081 --- [TimoProject] [    Test worker] org.hibernate.SQL                        : 
    insert 
    into
        post
        (content, moddate, regdate, title, writer) 
    values
        (?, ?, ?, ?, ?) 
    returning id
Hibernate: 
    insert 
    into
        post
        (content, moddate, regdate, title, writer) 
    values
        (?, ?, ?, ?, ?) 
    returning id
Post(id=130, title=Title...130, content=Content...130, writer=user0)
2024-11-10T22:54:15.060+09:00 DEBUG 4081 --- [TimoProject] [    Test worker] org.hibernate.SQL                        : 
    insert 
    into
        post
        (content, moddate, regdate, title, writer) 
    values
        (?, ?, ?, ?, ?) 
    returning id
Hibernate: 
    insert 
    into
        post
        (content, moddate, regdate, title, writer) 
    values
        (?, ?, ?, ?, ?) 
    returning id
Post(id=131, title=Title...131, content=Content...131, writer=user1)
2024-11-10T22:54:15.063+09:00 DEBUG 4081 --- [TimoProject] [    Test worker] org.hibernate.SQL                        : 
    insert 
    into
        post
        (content, moddate, regdate, title, writer) 
    values
        (?, ?, ?, ?, ?) 
    returning id
Hibernate: 
    insert 
    into
        post
        (content, moddate, regdate, title, writer) 
    values
        (?, ?, ?, ?, ?) 
    returning id
Post(id=132, title=Title...132, content=Content...132, writer=user2)
2024-11-10T22:54:15.067+09:00 DEBUG 4081 --- [TimoProject] [    Test worker] org.hibernate.SQL                        : 
    insert 
    into
        post
        (content, moddate, regdate, title, writer) 
    values
        (?, ?, ?, ?, ?) 
    returning id
Hibernate: 
    insert 
    into
        post
        (content, moddate, regdate, title, writer) 
    values
        (?, ?, ?, ?, ?) 
    returning id
Post(id=133, title=Title...133, content=Content...133, writer=user3)
2024-11-10T22:54:15.070+09:00 DEBUG 4081 --- [TimoProject] [    Test worker] org.hibernate.SQL                        : 
    insert 
    into
        post
        (content, moddate, regdate, title, writer) 
    values
        (?, ?, ?, ?, ?) 
    returning id
Hibernate: 
    insert 
    into
        post
        (content, moddate, regdate, title, writer) 
    values
        (?, ?, ?, ?, ?) 
    returning id
Post(id=134, title=Title...134, content=Content...134, writer=user4)
2024-11-10T22:54:15.073+09:00 DEBUG 4081 --- [TimoProject] [    Test worker] org.hibernate.SQL                        : 
    insert 
    into
        post
        (content, moddate, regdate, title, writer) 
    values
        (?, ?, ?, ?, ?) 
    returning id
Hibernate: 
    insert 
    into
        post
        (content, moddate, regdate, title, writer) 
    values
        (?, ?, ?, ?, ?) 
    returning id
Post(id=135, title=Title...135, content=Content...135, writer=user5)
2024-11-10T22:54:15.076+09:00 DEBUG 4081 --- [TimoProject] [    Test worker] org.hibernate.SQL                        : 
    insert 
    into
        post
        (content, moddate, regdate, title, writer) 
    values
        (?, ?, ?, ?, ?) 
    returning id
Hibernate: 
    insert 
    into
        post
        (content, moddate, regdate, title, writer) 
    values
        (?, ?, ?, ?, ?) 
    returning id
Post(id=136, title=Title...136, content=Content...136, writer=user6)
2024-11-10T22:54:15.079+09:00 DEBUG 4081 --- [TimoProject] [    Test worker] org.hibernate.SQL                        : 
    insert 
    into
        post
        (content, moddate, regdate, title, writer) 
    values
        (?, ?, ?, ?, ?) 
    returning id
Hibernate: 
    insert 
    into
        post
        (content, moddate, regdate, title, writer) 
    values
        (?, ?, ?, ?, ?) 
    returning id
Post(id=137, title=Title...137, content=Content...137, writer=user7)
2024-11-10T22:54:15.084+09:00 DEBUG 4081 --- [TimoProject] [    Test worker] org.hibernate.SQL                        : 
    insert 
    into
        post
        (content, moddate, regdate, title, writer) 
    values
        (?, ?, ?, ?, ?) 
    returning id
Hibernate: 
    insert 
    into
        post
        (content, moddate, regdate, title, writer) 
    values
        (?, ?, ?, ?, ?) 
    returning id
Post(id=138, title=Title...138, content=Content...138, writer=user8)
2024-11-10T22:54:15.087+09:00 DEBUG 4081 --- [TimoProject] [    Test worker] org.hibernate.SQL                        : 
    insert 
    into
        post
        (content, moddate, regdate, title, writer) 
    values
        (?, ?, ?, ?, ?) 
    returning id
Hibernate: 
    insert 
    into
        post
        (content, moddate, regdate, title, writer) 
    values
        (?, ?, ?, ?, ?) 
    returning id
Post(id=139, title=Title...139, content=Content...139, writer=user9)
2024-11-10T22:54:15.091+09:00 DEBUG 4081 --- [TimoProject] [    Test worker] org.hibernate.SQL                        : 
    insert 
    into
        post
        (content, moddate, regdate, title, writer) 
    values
        (?, ?, ?, ?, ?) 
    returning id
Hibernate: 
    insert 
    into
        post
        (content, moddate, regdate, title, writer) 
    values
        (?, ?, ?, ?, ?) 
    returning id
Post(id=140, title=Title...140, content=Content...140, writer=user0)
2024-11-10T22:54:15.094+09:00 DEBUG 4081 --- [TimoProject] [    Test worker] org.hibernate.SQL                        : 
    insert 
    into
        post
        (content, moddate, regdate, title, writer) 
    values
        (?, ?, ?, ?, ?) 
    returning id
Hibernate: 
    insert 
    into
        post
        (content, moddate, regdate, title, writer) 
    values
        (?, ?, ?, ?, ?) 
    returning id
Post(id=141, title=Title...141, content=Content...141, writer=user1)
2024-11-10T22:54:15.099+09:00 DEBUG 4081 --- [TimoProject] [    Test worker] org.hibernate.SQL                        : 
    insert 
    into
        post
        (content, moddate, regdate, title, writer) 
    values
        (?, ?, ?, ?, ?) 
    returning id
Hibernate: 
    insert 
    into
        post
        (content, moddate, regdate, title, writer) 
    values
        (?, ?, ?, ?, ?) 
    returning id
Post(id=142, title=Title...142, content=Content...142, writer=user2)
2024-11-10T22:54:15.101+09:00 DEBUG 4081 --- [TimoProject] [    Test worker] org.hibernate.SQL                        : 
    insert 
    into
        post
        (content, moddate, regdate, title, writer) 
    values
        (?, ?, ?, ?, ?) 
    returning id
Hibernate: 
    insert 
    into
        post
        (content, moddate, regdate, title, writer) 
    values
        (?, ?, ?, ?, ?) 
    returning id
Post(id=143, title=Title...143, content=Content...143, writer=user3)
2024-11-10T22:54:15.105+09:00 DEBUG 4081 --- [TimoProject] [    Test worker] org.hibernate.SQL                        : 
    insert 
    into
        post
        (content, moddate, regdate, title, writer) 
    values
        (?, ?, ?, ?, ?) 
    returning id
Hibernate: 
    insert 
    into
        post
        (content, moddate, regdate, title, writer) 
    values
        (?, ?, ?, ?, ?) 
    returning id
Post(id=144, title=Title...144, content=Content...144, writer=user4)
2024-11-10T22:54:15.108+09:00 DEBUG 4081 --- [TimoProject] [    Test worker] org.hibernate.SQL                        : 
    insert 
    into
        post
        (content, moddate, regdate, title, writer) 
    values
        (?, ?, ?, ?, ?) 
    returning id
Hibernate: 
    insert 
    into
        post
        (content, moddate, regdate, title, writer) 
    values
        (?, ?, ?, ?, ?) 
    returning id
Post(id=145, title=Title...145, content=Content...145, writer=user5)
2024-11-10T22:54:15.112+09:00 DEBUG 4081 --- [TimoProject] [    Test worker] org.hibernate.SQL                        : 
    insert 
    into
        post
        (content, moddate, regdate, title, writer) 
    values
        (?, ?, ?, ?, ?) 
    returning id
Hibernate: 
    insert 
    into
        post
        (content, moddate, regdate, title, writer) 
    values
        (?, ?, ?, ?, ?) 
    returning id
Post(id=146, title=Title...146, content=Content...146, writer=user6)
2024-11-10T22:54:15.115+09:00 DEBUG 4081 --- [TimoProject] [    Test worker] org.hibernate.SQL                        : 
    insert 
    into
        post
        (content, moddate, regdate, title, writer) 
    values
        (?, ?, ?, ?, ?) 
    returning id
Hibernate: 
    insert 
    into
        post
        (content, moddate, regdate, title, writer) 
    values
        (?, ?, ?, ?, ?) 
    returning id
Post(id=147, title=Title...147, content=Content...147, writer=user7)
2024-11-10T22:54:15.118+09:00 DEBUG 4081 --- [TimoProject] [    Test worker] org.hibernate.SQL                        : 
    insert 
    into
        post
        (content, moddate, regdate, title, writer) 
    values
        (?, ?, ?, ?, ?) 
    returning id
Hibernate: 
    insert 
    into
        post
        (content, moddate, regdate, title, writer) 
    values
        (?, ?, ?, ?, ?) 
    returning id
Post(id=148, title=Title...148, content=Content...148, writer=user8)
2024-11-10T22:54:15.122+09:00 DEBUG 4081 --- [TimoProject] [    Test worker] org.hibernate.SQL                        : 
    insert 
    into
        post
        (content, moddate, regdate, title, writer) 
    values
        (?, ?, ?, ?, ?) 
    returning id
Hibernate: 
    insert 
    into
        post
        (content, moddate, regdate, title, writer) 
    values
        (?, ?, ?, ?, ?) 
    returning id
Post(id=149, title=Title...149, content=Content...149, writer=user9)
2024-11-10T22:54:15.125+09:00 DEBUG 4081 --- [TimoProject] [    Test worker] org.hibernate.SQL                        : 
    insert 
    into
        post
        (content, moddate, regdate, title, writer) 
    values
        (?, ?, ?, ?, ?) 
    returning id
Hibernate: 
    insert 
    into
        post
        (content, moddate, regdate, title, writer) 
    values
        (?, ?, ?, ?, ?) 
    returning id
Post(id=150, title=Title...150, content=Content...150, writer=user0)
2024-11-10T22:54:15.128+09:00 DEBUG 4081 --- [TimoProject] [    Test worker] org.hibernate.SQL                        : 
    insert 
    into
        post
        (content, moddate, regdate, title, writer) 
    values
        (?, ?, ?, ?, ?) 
    returning id
Hibernate: 
    insert 
    into
        post
        (content, moddate, regdate, title, writer) 
    values
        (?, ?, ?, ?, ?) 
    returning id
Post(id=151, title=Title...151, content=Content...151, writer=user1)
2024-11-10T22:54:15.130+09:00 DEBUG 4081 --- [TimoProject] [    Test worker] org.hibernate.SQL                        : 
    insert 
    into
        post
        (content, moddate, regdate, title, writer) 
    values
        (?, ?, ?, ?, ?) 
    returning id
Hibernate: 
    insert 
    into
        post
        (content, moddate, regdate, title, writer) 
    values
        (?, ?, ?, ?, ?) 
    returning id
Post(id=152, title=Title...152, content=Content...152, writer=user2)
2024-11-10T22:54:15.133+09:00 DEBUG 4081 --- [TimoProject] [    Test worker] org.hibernate.SQL                        : 
    insert 
    into
        post
        (content, moddate, regdate, title, writer) 
    values
        (?, ?, ?, ?, ?) 
    returning id
Hibernate: 
    insert 
    into
        post
        (content, moddate, regdate, title, writer) 
    values
        (?, ?, ?, ?, ?) 
    returning id
Post(id=153, title=Title...153, content=Content...153, writer=user3)
2024-11-10T22:54:15.136+09:00 DEBUG 4081 --- [TimoProject] [    Test worker] org.hibernate.SQL                        : 
    insert 
    into
        post
        (content, moddate, regdate, title, writer) 
    values
        (?, ?, ?, ?, ?) 
    returning id
Hibernate: 
    insert 
    into
        post
        (content, moddate, regdate, title, writer) 
    values
        (?, ?, ?, ?, ?) 
    returning id
Post(id=154, title=Title...154, content=Content...154, writer=user4)
2024-11-10T22:54:15.139+09:00 DEBUG 4081 --- [TimoProject] [    Test worker] org.hibernate.SQL                        : 
    insert 
    into
        post
        (content, moddate, regdate, title, writer) 
    values
        (?, ?, ?, ?, ?) 
    returning id
Hibernate: 
    insert 
    into
        post
        (content, moddate, regdate, title, writer) 
    values
        (?, ?, ?, ?, ?) 
    returning id
Post(id=155, title=Title...155, content=Content...155, writer=user5)
2024-11-10T22:54:15.143+09:00 DEBUG 4081 --- [TimoProject] [    Test worker] org.hibernate.SQL                        : 
    insert 
    into
        post
        (content, moddate, regdate, title, writer) 
    values
        (?, ?, ?, ?, ?) 
    returning id
Hibernate: 
    insert 
    into
        post
        (content, moddate, regdate, title, writer) 
    values
        (?, ?, ?, ?, ?) 
    returning id
Post(id=156, title=Title...156, content=Content...156, writer=user6)
2024-11-10T22:54:15.146+09:00 DEBUG 4081 --- [TimoProject] [    Test worker] org.hibernate.SQL                        : 
    insert 
    into
        post
        (content, moddate, regdate, title, writer) 
    values
        (?, ?, ?, ?, ?) 
    returning id
Hibernate: 
    insert 
    into
        post
        (content, moddate, regdate, title, writer) 
    values
        (?, ?, ?, ?, ?) 
    returning id
Post(id=157, title=Title...157, content=Content...157, writer=user7)
2024-11-10T22:54:15.149+09:00 DEBUG 4081 --- [TimoProject] [    Test worker] org.hibernate.SQL                        : 
    insert 
    into
        post
        (content, moddate, regdate, title, writer) 
    values
        (?, ?, ?, ?, ?) 
    returning id
Hibernate: 
    insert 
    into
        post
        (content, moddate, regdate, title, writer) 
    values
        (?, ?, ?, ?, ?) 
    returning id
Post(id=158, title=Title...158, content=Content...158, writer=user8)
2024-11-10T22:54:15.152+09:00 DEBUG 4081 --- [TimoProject] [    Test worker] org.hibernate.SQL                        : 
    insert 
    into
        post
        (content, moddate, regdate, title, writer) 
    values
        (?, ?, ?, ?, ?) 
    returning id
Hibernate: 
    insert 
    into
        post
        (content, moddate, regdate, title, writer) 
    values
        (?, ?, ?, ?, ?) 
    returning id
Post(id=159, title=Title...159, content=Content...159, writer=user9)
2024-11-10T22:54:15.155+09:00 DEBUG 4081 --- [TimoProject] [    Test worker] org.hibernate.SQL                        : 
    insert 
    into
        post
        (content, moddate, regdate, title, writer) 
    values
        (?, ?, ?, ?, ?) 
    returning id
Hibernate: 
    insert 
    into
        post
        (content, moddate, regdate, title, writer) 
    values
        (?, ?, ?, ?, ?) 
    returning id
Post(id=160, title=Title...160, content=Content...160, writer=user0)
2024-11-10T22:54:15.159+09:00 DEBUG 4081 --- [TimoProject] [    Test worker] org.hibernate.SQL                        : 
    insert 
    into
        post
        (content, moddate, regdate, title, writer) 
    values
        (?, ?, ?, ?, ?) 
    returning id
Hibernate: 
    insert 
    into
        post
        (content, moddate, regdate, title, writer) 
    values
        (?, ?, ?, ?, ?) 
    returning id
Post(id=161, title=Title...161, content=Content...161, writer=user1)
2024-11-10T22:54:15.161+09:00 DEBUG 4081 --- [TimoProject] [    Test worker] org.hibernate.SQL                        : 
    insert 
    into
        post
        (content, moddate, regdate, title, writer) 
    values
        (?, ?, ?, ?, ?) 
    returning id
Hibernate: 
    insert 
    into
        post
        (content, moddate, regdate, title, writer) 
    values
        (?, ?, ?, ?, ?) 
    returning id
Post(id=162, title=Title...162, content=Content...162, writer=user2)
2024-11-10T22:54:15.164+09:00 DEBUG 4081 --- [TimoProject] [    Test worker] org.hibernate.SQL                        : 
    insert 
    into
        post
        (content, moddate, regdate, title, writer) 
    values
        (?, ?, ?, ?, ?) 
    returning id
Hibernate: 
    insert 
    into
        post
        (content, moddate, regdate, title, writer) 
    values
        (?, ?, ?, ?, ?) 
    returning id
Post(id=163, title=Title...163, content=Content...163, writer=user3)
2024-11-10T22:54:15.167+09:00 DEBUG 4081 --- [TimoProject] [    Test worker] org.hibernate.SQL                        : 
    insert 
    into
        post
        (content, moddate, regdate, title, writer) 
    values
        (?, ?, ?, ?, ?) 
    returning id
Hibernate: 
    insert 
    into
        post
        (content, moddate, regdate, title, writer) 
    values
        (?, ?, ?, ?, ?) 
    returning id
Post(id=164, title=Title...164, content=Content...164, writer=user4)
2024-11-10T22:54:15.169+09:00 DEBUG 4081 --- [TimoProject] [    Test worker] org.hibernate.SQL                        : 
    insert 
    into
        post
        (content, moddate, regdate, title, writer) 
    values
        (?, ?, ?, ?, ?) 
    returning id
Hibernate: 
    insert 
    into
        post
        (content, moddate, regdate, title, writer) 
    values
        (?, ?, ?, ?, ?) 
    returning id
Post(id=165, title=Title...165, content=Content...165, writer=user5)
2024-11-10T22:54:15.173+09:00 DEBUG 4081 --- [TimoProject] [    Test worker] org.hibernate.SQL                        : 
    insert 
    into
        post
        (content, moddate, regdate, title, writer) 
    values
        (?, ?, ?, ?, ?) 
    returning id
Hibernate: 
    insert 
    into
        post
        (content, moddate, regdate, title, writer) 
    values
        (?, ?, ?, ?, ?) 
    returning id
Post(id=166, title=Title...166, content=Content...166, writer=user6)
2024-11-10T22:54:15.177+09:00 DEBUG 4081 --- [TimoProject] [    Test worker] org.hibernate.SQL                        : 
    insert 
    into
        post
        (content, moddate, regdate, title, writer) 
    values
        (?, ?, ?, ?, ?) 
    returning id
Hibernate: 
    insert 
    into
        post
        (content, moddate, regdate, title, writer) 
    values
        (?, ?, ?, ?, ?) 
    returning id
Post(id=167, title=Title...167, content=Content...167, writer=user7)
2024-11-10T22:54:15.180+09:00 DEBUG 4081 --- [TimoProject] [    Test worker] org.hibernate.SQL                        : 
    insert 
    into
        post
        (content, moddate, regdate, title, writer) 
    values
        (?, ?, ?, ?, ?) 
    returning id
Hibernate: 
    insert 
    into
        post
        (content, moddate, regdate, title, writer) 
    values
        (?, ?, ?, ?, ?) 
    returning id
Post(id=168, title=Title...168, content=Content...168, writer=user8)
2024-11-10T22:54:15.184+09:00 DEBUG 4081 --- [TimoProject] [    Test worker] org.hibernate.SQL                        : 
    insert 
    into
        post
        (content, moddate, regdate, title, writer) 
    values
        (?, ?, ?, ?, ?) 
    returning id
Hibernate: 
    insert 
    into
        post
        (content, moddate, regdate, title, writer) 
    values
        (?, ?, ?, ?, ?) 
    returning id
Post(id=169, title=Title...169, content=Content...169, writer=user9)
2024-11-10T22:54:15.187+09:00 DEBUG 4081 --- [TimoProject] [    Test worker] org.hibernate.SQL                        : 
    insert 
    into
        post
        (content, moddate, regdate, title, writer) 
    values
        (?, ?, ?, ?, ?) 
    returning id
Hibernate: 
    insert 
    into
        post
        (content, moddate, regdate, title, writer) 
    values
        (?, ?, ?, ?, ?) 
    returning id
Post(id=170, title=Title...170, content=Content...170, writer=user0)
2024-11-10T22:54:15.193+09:00 DEBUG 4081 --- [TimoProject] [    Test worker] org.hibernate.SQL                        : 
    insert 
    into
        post
        (content, moddate, regdate, title, writer) 
    values
        (?, ?, ?, ?, ?) 
    returning id
Hibernate: 
    insert 
    into
        post
        (content, moddate, regdate, title, writer) 
    values
        (?, ?, ?, ?, ?) 
    returning id
Post(id=171, title=Title...171, content=Content...171, writer=user1)
2024-11-10T22:54:15.197+09:00 DEBUG 4081 --- [TimoProject] [    Test worker] org.hibernate.SQL                        : 
    insert 
    into
        post
        (content, moddate, regdate, title, writer) 
    values
        (?, ?, ?, ?, ?) 
    returning id
Hibernate: 
    insert 
    into
        post
        (content, moddate, regdate, title, writer) 
    values
        (?, ?, ?, ?, ?) 
    returning id
Post(id=172, title=Title...172, content=Content...172, writer=user2)
2024-11-10T22:54:15.202+09:00 DEBUG 4081 --- [TimoProject] [    Test worker] org.hibernate.SQL                        : 
    insert 
    into
        post
        (content, moddate, regdate, title, writer) 
    values
        (?, ?, ?, ?, ?) 
    returning id
Hibernate: 
    insert 
    into
        post
        (content, moddate, regdate, title, writer) 
    values
        (?, ?, ?, ?, ?) 
    returning id
Post(id=173, title=Title...173, content=Content...173, writer=user3)
2024-11-10T22:54:15.205+09:00 DEBUG 4081 --- [TimoProject] [    Test worker] org.hibernate.SQL                        : 
    insert 
    into
        post
        (content, moddate, regdate, title, writer) 
    values
        (?, ?, ?, ?, ?) 
    returning id
Hibernate: 
    insert 
    into
        post
        (content, moddate, regdate, title, writer) 
    values
        (?, ?, ?, ?, ?) 
    returning id
Post(id=174, title=Title...174, content=Content...174, writer=user4)
2024-11-10T22:54:15.210+09:00 DEBUG 4081 --- [TimoProject] [    Test worker] org.hibernate.SQL                        : 
    insert 
    into
        post
        (content, moddate, regdate, title, writer) 
    values
        (?, ?, ?, ?, ?) 
    returning id
Hibernate: 
    insert 
    into
        post
        (content, moddate, regdate, title, writer) 
    values
        (?, ?, ?, ?, ?) 
    returning id
Post(id=175, title=Title...175, content=Content...175, writer=user5)
2024-11-10T22:54:15.215+09:00 DEBUG 4081 --- [TimoProject] [    Test worker] org.hibernate.SQL                        : 
    insert 
    into
        post
        (content, moddate, regdate, title, writer) 
    values
        (?, ?, ?, ?, ?) 
    returning id
Hibernate: 
    insert 
    into
        post
        (content, moddate, regdate, title, writer) 
    values
        (?, ?, ?, ?, ?) 
    returning id
Post(id=176, title=Title...176, content=Content...176, writer=user6)
2024-11-10T22:54:15.219+09:00 DEBUG 4081 --- [TimoProject] [    Test worker] org.hibernate.SQL                        : 
    insert 
    into
        post
        (content, moddate, regdate, title, writer) 
    values
        (?, ?, ?, ?, ?) 
    returning id
Hibernate: 
    insert 
    into
        post
        (content, moddate, regdate, title, writer) 
    values
        (?, ?, ?, ?, ?) 
    returning id
Post(id=177, title=Title...177, content=Content...177, writer=user7)
2024-11-10T22:54:15.223+09:00 DEBUG 4081 --- [TimoProject] [    Test worker] org.hibernate.SQL                        : 
    insert 
    into
        post
        (content, moddate, regdate, title, writer) 
    values
        (?, ?, ?, ?, ?) 
    returning id
Hibernate: 
    insert 
    into
        post
        (content, moddate, regdate, title, writer) 
    values
        (?, ?, ?, ?, ?) 
    returning id
Post(id=178, title=Title...178, content=Content...178, writer=user8)
2024-11-10T22:54:15.227+09:00 DEBUG 4081 --- [TimoProject] [    Test worker] org.hibernate.SQL                        : 
    insert 
    into
        post
        (content, moddate, regdate, title, writer) 
    values
        (?, ?, ?, ?, ?) 
    returning id
Hibernate: 
    insert 
    into
        post
        (content, moddate, regdate, title, writer) 
    values
        (?, ?, ?, ?, ?) 
    returning id
Post(id=179, title=Title...179, content=Content...179, writer=user9)
2024-11-10T22:54:15.231+09:00 DEBUG 4081 --- [TimoProject] [    Test worker] org.hibernate.SQL                        : 
    insert 
    into
        post
        (content, moddate, regdate, title, writer) 
    values
        (?, ?, ?, ?, ?) 
    returning id
Hibernate: 
    insert 
    into
        post
        (content, moddate, regdate, title, writer) 
    values
        (?, ?, ?, ?, ?) 
    returning id
Post(id=180, title=Title...180, content=Content...180, writer=user0)
2024-11-10T22:54:15.235+09:00 DEBUG 4081 --- [TimoProject] [    Test worker] org.hibernate.SQL                        : 
    insert 
    into
        post
        (content, moddate, regdate, title, writer) 
    values
        (?, ?, ?, ?, ?) 
    returning id
Hibernate: 
    insert 
    into
        post
        (content, moddate, regdate, title, writer) 
    values
        (?, ?, ?, ?, ?) 
    returning id
Post(id=181, title=Title...181, content=Content...181, writer=user1)
2024-11-10T22:54:15.238+09:00 DEBUG 4081 --- [TimoProject] [    Test worker] org.hibernate.SQL                        : 
    insert 
    into
        post
        (content, moddate, regdate, title, writer) 
    values
        (?, ?, ?, ?, ?) 
    returning id
Hibernate: 
    insert 
    into
        post
        (content, moddate, regdate, title, writer) 
    values
        (?, ?, ?, ?, ?) 
    returning id
Post(id=182, title=Title...182, content=Content...182, writer=user2)
2024-11-10T22:54:15.244+09:00 DEBUG 4081 --- [TimoProject] [    Test worker] org.hibernate.SQL                        : 
    insert 
    into
        post
        (content, moddate, regdate, title, writer) 
    values
        (?, ?, ?, ?, ?) 
    returning id
Hibernate: 
    insert 
    into
        post
        (content, moddate, regdate, title, writer) 
    values
        (?, ?, ?, ?, ?) 
    returning id
Post(id=183, title=Title...183, content=Content...183, writer=user3)
2024-11-10T22:54:15.248+09:00 DEBUG 4081 --- [TimoProject] [    Test worker] org.hibernate.SQL                        : 
    insert 
    into
        post
        (content, moddate, regdate, title, writer) 
    values
        (?, ?, ?, ?, ?) 
    returning id
Hibernate: 
    insert 
    into
        post
        (content, moddate, regdate, title, writer) 
    values
        (?, ?, ?, ?, ?) 
    returning id
Post(id=184, title=Title...184, content=Content...184, writer=user4)
2024-11-10T22:54:15.252+09:00 DEBUG 4081 --- [TimoProject] [    Test worker] org.hibernate.SQL                        : 
    insert 
    into
        post
        (content, moddate, regdate, title, writer) 
    values
        (?, ?, ?, ?, ?) 
    returning id
Hibernate: 
    insert 
    into
        post
        (content, moddate, regdate, title, writer) 
    values
        (?, ?, ?, ?, ?) 
    returning id
Post(id=185, title=Title...185, content=Content...185, writer=user5)
2024-11-10T22:54:15.256+09:00 DEBUG 4081 --- [TimoProject] [    Test worker] org.hibernate.SQL                        : 
    insert 
    into
        post
        (content, moddate, regdate, title, writer) 
    values
        (?, ?, ?, ?, ?) 
    returning id
Hibernate: 
    insert 
    into
        post
        (content, moddate, regdate, title, writer) 
    values
        (?, ?, ?, ?, ?) 
    returning id
Post(id=186, title=Title...186, content=Content...186, writer=user6)
2024-11-10T22:54:15.260+09:00 DEBUG 4081 --- [TimoProject] [    Test worker] org.hibernate.SQL                        : 
    insert 
    into
        post
        (content, moddate, regdate, title, writer) 
    values
        (?, ?, ?, ?, ?) 
    returning id
Hibernate: 
    insert 
    into
        post
        (content, moddate, regdate, title, writer) 
    values
        (?, ?, ?, ?, ?) 
    returning id
Post(id=187, title=Title...187, content=Content...187, writer=user7)
2024-11-10T22:54:15.264+09:00 DEBUG 4081 --- [TimoProject] [    Test worker] org.hibernate.SQL                        : 
    insert 
    into
        post
        (content, moddate, regdate, title, writer) 
    values
        (?, ?, ?, ?, ?) 
    returning id
Hibernate: 
    insert 
    into
        post
        (content, moddate, regdate, title, writer) 
    values
        (?, ?, ?, ?, ?) 
    returning id
Post(id=188, title=Title...188, content=Content...188, writer=user8)
2024-11-10T22:54:15.269+09:00 DEBUG 4081 --- [TimoProject] [    Test worker] org.hibernate.SQL                        : 
    insert 
    into
        post
        (content, moddate, regdate, title, writer) 
    values
        (?, ?, ?, ?, ?) 
    returning id
Hibernate: 
    insert 
    into
        post
        (content, moddate, regdate, title, writer) 
    values
        (?, ?, ?, ?, ?) 
    returning id
Post(id=189, title=Title...189, content=Content...189, writer=user9)
2024-11-10T22:54:15.273+09:00 DEBUG 4081 --- [TimoProject] [    Test worker] org.hibernate.SQL                        : 
    insert 
    into
        post
        (content, moddate, regdate, title, writer) 
    values
        (?, ?, ?, ?, ?) 
    returning id
Hibernate: 
    insert 
    into
        post
        (content, moddate, regdate, title, writer) 
    values
        (?, ?, ?, ?, ?) 
    returning id
Post(id=190, title=Title...190, content=Content...190, writer=user0)
2024-11-10T22:54:15.277+09:00 DEBUG 4081 --- [TimoProject] [    Test worker] org.hibernate.SQL                        : 
    insert 
    into
        post
        (content, moddate, regdate, title, writer) 
    values
        (?, ?, ?, ?, ?) 
    returning id
Hibernate: 
    insert 
    into
        post
        (content, moddate, regdate, title, writer) 
    values
        (?, ?, ?, ?, ?) 
    returning id
Post(id=191, title=Title...191, content=Content...191, writer=user1)
2024-11-10T22:54:15.280+09:00 DEBUG 4081 --- [TimoProject] [    Test worker] org.hibernate.SQL                        : 
    insert 
    into
        post
        (content, moddate, regdate, title, writer) 
    values
        (?, ?, ?, ?, ?) 
    returning id
Hibernate: 
    insert 
    into
        post
        (content, moddate, regdate, title, writer) 
    values
        (?, ?, ?, ?, ?) 
    returning id
Post(id=192, title=Title...192, content=Content...192, writer=user2)
2024-11-10T22:54:15.284+09:00 DEBUG 4081 --- [TimoProject] [    Test worker] org.hibernate.SQL                        : 
    insert 
    into
        post
        (content, moddate, regdate, title, writer) 
    values
        (?, ?, ?, ?, ?) 
    returning id
Hibernate: 
    insert 
    into
        post
        (content, moddate, regdate, title, writer) 
    values
        (?, ?, ?, ?, ?) 
    returning id
Post(id=193, title=Title...193, content=Content...193, writer=user3)
2024-11-10T22:54:15.287+09:00 DEBUG 4081 --- [TimoProject] [    Test worker] org.hibernate.SQL                        : 
    insert 
    into
        post
        (content, moddate, regdate, title, writer) 
    values
        (?, ?, ?, ?, ?) 
    returning id
Hibernate: 
    insert 
    into
        post
        (content, moddate, regdate, title, writer) 
    values
        (?, ?, ?, ?, ?) 
    returning id
Post(id=194, title=Title...194, content=Content...194, writer=user4)
2024-11-10T22:54:15.291+09:00 DEBUG 4081 --- [TimoProject] [    Test worker] org.hibernate.SQL                        : 
    insert 
    into
        post
        (content, moddate, regdate, title, writer) 
    values
        (?, ?, ?, ?, ?) 
    returning id
Hibernate: 
    insert 
    into
        post
        (content, moddate, regdate, title, writer) 
    values
        (?, ?, ?, ?, ?) 
    returning id
Post(id=195, title=Title...195, content=Content...195, writer=user5)
2024-11-10T22:54:15.293+09:00 DEBUG 4081 --- [TimoProject] [    Test worker] org.hibernate.SQL                        : 
    insert 
    into
        post
        (content, moddate, regdate, title, writer) 
    values
        (?, ?, ?, ?, ?) 
    returning id
Hibernate: 
    insert 
    into
        post
        (content, moddate, regdate, title, writer) 
    values
        (?, ?, ?, ?, ?) 
    returning id
Post(id=196, title=Title...196, content=Content...196, writer=user6)
2024-11-10T22:54:15.296+09:00 DEBUG 4081 --- [TimoProject] [    Test worker] org.hibernate.SQL                        : 
    insert 
    into
        post
        (content, moddate, regdate, title, writer) 
    values
        (?, ?, ?, ?, ?) 
    returning id
Hibernate: 
    insert 
    into
        post
        (content, moddate, regdate, title, writer) 
    values
        (?, ?, ?, ?, ?) 
    returning id
Post(id=197, title=Title...197, content=Content...197, writer=user7)
2024-11-10T22:54:15.300+09:00 DEBUG 4081 --- [TimoProject] [    Test worker] org.hibernate.SQL                        : 
    insert 
    into
        post
        (content, moddate, regdate, title, writer) 
    values
        (?, ?, ?, ?, ?) 
    returning id
Hibernate: 
    insert 
    into
        post
        (content, moddate, regdate, title, writer) 
    values
        (?, ?, ?, ?, ?) 
    returning id
Post(id=198, title=Title...198, content=Content...198, writer=user8)
2024-11-10T22:54:15.303+09:00 DEBUG 4081 --- [TimoProject] [    Test worker] org.hibernate.SQL                        : 
    insert 
    into
        post
        (content, moddate, regdate, title, writer) 
    values
        (?, ?, ?, ?, ?) 
    returning id
Hibernate: 
    insert 
    into
        post
        (content, moddate, regdate, title, writer) 
    values
        (?, ?, ?, ?, ?) 
    returning id
Post(id=199, title=Title...199, content=Content...199, writer=user9)
2024-11-10T22:54:15.307+09:00 DEBUG 4081 --- [TimoProject] [    Test worker] org.hibernate.SQL                        : 
    insert 
    into
        post
        (content, moddate, regdate, title, writer) 
    values
        (?, ?, ?, ?, ?) 
    returning id
Hibernate: 
    insert 
    into
        post
        (content, moddate, regdate, title, writer) 
    values
        (?, ?, ?, ?, ?) 
    returning id
Post(id=200, title=Title...200, content=Content...200, writer=user0)
2024-11-10T22:54:15.310+09:00 DEBUG 4081 --- [TimoProject] [    Test worker] org.hibernate.SQL                        : 
    insert 
    into
        post
        (content, moddate, regdate, title, writer) 
    values
        (?, ?, ?, ?, ?) 
    returning id
Hibernate: 
    insert 
    into
        post
        (content, moddate, regdate, title, writer) 
    values
        (?, ?, ?, ?, ?) 
    returning id
Post(id=201, title=Title...201, content=Content...201, writer=user1)
2024-11-10T22:54:15.314+09:00 DEBUG 4081 --- [TimoProject] [    Test worker] org.hibernate.SQL                        : 
    insert 
    into
        post
        (content, moddate, regdate, title, writer) 
    values
        (?, ?, ?, ?, ?) 
    returning id
Hibernate: 
    insert 
    into
        post
        (content, moddate, regdate, title, writer) 
    values
        (?, ?, ?, ?, ?) 
    returning id
Post(id=202, title=Title...202, content=Content...202, writer=user2)
2024-11-10T22:54:15.318+09:00 DEBUG 4081 --- [TimoProject] [    Test worker] org.hibernate.SQL                        : 
    insert 
    into
        post
        (content, moddate, regdate, title, writer) 
    values
        (?, ?, ?, ?, ?) 
    returning id
Hibernate: 
    insert 
    into
        post
        (content, moddate, regdate, title, writer) 
    values
        (?, ?, ?, ?, ?) 
    returning id
Post(id=203, title=Title...203, content=Content...203, writer=user3)
2024-11-10T22:54:15.322+09:00 DEBUG 4081 --- [TimoProject] [    Test worker] org.hibernate.SQL                        : 
    insert 
    into
        post
        (content, moddate, regdate, title, writer) 
    values
        (?, ?, ?, ?, ?) 
    returning id
Hibernate: 
    insert 
    into
        post
        (content, moddate, regdate, title, writer) 
    values
        (?, ?, ?, ?, ?) 
    returning id
Post(id=204, title=Title...204, content=Content...204, writer=user4)
2024-11-10T22:54:15.326+09:00 DEBUG 4081 --- [TimoProject] [    Test worker] org.hibernate.SQL                        : 
    insert 
    into
        post
        (content, moddate, regdate, title, writer) 
    values
        (?, ?, ?, ?, ?) 
    returning id
Hibernate: 
    insert 
    into
        post
        (content, moddate, regdate, title, writer) 
    values
        (?, ?, ?, ?, ?) 
    returning id
Post(id=205, title=Title...205, content=Content...205, writer=user5)
2024-11-10T22:54:15.330+09:00 DEBUG 4081 --- [TimoProject] [    Test worker] org.hibernate.SQL                        : 
    insert 
    into
        post
        (content, moddate, regdate, title, writer) 
    values
        (?, ?, ?, ?, ?) 
    returning id
Hibernate: 
    insert 
    into
        post
        (content, moddate, regdate, title, writer) 
    values
        (?, ?, ?, ?, ?) 
    returning id
Post(id=206, title=Title...206, content=Content...206, writer=user6)
2024-11-10T22:54:15.333+09:00 DEBUG 4081 --- [TimoProject] [    Test worker] org.hibernate.SQL                        : 
    insert 
    into
        post
        (content, moddate, regdate, title, writer) 
    values
        (?, ?, ?, ?, ?) 
    returning id
Hibernate: 
    insert 
    into
        post
        (content, moddate, regdate, title, writer) 
    values
        (?, ?, ?, ?, ?) 
    returning id
Post(id=207, title=Title...207, content=Content...207, writer=user7)
2024-11-10T22:54:15.335+09:00 DEBUG 4081 --- [TimoProject] [    Test worker] org.hibernate.SQL                        : 
    insert 
    into
        post
        (content, moddate, regdate, title, writer) 
    values
        (?, ?, ?, ?, ?) 
    returning id
Hibernate: 
    insert 
    into
        post
        (content, moddate, regdate, title, writer) 
    values
        (?, ?, ?, ?, ?) 
    returning id
Post(id=208, title=Title...208, content=Content...208, writer=user8)
2024-11-10T22:54:15.338+09:00 DEBUG 4081 --- [TimoProject] [    Test worker] org.hibernate.SQL                        : 
    insert 
    into
        post
        (content, moddate, regdate, title, writer) 
    values
        (?, ?, ?, ?, ?) 
    returning id
Hibernate: 
    insert 
    into
        post
        (content, moddate, regdate, title, writer) 
    values
        (?, ?, ?, ?, ?) 
    returning id
Post(id=209, title=Title...209, content=Content...209, writer=user9)
2024-11-10T22:54:15.341+09:00 DEBUG 4081 --- [TimoProject] [    Test worker] org.hibernate.SQL                        : 
    insert 
    into
        post
        (content, moddate, regdate, title, writer) 
    values
        (?, ?, ?, ?, ?) 
    returning id
Hibernate: 
    insert 
    into
        post
        (content, moddate, regdate, title, writer) 
    values
        (?, ?, ?, ?, ?) 
    returning id
Post(id=210, title=Title...210, content=Content...210, writer=user0)
2024-11-10T22:54:15.344+09:00 DEBUG 4081 --- [TimoProject] [    Test worker] org.hibernate.SQL                        : 
    insert 
    into
        post
        (content, moddate, regdate, title, writer) 
    values
        (?, ?, ?, ?, ?) 
    returning id
Hibernate: 
    insert 
    into
        post
        (content, moddate, regdate, title, writer) 
    values
        (?, ?, ?, ?, ?) 
    returning id
Post(id=211, title=Title...211, content=Content...211, writer=user1)
2024-11-10T22:54:15.346+09:00 DEBUG 4081 --- [TimoProject] [    Test worker] org.hibernate.SQL                        : 
    insert 
    into
        post
        (content, moddate, regdate, title, writer) 
    values
        (?, ?, ?, ?, ?) 
    returning id
Hibernate: 
    insert 
    into
        post
        (content, moddate, regdate, title, writer) 
    values
        (?, ?, ?, ?, ?) 
    returning id
Post(id=212, title=Title...212, content=Content...212, writer=user2)
2024-11-10T22:54:15.348+09:00 DEBUG 4081 --- [TimoProject] [    Test worker] org.hibernate.SQL                        : 
    insert 
    into
        post
        (content, moddate, regdate, title, writer) 
    values
        (?, ?, ?, ?, ?) 
    returning id
Hibernate: 
    insert 
    into
        post
        (content, moddate, regdate, title, writer) 
    values
        (?, ?, ?, ?, ?) 
    returning id
Post(id=213, title=Title...213, content=Content...213, writer=user3)
2024-11-10T22:54:15.353+09:00 DEBUG 4081 --- [TimoProject] [    Test worker] org.hibernate.SQL                        : 
    insert 
    into
        post
        (content, moddate, regdate, title, writer) 
    values
        (?, ?, ?, ?, ?) 
    returning id
Hibernate: 
    insert 
    into
        post
        (content, moddate, regdate, title, writer) 
    values
        (?, ?, ?, ?, ?) 
    returning id
Post(id=214, title=Title...214, content=Content...214, writer=user4)
2024-11-10T22:54:15.358+09:00 DEBUG 4081 --- [TimoProject] [    Test worker] org.hibernate.SQL                        : 
    insert 
    into
        post
        (content, moddate, regdate, title, writer) 
    values
        (?, ?, ?, ?, ?) 
    returning id
Hibernate: 
    insert 
    into
        post
        (content, moddate, regdate, title, writer) 
    values
        (?, ?, ?, ?, ?) 
    returning id
Post(id=215, title=Title...215, content=Content...215, writer=user5)
2024-11-10T22:54:15.361+09:00 DEBUG 4081 --- [TimoProject] [    Test worker] org.hibernate.SQL                        : 
    insert 
    into
        post
        (content, moddate, regdate, title, writer) 
    values
        (?, ?, ?, ?, ?) 
    returning id
Hibernate: 
    insert 
    into
        post
        (content, moddate, regdate, title, writer) 
    values
        (?, ?, ?, ?, ?) 
    returning id
Post(id=216, title=Title...216, content=Content...216, writer=user6)
2024-11-10T22:54:15.363+09:00 DEBUG 4081 --- [TimoProject] [    Test worker] org.hibernate.SQL                        : 
    insert 
    into
        post
        (content, moddate, regdate, title, writer) 
    values
        (?, ?, ?, ?, ?) 
    returning id
Hibernate: 
    insert 
    into
        post
        (content, moddate, regdate, title, writer) 
    values
        (?, ?, ?, ?, ?) 
    returning id
Post(id=217, title=Title...217, content=Content...217, writer=user7)
2024-11-10T22:54:15.367+09:00 DEBUG 4081 --- [TimoProject] [    Test worker] org.hibernate.SQL                        : 
    insert 
    into
        post
        (content, moddate, regdate, title, writer) 
    values
        (?, ?, ?, ?, ?) 
    returning id
Hibernate: 
    insert 
    into
        post
        (content, moddate, regdate, title, writer) 
    values
        (?, ?, ?, ?, ?) 
    returning id
Post(id=218, title=Title...218, content=Content...218, writer=user8)
2024-11-10T22:54:15.370+09:00 DEBUG 4081 --- [TimoProject] [    Test worker] org.hibernate.SQL                        : 
    insert 
    into
        post
        (content, moddate, regdate, title, writer) 
    values
        (?, ?, ?, ?, ?) 
    returning id
Hibernate: 
    insert 
    into
        post
        (content, moddate, regdate, title, writer) 
    values
        (?, ?, ?, ?, ?) 
    returning id
Post(id=219, title=Title...219, content=Content...219, writer=user9)
2024-11-10T22:54:15.376+09:00 DEBUG 4081 --- [TimoProject] [    Test worker] org.hibernate.SQL                        : 
    insert 
    into
        post
        (content, moddate, regdate, title, writer) 
    values
        (?, ?, ?, ?, ?) 
    returning id
Hibernate: 
    insert 
    into
        post
        (content, moddate, regdate, title, writer) 
    values
        (?, ?, ?, ?, ?) 
    returning id
Post(id=220, title=Title...220, content=Content...220, writer=user0)
2024-11-10T22:54:15.380+09:00 DEBUG 4081 --- [TimoProject] [    Test worker] org.hibernate.SQL                        : 
    insert 
    into
        post
        (content, moddate, regdate, title, writer) 
    values
        (?, ?, ?, ?, ?) 
    returning id
Hibernate: 
    insert 
    into
        post
        (content, moddate, regdate, title, writer) 
    values
        (?, ?, ?, ?, ?) 
    returning id
Post(id=221, title=Title...221, content=Content...221, writer=user1)
2024-11-10T22:54:15.385+09:00 DEBUG 4081 --- [TimoProject] [    Test worker] org.hibernate.SQL                        : 
    insert 
    into
        post
        (content, moddate, regdate, title, writer) 
    values
        (?, ?, ?, ?, ?) 
    returning id
Hibernate: 
    insert 
    into
        post
        (content, moddate, regdate, title, writer) 
    values
        (?, ?, ?, ?, ?) 
    returning id
Post(id=222, title=Title...222, content=Content...222, writer=user2)
2024-11-10T22:54:15.390+09:00 DEBUG 4081 --- [TimoProject] [    Test worker] org.hibernate.SQL                        : 
    insert 
    into
        post
        (content, moddate, regdate, title, writer) 
    values
        (?, ?, ?, ?, ?) 
    returning id
Hibernate: 
    insert 
    into
        post
        (content, moddate, regdate, title, writer) 
    values
        (?, ?, ?, ?, ?) 
    returning id
Post(id=223, title=Title...223, content=Content...223, writer=user3)
2024-11-10T22:54:15.393+09:00 DEBUG 4081 --- [TimoProject] [    Test worker] org.hibernate.SQL                        : 
    insert 
    into
        post
        (content, moddate, regdate, title, writer) 
    values
        (?, ?, ?, ?, ?) 
    returning id
Hibernate: 
    insert 
    into
        post
        (content, moddate, regdate, title, writer) 
    values
        (?, ?, ?, ?, ?) 
    returning id
Post(id=224, title=Title...224, content=Content...224, writer=user4)
2024-11-10T22:54:15.397+09:00 DEBUG 4081 --- [TimoProject] [    Test worker] org.hibernate.SQL                        : 
    insert 
    into
        post
        (content, moddate, regdate, title, writer) 
    values
        (?, ?, ?, ?, ?) 
    returning id
Hibernate: 
    insert 
    into
        post
        (content, moddate, regdate, title, writer) 
    values
        (?, ?, ?, ?, ?) 
    returning id
Post(id=225, title=Title...225, content=Content...225, writer=user5)
2024-11-10T22:54:15.401+09:00 DEBUG 4081 --- [TimoProject] [    Test worker] org.hibernate.SQL                        : 
    insert 
    into
        post
        (content, moddate, regdate, title, writer) 
    values
        (?, ?, ?, ?, ?) 
    returning id
Hibernate: 
    insert 
    into
        post
        (content, moddate, regdate, title, writer) 
    values
        (?, ?, ?, ?, ?) 
    returning id
Post(id=226, title=Title...226, content=Content...226, writer=user6)
2024-11-10T22:54:15.405+09:00 DEBUG 4081 --- [TimoProject] [    Test worker] org.hibernate.SQL                        : 
    insert 
    into
        post
        (content, moddate, regdate, title, writer) 
    values
        (?, ?, ?, ?, ?) 
    returning id
Hibernate: 
    insert 
    into
        post
        (content, moddate, regdate, title, writer) 
    values
        (?, ?, ?, ?, ?) 
    returning id
Post(id=227, title=Title...227, content=Content...227, writer=user7)
2024-11-10T22:54:15.409+09:00 DEBUG 4081 --- [TimoProject] [    Test worker] org.hibernate.SQL                        : 
    insert 
    into
        post
        (content, moddate, regdate, title, writer) 
    values
        (?, ?, ?, ?, ?) 
    returning id
Hibernate: 
    insert 
    into
        post
        (content, moddate, regdate, title, writer) 
    values
        (?, ?, ?, ?, ?) 
    returning id
Post(id=228, title=Title...228, content=Content...228, writer=user8)
2024-11-10T22:54:15.414+09:00 DEBUG 4081 --- [TimoProject] [    Test worker] org.hibernate.SQL                        : 
    insert 
    into
        post
        (content, moddate, regdate, title, writer) 
    values
        (?, ?, ?, ?, ?) 
    returning id
Hibernate: 
    insert 
    into
        post
        (content, moddate, regdate, title, writer) 
    values
        (?, ?, ?, ?, ?) 
    returning id
Post(id=229, title=Title...229, content=Content...229, writer=user9)
2024-11-10T22:54:15.418+09:00 DEBUG 4081 --- [TimoProject] [    Test worker] org.hibernate.SQL                        : 
    insert 
    into
        post
        (content, moddate, regdate, title, writer) 
    values
        (?, ?, ?, ?, ?) 
    returning id
Hibernate: 
    insert 
    into
        post
        (content, moddate, regdate, title, writer) 
    values
        (?, ?, ?, ?, ?) 
    returning id
Post(id=230, title=Title...230, content=Content...230, writer=user0)
2024-11-10T22:54:15.422+09:00 DEBUG 4081 --- [TimoProject] [    Test worker] org.hibernate.SQL                        : 
    insert 
    into
        post
        (content, moddate, regdate, title, writer) 
    values
        (?, ?, ?, ?, ?) 
    returning id
Hibernate: 
    insert 
    into
        post
        (content, moddate, regdate, title, writer) 
    values
        (?, ?, ?, ?, ?) 
    returning id
Post(id=231, title=Title...231, content=Content...231, writer=user1)
2024-11-10T22:54:15.427+09:00 DEBUG 4081 --- [TimoProject] [    Test worker] org.hibernate.SQL                        : 
    insert 
    into
        post
        (content, moddate, regdate, title, writer) 
    values
        (?, ?, ?, ?, ?) 
    returning id
Hibernate: 
    insert 
    into
        post
        (content, moddate, regdate, title, writer) 
    values
        (?, ?, ?, ?, ?) 
    returning id
Post(id=232, title=Title...232, content=Content...232, writer=user2)
2024-11-10T22:54:15.431+09:00 DEBUG 4081 --- [TimoProject] [    Test worker] org.hibernate.SQL                        : 
    insert 
    into
        post
        (content, moddate, regdate, title, writer) 
    values
        (?, ?, ?, ?, ?) 
    returning id
Hibernate: 
    insert 
    into
        post
        (content, moddate, regdate, title, writer) 
    values
        (?, ?, ?, ?, ?) 
    returning id
Post(id=233, title=Title...233, content=Content...233, writer=user3)
2024-11-10T22:54:15.435+09:00 DEBUG 4081 --- [TimoProject] [    Test worker] org.hibernate.SQL                        : 
    insert 
    into
        post
        (content, moddate, regdate, title, writer) 
    values
        (?, ?, ?, ?, ?) 
    returning id
Hibernate: 
    insert 
    into
        post
        (content, moddate, regdate, title, writer) 
    values
        (?, ?, ?, ?, ?) 
    returning id
Post(id=234, title=Title...234, content=Content...234, writer=user4)
2024-11-10T22:54:15.438+09:00 DEBUG 4081 --- [TimoProject] [    Test worker] org.hibernate.SQL                        : 
    insert 
    into
        post
        (content, moddate, regdate, title, writer) 
    values
        (?, ?, ?, ?, ?) 
    returning id
Hibernate: 
    insert 
    into
        post
        (content, moddate, regdate, title, writer) 
    values
        (?, ?, ?, ?, ?) 
    returning id
Post(id=235, title=Title...235, content=Content...235, writer=user5)
2024-11-10T22:54:15.442+09:00 DEBUG 4081 --- [TimoProject] [    Test worker] org.hibernate.SQL                        : 
    insert 
    into
        post
        (content, moddate, regdate, title, writer) 
    values
        (?, ?, ?, ?, ?) 
    returning id
Hibernate: 
    insert 
    into
        post
        (content, moddate, regdate, title, writer) 
    values
        (?, ?, ?, ?, ?) 
    returning id
Post(id=236, title=Title...236, content=Content...236, writer=user6)
2024-11-10T22:54:15.445+09:00 DEBUG 4081 --- [TimoProject] [    Test worker] org.hibernate.SQL                        : 
    insert 
    into
        post
        (content, moddate, regdate, title, writer) 
    values
        (?, ?, ?, ?, ?) 
    returning id
Hibernate: 
    insert 
    into
        post
        (content, moddate, regdate, title, writer) 
    values
        (?, ?, ?, ?, ?) 
    returning id
Post(id=237, title=Title...237, content=Content...237, writer=user7)
2024-11-10T22:54:15.450+09:00 DEBUG 4081 --- [TimoProject] [    Test worker] org.hibernate.SQL                        : 
    insert 
    into
        post
        (content, moddate, regdate, title, writer) 
    values
        (?, ?, ?, ?, ?) 
    returning id
Hibernate: 
    insert 
    into
        post
        (content, moddate, regdate, title, writer) 
    values
        (?, ?, ?, ?, ?) 
    returning id
Post(id=238, title=Title...238, content=Content...238, writer=user8)
2024-11-10T22:54:15.453+09:00 DEBUG 4081 --- [TimoProject] [    Test worker] org.hibernate.SQL                        : 
    insert 
    into
        post
        (content, moddate, regdate, title, writer) 
    values
        (?, ?, ?, ?, ?) 
    returning id
Hibernate: 
    insert 
    into
        post
        (content, moddate, regdate, title, writer) 
    values
        (?, ?, ?, ?, ?) 
    returning id
Post(id=239, title=Title...239, content=Content...239, writer=user9)
2024-11-10T22:54:15.458+09:00 DEBUG 4081 --- [TimoProject] [    Test worker] org.hibernate.SQL                        : 
    insert 
    into
        post
        (content, moddate, regdate, title, writer) 
    values
        (?, ?, ?, ?, ?) 
    returning id
Hibernate: 
    insert 
    into
        post
        (content, moddate, regdate, title, writer) 
    values
        (?, ?, ?, ?, ?) 
    returning id
Post(id=240, title=Title...240, content=Content...240, writer=user0)
2024-11-10T22:54:15.461+09:00 DEBUG 4081 --- [TimoProject] [    Test worker] org.hibernate.SQL                        : 
    insert 
    into
        post
        (content, moddate, regdate, title, writer) 
    values
        (?, ?, ?, ?, ?) 
    returning id
Hibernate: 
    insert 
    into
        post
        (content, moddate, regdate, title, writer) 
    values
        (?, ?, ?, ?, ?) 
    returning id
Post(id=241, title=Title...241, content=Content...241, writer=user1)
2024-11-10T22:54:15.466+09:00 DEBUG 4081 --- [TimoProject] [    Test worker] org.hibernate.SQL                        : 
    insert 
    into
        post
        (content, moddate, regdate, title, writer) 
    values
        (?, ?, ?, ?, ?) 
    returning id
Hibernate: 
    insert 
    into
        post
        (content, moddate, regdate, title, writer) 
    values
        (?, ?, ?, ?, ?) 
    returning id
Post(id=242, title=Title...242, content=Content...242, writer=user2)
2024-11-10T22:54:15.469+09:00 DEBUG 4081 --- [TimoProject] [    Test worker] org.hibernate.SQL                        : 
    insert 
    into
        post
        (content, moddate, regdate, title, writer) 
    values
        (?, ?, ?, ?, ?) 
    returning id
Hibernate: 
    insert 
    into
        post
        (content, moddate, regdate, title, writer) 
    values
        (?, ?, ?, ?, ?) 
    returning id
Post(id=243, title=Title...243, content=Content...243, writer=user3)
2024-11-10T22:54:15.474+09:00 DEBUG 4081 --- [TimoProject] [    Test worker] org.hibernate.SQL                        : 
    insert 
    into
        post
        (content, moddate, regdate, title, writer) 
    values
        (?, ?, ?, ?, ?) 
    returning id
Hibernate: 
    insert 
    into
        post
        (content, moddate, regdate, title, writer) 
    values
        (?, ?, ?, ?, ?) 
    returning id
Post(id=244, title=Title...244, content=Content...244, writer=user4)
2024-11-10T22:54:15.477+09:00 DEBUG 4081 --- [TimoProject] [    Test worker] org.hibernate.SQL                        : 
    insert 
    into
        post
        (content, moddate, regdate, title, writer) 
    values
        (?, ?, ?, ?, ?) 
    returning id
Hibernate: 
    insert 
    into
        post
        (content, moddate, regdate, title, writer) 
    values
        (?, ?, ?, ?, ?) 
    returning id
Post(id=245, title=Title...245, content=Content...245, writer=user5)
2024-11-10T22:54:15.481+09:00 DEBUG 4081 --- [TimoProject] [    Test worker] org.hibernate.SQL                        : 
    insert 
    into
        post
        (content, moddate, regdate, title, writer) 
    values
        (?, ?, ?, ?, ?) 
    returning id
Hibernate: 
    insert 
    into
        post
        (content, moddate, regdate, title, writer) 
    values
        (?, ?, ?, ?, ?) 
    returning id
Post(id=246, title=Title...246, content=Content...246, writer=user6)
2024-11-10T22:54:15.485+09:00 DEBUG 4081 --- [TimoProject] [    Test worker] org.hibernate.SQL                        : 
    insert 
    into
        post
        (content, moddate, regdate, title, writer) 
    values
        (?, ?, ?, ?, ?) 
    returning id
Hibernate: 
    insert 
    into
        post
        (content, moddate, regdate, title, writer) 
    values
        (?, ?, ?, ?, ?) 
    returning id
Post(id=247, title=Title...247, content=Content...247, writer=user7)
2024-11-10T22:54:15.490+09:00 DEBUG 4081 --- [TimoProject] [    Test worker] org.hibernate.SQL                        : 
    insert 
    into
        post
        (content, moddate, regdate, title, writer) 
    values
        (?, ?, ?, ?, ?) 
    returning id
Hibernate: 
    insert 
    into
        post
        (content, moddate, regdate, title, writer) 
    values
        (?, ?, ?, ?, ?) 
    returning id
Post(id=248, title=Title...248, content=Content...248, writer=user8)
2024-11-10T22:54:15.494+09:00 DEBUG 4081 --- [TimoProject] [    Test worker] org.hibernate.SQL                        : 
    insert 
    into
        post
        (content, moddate, regdate, title, writer) 
    values
        (?, ?, ?, ?, ?) 
    returning id
Hibernate: 
    insert 
    into
        post
        (content, moddate, regdate, title, writer) 
    values
        (?, ?, ?, ?, ?) 
    returning id
Post(id=249, title=Title...249, content=Content...249, writer=user9)
2024-11-10T22:54:15.498+09:00 DEBUG 4081 --- [TimoProject] [    Test worker] org.hibernate.SQL                        : 
    insert 
    into
        post
        (content, moddate, regdate, title, writer) 
    values
        (?, ?, ?, ?, ?) 
    returning id
Hibernate: 
    insert 
    into
        post
        (content, moddate, regdate, title, writer) 
    values
        (?, ?, ?, ?, ?) 
    returning id
Post(id=250, title=Title...250, content=Content...250, writer=user0)
2024-11-10T22:54:15.502+09:00 DEBUG 4081 --- [TimoProject] [    Test worker] org.hibernate.SQL                        : 
    insert 
    into
        post
        (content, moddate, regdate, title, writer) 
    values
        (?, ?, ?, ?, ?) 
    returning id
Hibernate: 
    insert 
    into
        post
        (content, moddate, regdate, title, writer) 
    values
        (?, ?, ?, ?, ?) 
    returning id
Post(id=251, title=Title...251, content=Content...251, writer=user1)
2024-11-10T22:54:15.506+09:00 DEBUG 4081 --- [TimoProject] [    Test worker] org.hibernate.SQL                        : 
    insert 
    into
        post
        (content, moddate, regdate, title, writer) 
    values
        (?, ?, ?, ?, ?) 
    returning id
Hibernate: 
    insert 
    into
        post
        (content, moddate, regdate, title, writer) 
    values
        (?, ?, ?, ?, ?) 
    returning id
Post(id=252, title=Title...252, content=Content...252, writer=user2)
2024-11-10T22:54:15.511+09:00 DEBUG 4081 --- [TimoProject] [    Test worker] org.hibernate.SQL                        : 
    insert 
    into
        post
        (content, moddate, regdate, title, writer) 
    values
        (?, ?, ?, ?, ?) 
    returning id
Hibernate: 
    insert 
    into
        post
        (content, moddate, regdate, title, writer) 
    values
        (?, ?, ?, ?, ?) 
    returning id
Post(id=253, title=Title...253, content=Content...253, writer=user3)
2024-11-10T22:54:15.514+09:00 DEBUG 4081 --- [TimoProject] [    Test worker] org.hibernate.SQL                        : 
    insert 
    into
        post
        (content, moddate, regdate, title, writer) 
    values
        (?, ?, ?, ?, ?) 
    returning id
Hibernate: 
    insert 
    into
        post
        (content, moddate, regdate, title, writer) 
    values
        (?, ?, ?, ?, ?) 
    returning id
Post(id=254, title=Title...254, content=Content...254, writer=user4)
2024-11-10T22:54:15.518+09:00 DEBUG 4081 --- [TimoProject] [    Test worker] org.hibernate.SQL                        : 
    insert 
    into
        post
        (content, moddate, regdate, title, writer) 
    values
        (?, ?, ?, ?, ?) 
    returning id
Hibernate: 
    insert 
    into
        post
        (content, moddate, regdate, title, writer) 
    values
        (?, ?, ?, ?, ?) 
    returning id
Post(id=255, title=Title...255, content=Content...255, writer=user5)
2024-11-10T22:54:15.522+09:00 DEBUG 4081 --- [TimoProject] [    Test worker] org.hibernate.SQL                        : 
    insert 
    into
        post
        (content, moddate, regdate, title, writer) 
    values
        (?, ?, ?, ?, ?) 
    returning id
Hibernate: 
    insert 
    into
        post
        (content, moddate, regdate, title, writer) 
    values
        (?, ?, ?, ?, ?) 
    returning id
Post(id=256, title=Title...256, content=Content...256, writer=user6)
2024-11-10T22:54:15.526+09:00 DEBUG 4081 --- [TimoProject] [    Test worker] org.hibernate.SQL                        : 
    insert 
    into
        post
        (content, moddate, regdate, title, writer) 
    values
        (?, ?, ?, ?, ?) 
    returning id
Hibernate: 
    insert 
    into
        post
        (content, moddate, regdate, title, writer) 
    values
        (?, ?, ?, ?, ?) 
    returning id
Post(id=257, title=Title...257, content=Content...257, writer=user7)
2024-11-10T22:54:15.529+09:00 DEBUG 4081 --- [TimoProject] [    Test worker] org.hibernate.SQL                        : 
    insert 
    into
        post
        (content, moddate, regdate, title, writer) 
    values
        (?, ?, ?, ?, ?) 
    returning id
Hibernate: 
    insert 
    into
        post
        (content, moddate, regdate, title, writer) 
    values
        (?, ?, ?, ?, ?) 
    returning id
Post(id=258, title=Title...258, content=Content...258, writer=user8)
2024-11-10T22:54:15.532+09:00 DEBUG 4081 --- [TimoProject] [    Test worker] org.hibernate.SQL                        : 
    insert 
    into
        post
        (content, moddate, regdate, title, writer) 
    values
        (?, ?, ?, ?, ?) 
    returning id
Hibernate: 
    insert 
    into
        post
        (content, moddate, regdate, title, writer) 
    values
        (?, ?, ?, ?, ?) 
    returning id
Post(id=259, title=Title...259, content=Content...259, writer=user9)
2024-11-10T22:54:15.534+09:00 DEBUG 4081 --- [TimoProject] [    Test worker] org.hibernate.SQL                        : 
    insert 
    into
        post
        (content, moddate, regdate, title, writer) 
    values
        (?, ?, ?, ?, ?) 
    returning id
Hibernate: 
    insert 
    into
        post
        (content, moddate, regdate, title, writer) 
    values
        (?, ?, ?, ?, ?) 
    returning id
Post(id=260, title=Title...260, content=Content...260, writer=user0)
2024-11-10T22:54:15.537+09:00 DEBUG 4081 --- [TimoProject] [    Test worker] org.hibernate.SQL                        : 
    insert 
    into
        post
        (content, moddate, regdate, title, writer) 
    values
        (?, ?, ?, ?, ?) 
    returning id
Hibernate: 
    insert 
    into
        post
        (content, moddate, regdate, title, writer) 
    values
        (?, ?, ?, ?, ?) 
    returning id
Post(id=261, title=Title...261, content=Content...261, writer=user1)
2024-11-10T22:54:15.539+09:00 DEBUG 4081 --- [TimoProject] [    Test worker] org.hibernate.SQL                        : 
    insert 
    into
        post
        (content, moddate, regdate, title, writer) 
    values
        (?, ?, ?, ?, ?) 
    returning id
Hibernate: 
    insert 
    into
        post
        (content, moddate, regdate, title, writer) 
    values
        (?, ?, ?, ?, ?) 
    returning id
Post(id=262, title=Title...262, content=Content...262, writer=user2)
2024-11-10T22:54:15.541+09:00 DEBUG 4081 --- [TimoProject] [    Test worker] org.hibernate.SQL                        : 
    insert 
    into
        post
        (content, moddate, regdate, title, writer) 
    values
        (?, ?, ?, ?, ?) 
    returning id
Hibernate: 
    insert 
    into
        post
        (content, moddate, regdate, title, writer) 
    values
        (?, ?, ?, ?, ?) 
    returning id
Post(id=263, title=Title...263, content=Content...263, writer=user3)
2024-11-10T22:54:15.544+09:00 DEBUG 4081 --- [TimoProject] [    Test worker] org.hibernate.SQL                        : 
    insert 
    into
        post
        (content, moddate, regdate, title, writer) 
    values
        (?, ?, ?, ?, ?) 
    returning id
Hibernate: 
    insert 
    into
        post
        (content, moddate, regdate, title, writer) 
    values
        (?, ?, ?, ?, ?) 
    returning id
Post(id=264, title=Title...264, content=Content...264, writer=user4)
2024-11-10T22:54:15.547+09:00 DEBUG 4081 --- [TimoProject] [    Test worker] org.hibernate.SQL                        : 
    insert 
    into
        post
        (content, moddate, regdate, title, writer) 
    values
        (?, ?, ?, ?, ?) 
    returning id
Hibernate: 
    insert 
    into
        post
        (content, moddate, regdate, title, writer) 
    values
        (?, ?, ?, ?, ?) 
    returning id
Post(id=265, title=Title...265, content=Content...265, writer=user5)
2024-11-10T22:54:15.549+09:00 DEBUG 4081 --- [TimoProject] [    Test worker] org.hibernate.SQL                        : 
    insert 
    into
        post
        (content, moddate, regdate, title, writer) 
    values
        (?, ?, ?, ?, ?) 
    returning id
Hibernate: 
    insert 
    into
        post
        (content, moddate, regdate, title, writer) 
    values
        (?, ?, ?, ?, ?) 
    returning id
Post(id=266, title=Title...266, content=Content...266, writer=user6)
2024-11-10T22:54:15.552+09:00 DEBUG 4081 --- [TimoProject] [    Test worker] org.hibernate.SQL                        : 
    insert 
    into
        post
        (content, moddate, regdate, title, writer) 
    values
        (?, ?, ?, ?, ?) 
    returning id
Hibernate: 
    insert 
    into
        post
        (content, moddate, regdate, title, writer) 
    values
        (?, ?, ?, ?, ?) 
    returning id
Post(id=267, title=Title...267, content=Content...267, writer=user7)
2024-11-10T22:54:15.555+09:00 DEBUG 4081 --- [TimoProject] [    Test worker] org.hibernate.SQL                        : 
    insert 
    into
        post
        (content, moddate, regdate, title, writer) 
    values
        (?, ?, ?, ?, ?) 
    returning id
Hibernate: 
    insert 
    into
        post
        (content, moddate, regdate, title, writer) 
    values
        (?, ?, ?, ?, ?) 
    returning id
Post(id=268, title=Title...268, content=Content...268, writer=user8)
2024-11-10T22:54:15.558+09:00 DEBUG 4081 --- [TimoProject] [    Test worker] org.hibernate.SQL                        : 
    insert 
    into
        post
        (content, moddate, regdate, title, writer) 
    values
        (?, ?, ?, ?, ?) 
    returning id
Hibernate: 
    insert 
    into
        post
        (content, moddate, regdate, title, writer) 
    values
        (?, ?, ?, ?, ?) 
    returning id
Post(id=269, title=Title...269, content=Content...269, writer=user9)
2024-11-10T22:54:15.560+09:00 DEBUG 4081 --- [TimoProject] [    Test worker] org.hibernate.SQL                        : 
    insert 
    into
        post
        (content, moddate, regdate, title, writer) 
    values
        (?, ?, ?, ?, ?) 
    returning id
Hibernate: 
    insert 
    into
        post
        (content, moddate, regdate, title, writer) 
    values
        (?, ?, ?, ?, ?) 
    returning id
Post(id=270, title=Title...270, content=Content...270, writer=user0)
2024-11-10T22:54:15.563+09:00 DEBUG 4081 --- [TimoProject] [    Test worker] org.hibernate.SQL                        : 
    insert 
    into
        post
        (content, moddate, regdate, title, writer) 
    values
        (?, ?, ?, ?, ?) 
    returning id
Hibernate: 
    insert 
    into
        post
        (content, moddate, regdate, title, writer) 
    values
        (?, ?, ?, ?, ?) 
    returning id
Post(id=271, title=Title...271, content=Content...271, writer=user1)
2024-11-10T22:54:15.565+09:00 DEBUG 4081 --- [TimoProject] [    Test worker] org.hibernate.SQL                        : 
    insert 
    into
        post
        (content, moddate, regdate, title, writer) 
    values
        (?, ?, ?, ?, ?) 
    returning id
Hibernate: 
    insert 
    into
        post
        (content, moddate, regdate, title, writer) 
    values
        (?, ?, ?, ?, ?) 
    returning id
Post(id=272, title=Title...272, content=Content...272, writer=user2)
2024-11-10T22:54:15.567+09:00 DEBUG 4081 --- [TimoProject] [    Test worker] org.hibernate.SQL                        : 
    insert 
    into
        post
        (content, moddate, regdate, title, writer) 
    values
        (?, ?, ?, ?, ?) 
    returning id
Hibernate: 
    insert 
    into
        post
        (content, moddate, regdate, title, writer) 
    values
        (?, ?, ?, ?, ?) 
    returning id
Post(id=273, title=Title...273, content=Content...273, writer=user3)
2024-11-10T22:54:15.570+09:00 DEBUG 4081 --- [TimoProject] [    Test worker] org.hibernate.SQL                        : 
    insert 
    into
        post
        (content, moddate, regdate, title, writer) 
    values
        (?, ?, ?, ?, ?) 
    returning id
Hibernate: 
    insert 
    into
        post
        (content, moddate, regdate, title, writer) 
    values
        (?, ?, ?, ?, ?) 
    returning id
Post(id=274, title=Title...274, content=Content...274, writer=user4)
2024-11-10T22:54:15.574+09:00 DEBUG 4081 --- [TimoProject] [    Test worker] org.hibernate.SQL                        : 
    insert 
    into
        post
        (content, moddate, regdate, title, writer) 
    values
        (?, ?, ?, ?, ?) 
    returning id
Hibernate: 
    insert 
    into
        post
        (content, moddate, regdate, title, writer) 
    values
        (?, ?, ?, ?, ?) 
    returning id
Post(id=275, title=Title...275, content=Content...275, writer=user5)
2024-11-10T22:54:15.578+09:00 DEBUG 4081 --- [TimoProject] [    Test worker] org.hibernate.SQL                        : 
    insert 
    into
        post
        (content, moddate, regdate, title, writer) 
    values
        (?, ?, ?, ?, ?) 
    returning id
Hibernate: 
    insert 
    into
        post
        (content, moddate, regdate, title, writer) 
    values
        (?, ?, ?, ?, ?) 
    returning id
Post(id=276, title=Title...276, content=Content...276, writer=user6)
2024-11-10T22:54:15.582+09:00 DEBUG 4081 --- [TimoProject] [    Test worker] org.hibernate.SQL                        : 
    insert 
    into
        post
        (content, moddate, regdate, title, writer) 
    values
        (?, ?, ?, ?, ?) 
    returning id
Hibernate: 
    insert 
    into
        post
        (content, moddate, regdate, title, writer) 
    values
        (?, ?, ?, ?, ?) 
    returning id
Post(id=277, title=Title...277, content=Content...277, writer=user7)
2024-11-10T22:54:15.586+09:00 DEBUG 4081 --- [TimoProject] [    Test worker] org.hibernate.SQL                        : 
    insert 
    into
        post
        (content, moddate, regdate, title, writer) 
    values
        (?, ?, ?, ?, ?) 
    returning id
Hibernate: 
    insert 
    into
        post
        (content, moddate, regdate, title, writer) 
    values
        (?, ?, ?, ?, ?) 
    returning id
Post(id=278, title=Title...278, content=Content...278, writer=user8)
2024-11-10T22:54:15.590+09:00 DEBUG 4081 --- [TimoProject] [    Test worker] org.hibernate.SQL                        : 
    insert 
    into
        post
        (content, moddate, regdate, title, writer) 
    values
        (?, ?, ?, ?, ?) 
    returning id
Hibernate: 
    insert 
    into
        post
        (content, moddate, regdate, title, writer) 
    values
        (?, ?, ?, ?, ?) 
    returning id
Post(id=279, title=Title...279, content=Content...279, writer=user9)
2024-11-10T22:54:15.594+09:00 DEBUG 4081 --- [TimoProject] [    Test worker] org.hibernate.SQL                        : 
    insert 
    into
        post
        (content, moddate, regdate, title, writer) 
    values
        (?, ?, ?, ?, ?) 
    returning id
Hibernate: 
    insert 
    into
        post
        (content, moddate, regdate, title, writer) 
    values
        (?, ?, ?, ?, ?) 
    returning id
Post(id=280, title=Title...280, content=Content...280, writer=user0)
2024-11-10T22:54:15.597+09:00 DEBUG 4081 --- [TimoProject] [    Test worker] org.hibernate.SQL                        : 
    insert 
    into
        post
        (content, moddate, regdate, title, writer) 
    values
        (?, ?, ?, ?, ?) 
    returning id
Hibernate: 
    insert 
    into
        post
        (content, moddate, regdate, title, writer) 
    values
        (?, ?, ?, ?, ?) 
    returning id
Post(id=281, title=Title...281, content=Content...281, writer=user1)
2024-11-10T22:54:15.600+09:00 DEBUG 4081 --- [TimoProject] [    Test worker] org.hibernate.SQL                        : 
    insert 
    into
        post
        (content, moddate, regdate, title, writer) 
    values
        (?, ?, ?, ?, ?) 
    returning id
Hibernate: 
    insert 
    into
        post
        (content, moddate, regdate, title, writer) 
    values
        (?, ?, ?, ?, ?) 
    returning id
Post(id=282, title=Title...282, content=Content...282, writer=user2)
2024-11-10T22:54:15.604+09:00 DEBUG 4081 --- [TimoProject] [    Test worker] org.hibernate.SQL                        : 
    insert 
    into
        post
        (content, moddate, regdate, title, writer) 
    values
        (?, ?, ?, ?, ?) 
    returning id
Hibernate: 
    insert 
    into
        post
        (content, moddate, regdate, title, writer) 
    values
        (?, ?, ?, ?, ?) 
    returning id
Post(id=283, title=Title...283, content=Content...283, writer=user3)
2024-11-10T22:54:15.608+09:00 DEBUG 4081 --- [TimoProject] [    Test worker] org.hibernate.SQL                        : 
    insert 
    into
        post
        (content, moddate, regdate, title, writer) 
    values
        (?, ?, ?, ?, ?) 
    returning id
Hibernate: 
    insert 
    into
        post
        (content, moddate, regdate, title, writer) 
    values
        (?, ?, ?, ?, ?) 
    returning id
Post(id=284, title=Title...284, content=Content...284, writer=user4)
2024-11-10T22:54:15.611+09:00 DEBUG 4081 --- [TimoProject] [    Test worker] org.hibernate.SQL                        : 
    insert 
    into
        post
        (content, moddate, regdate, title, writer) 
    values
        (?, ?, ?, ?, ?) 
    returning id
Hibernate: 
    insert 
    into
        post
        (content, moddate, regdate, title, writer) 
    values
        (?, ?, ?, ?, ?) 
    returning id
Post(id=285, title=Title...285, content=Content...285, writer=user5)
2024-11-10T22:54:15.614+09:00 DEBUG 4081 --- [TimoProject] [    Test worker] org.hibernate.SQL                        : 
    insert 
    into
        post
        (content, moddate, regdate, title, writer) 
    values
        (?, ?, ?, ?, ?) 
    returning id
Hibernate: 
    insert 
    into
        post
        (content, moddate, regdate, title, writer) 
    values
        (?, ?, ?, ?, ?) 
    returning id
Post(id=286, title=Title...286, content=Content...286, writer=user6)
2024-11-10T22:54:15.618+09:00 DEBUG 4081 --- [TimoProject] [    Test worker] org.hibernate.SQL                        : 
    insert 
    into
        post
        (content, moddate, regdate, title, writer) 
    values
        (?, ?, ?, ?, ?) 
    returning id
Hibernate: 
    insert 
    into
        post
        (content, moddate, regdate, title, writer) 
    values
        (?, ?, ?, ?, ?) 
    returning id
Post(id=287, title=Title...287, content=Content...287, writer=user7)
2024-11-10T22:54:15.621+09:00 DEBUG 4081 --- [TimoProject] [    Test worker] org.hibernate.SQL                        : 
    insert 
    into
        post
        (content, moddate, regdate, title, writer) 
    values
        (?, ?, ?, ?, ?) 
    returning id
Hibernate: 
    insert 
    into
        post
        (content, moddate, regdate, title, writer) 
    values
        (?, ?, ?, ?, ?) 
    returning id
Post(id=288, title=Title...288, content=Content...288, writer=user8)
2024-11-10T22:54:15.623+09:00 DEBUG 4081 --- [TimoProject] [    Test worker] org.hibernate.SQL                        : 
    insert 
    into
        post
        (content, moddate, regdate, title, writer) 
    values
        (?, ?, ?, ?, ?) 
    returning id
Hibernate: 
    insert 
    into
        post
        (content, moddate, regdate, title, writer) 
    values
        (?, ?, ?, ?, ?) 
    returning id
Post(id=289, title=Title...289, content=Content...289, writer=user9)
2024-11-10T22:54:15.626+09:00 DEBUG 4081 --- [TimoProject] [    Test worker] org.hibernate.SQL                        : 
    insert 
    into
        post
        (content, moddate, regdate, title, writer) 
    values
        (?, ?, ?, ?, ?) 
    returning id
Hibernate: 
    insert 
    into
        post
        (content, moddate, regdate, title, writer) 
    values
        (?, ?, ?, ?, ?) 
    returning id
Post(id=290, title=Title...290, content=Content...290, writer=user0)
2024-11-10T22:54:15.629+09:00 DEBUG 4081 --- [TimoProject] [    Test worker] org.hibernate.SQL                        : 
    insert 
    into
        post
        (content, moddate, regdate, title, writer) 
    values
        (?, ?, ?, ?, ?) 
    returning id
Hibernate: 
    insert 
    into
        post
        (content, moddate, regdate, title, writer) 
    values
        (?, ?, ?, ?, ?) 
    returning id
Post(id=291, title=Title...291, content=Content...291, writer=user1)
2024-11-10T22:54:15.631+09:00 DEBUG 4081 --- [TimoProject] [    Test worker] org.hibernate.SQL                        : 
    insert 
    into
        post
        (content, moddate, regdate, title, writer) 
    values
        (?, ?, ?, ?, ?) 
    returning id
Hibernate: 
    insert 
    into
        post
        (content, moddate, regdate, title, writer) 
    values
        (?, ?, ?, ?, ?) 
    returning id
Post(id=292, title=Title...292, content=Content...292, writer=user2)
2024-11-10T22:54:15.634+09:00 DEBUG 4081 --- [TimoProject] [    Test worker] org.hibernate.SQL                        : 
    insert 
    into
        post
        (content, moddate, regdate, title, writer) 
    values
        (?, ?, ?, ?, ?) 
    returning id
Hibernate: 
    insert 
    into
        post
        (content, moddate, regdate, title, writer) 
    values
        (?, ?, ?, ?, ?) 
    returning id
Post(id=293, title=Title...293, content=Content...293, writer=user3)
2024-11-10T22:54:15.637+09:00 DEBUG 4081 --- [TimoProject] [    Test worker] org.hibernate.SQL                        : 
    insert 
    into
        post
        (content, moddate, regdate, title, writer) 
    values
        (?, ?, ?, ?, ?) 
    returning id
Hibernate: 
    insert 
    into
        post
        (content, moddate, regdate, title, writer) 
    values
        (?, ?, ?, ?, ?) 
    returning id
Post(id=294, title=Title...294, content=Content...294, writer=user4)
2024-11-10T22:54:15.640+09:00 DEBUG 4081 --- [TimoProject] [    Test worker] org.hibernate.SQL                        : 
    insert 
    into
        post
        (content, moddate, regdate, title, writer) 
    values
        (?, ?, ?, ?, ?) 
    returning id
Hibernate: 
    insert 
    into
        post
        (content, moddate, regdate, title, writer) 
    values
        (?, ?, ?, ?, ?) 
    returning id
Post(id=295, title=Title...295, content=Content...295, writer=user5)
2024-11-10T22:54:15.643+09:00 DEBUG 4081 --- [TimoProject] [    Test worker] org.hibernate.SQL                        : 
    insert 
    into
        post
        (content, moddate, regdate, title, writer) 
    values
        (?, ?, ?, ?, ?) 
    returning id
Hibernate: 
    insert 
    into
        post
        (content, moddate, regdate, title, writer) 
    values
        (?, ?, ?, ?, ?) 
    returning id
Post(id=296, title=Title...296, content=Content...296, writer=user6)
2024-11-10T22:54:15.645+09:00 DEBUG 4081 --- [TimoProject] [    Test worker] org.hibernate.SQL                        : 
    insert 
    into
        post
        (content, moddate, regdate, title, writer) 
    values
        (?, ?, ?, ?, ?) 
    returning id
Hibernate: 
    insert 
    into
        post
        (content, moddate, regdate, title, writer) 
    values
        (?, ?, ?, ?, ?) 
    returning id
Post(id=297, title=Title...297, content=Content...297, writer=user7)
2024-11-10T22:54:15.647+09:00 DEBUG 4081 --- [TimoProject] [    Test worker] org.hibernate.SQL                        : 
    insert 
    into
        post
        (content, moddate, regdate, title, writer) 
    values
        (?, ?, ?, ?, ?) 
    returning id
Hibernate: 
    insert 
    into
        post
        (content, moddate, regdate, title, writer) 
    values
        (?, ?, ?, ?, ?) 
    returning id
Post(id=298, title=Title...298, content=Content...298, writer=user8)
2024-11-10T22:54:15.650+09:00 DEBUG 4081 --- [TimoProject] [    Test worker] org.hibernate.SQL                        : 
    insert 
    into
        post
        (content, moddate, regdate, title, writer) 
    values
        (?, ?, ?, ?, ?) 
    returning id
Hibernate: 
    insert 
    into
        post
        (content, moddate, regdate, title, writer) 
    values
        (?, ?, ?, ?, ?) 
    returning id
Post(id=299, title=Title...299, content=Content...299, writer=user9)
2024-11-10T22:54:15.652+09:00 DEBUG 4081 --- [TimoProject] [    Test worker] org.hibernate.SQL                        : 
    insert 
    into
        post
        (content, moddate, regdate, title, writer) 
    values
        (?, ?, ?, ?, ?) 
    returning id
Hibernate: 
    insert 
    into
        post
        (content, moddate, regdate, title, writer) 
    values
        (?, ?, ?, ?, ?) 
    returning id
Post(id=300, title=Title...300, content=Content...300, writer=user0)
]]></system-out>
  <system-err><![CDATA[WARNING: A Java agent has been loaded dynamically (/Users/imsang-u/.gradle/caches/modules-2/files-2.1/net.bytebuddy/byte-buddy-agent/1.14.19/154da3a65b4f4a909d3e5bdec55d1b2b4cbb6ce1/byte-buddy-agent-1.14.19.jar)
WARNING: If a serviceability tool is in use, please run with -XX:+EnableDynamicAgentLoading to hide this warning
WARNING: If a serviceability tool is not in use, please run with -Djdk.instrument.traceUsage for more information
WARNING: Dynamic loading of agents will be disallowed by default in a future release
]]></system-err>
</testsuite>
